0 verbose cli C:\Program Files\nodejs\node.exe C:\Users\roko\AppData\Roaming\npm\node_modules\npm\bin\npm-cli.js
1 info using npm@9.8.1
2 info using node@v18.15.0
3 timing npm:load:whichnode Completed in 3ms
4 timing config:load:defaults Completed in 4ms
5 timing config:load:file:C:\Users\roko\AppData\Roaming\npm\node_modules\npm\npmrc Completed in 1ms
6 timing config:load:builtin Completed in 2ms
7 timing config:load:cli Completed in 2ms
8 timing config:load:env Completed in 0ms
9 timing config:load:file:C:\Users\roko\Desktop\Studio\.npmrc Completed in 1ms
10 timing config:load:project Completed in 2ms
11 timing config:load:file:C:\Users\roko\.npmrc Completed in 0ms
12 timing config:load:user Completed in 1ms
13 timing config:load:file:C:\Users\roko\AppData\Roaming\npm\etc\npmrc Completed in 0ms
14 timing config:load:global Completed in 0ms
15 timing config:load:setEnvs Completed in 1ms
16 timing config:load Completed in 14ms
17 timing npm:load:configload Completed in 14ms
18 timing config:load:flatten Completed in 3ms
19 timing npm:load:mkdirpcache Completed in 0ms
20 timing npm:load:mkdirplogs Completed in 1ms
21 verbose title npm install @sanity/client
22 verbose argv "install" "@sanity/client"
23 timing npm:load:setTitle Completed in 1ms
24 timing npm:load:display Completed in 0ms
25 verbose logfile logs-max:10 dir:C:\Users\roko\Desktop\Studio\npm-cache\_logs\2023-08-28T21_08_22_648Z-
26 verbose logfile C:\Users\roko\Desktop\Studio\npm-cache\_logs\2023-08-28T21_08_22_648Z-debug-0.log
27 timing npm:load:logFile Completed in 12ms
28 timing npm:load:timers Completed in 0ms
29 timing npm:load:configScope Completed in 0ms
30 timing npm:load Completed in 64ms
31 timing config:load:flatten Completed in 0ms
32 timing arborist:ctor Completed in 1ms
33 timing arborist:ctor Completed in 1ms
34 silly logfile start cleaning logs, removing 1 files
35 timing idealTree:init Completed in 17ms
36 timing idealTree:userRequests Completed in 4ms
37 silly idealTree buildDeps
38 silly fetch manifest @sanity/client@*
39 silly logfile done cleaning log files
40 http fetch GET 200 https://registry.npmjs.org/@sanity%2fclient 1662ms (cache revalidated)
41 silly placeDep ROOT @sanity/client@6.4.9 OK for:  want: *
42 silly fetch manifest @sanity/eventsource@^5.0.0
43 silly fetch manifest get-it@^8.4.3
44 silly fetch manifest rxjs@^7.0.0
45 http fetch GET 200 https://registry.npmjs.org/rxjs 256ms (cache revalidated)
46 http fetch GET 200 https://registry.npmjs.org/get-it 708ms (cache revalidated)
47 http fetch GET 200 https://registry.npmjs.org/@sanity%2feventsource 1149ms (cache revalidated)
48 timing idealTree:#root Completed in 2834ms
49 silly placeDep ROOT @sanity/eventsource@5.0.0 OK for: @sanity/client@6.4.9 want: ^5.0.0
50 silly fetch manifest @types/event-source-polyfill@1.0.1
51 silly fetch manifest @types/eventsource@1.1.11
52 silly fetch manifest event-source-polyfill@1.0.31
53 silly fetch manifest eventsource@2.0.2
54 silly placeDep ROOT get-it@8.4.3 OK for: @sanity/client@6.4.9 want: ^8.4.3
55 silly fetch manifest debug@^4.3.4
56 silly fetch manifest decompress-response@^7.0.0
57 silly fetch manifest follow-redirects@^1.15.2
58 silly fetch manifest into-stream@^6.0.0
59 silly fetch manifest is-plain-object@^5.0.0
60 silly fetch manifest is-retry-allowed@^2.2.0
61 silly fetch manifest is-stream@^2.0.1
62 silly fetch manifest parse-headers@^2.0.5
63 silly fetch manifest progress-stream@^2.0.0
64 silly fetch manifest tunnel-agent@^0.6.0
65 silly placeDep ROOT rxjs@7.8.1 OK for: @sanity/client@6.4.9 want: ^7.0.0
66 silly fetch manifest tslib@^2.1.0
67 http fetch GET 200 https://registry.npmjs.org/decompress-response 79ms (cache revalidated)
68 http fetch GET 200 https://registry.npmjs.org/into-stream 121ms (cache revalidated)
69 http fetch GET 200 https://registry.npmjs.org/is-plain-object 135ms (cache revalidated)
70 http fetch GET 200 https://registry.npmjs.org/follow-redirects 147ms (cache revalidated)
71 http fetch GET 200 https://registry.npmjs.org/is-stream 161ms (cache revalidated)
72 http fetch GET 200 https://registry.npmjs.org/is-retry-allowed 163ms (cache revalidated)
73 http fetch GET 200 https://registry.npmjs.org/tunnel-agent 161ms (cache revalidated)
74 http fetch GET 200 https://registry.npmjs.org/tslib 169ms (cache revalidated)
75 http fetch GET 200 https://registry.npmjs.org/debug 182ms (cache revalidated)
76 http fetch GET 200 https://registry.npmjs.org/progress-stream 796ms (cache revalidated)
77 http fetch GET 200 https://registry.npmjs.org/event-source-polyfill 860ms (cache revalidated)
78 http fetch GET 200 https://registry.npmjs.org/eventsource 872ms (cache revalidated)
79 http fetch GET 200 https://registry.npmjs.org/parse-headers 881ms (cache revalidated)
80 http fetch GET 200 https://registry.npmjs.org/@types%2fevent-source-polyfill 1425ms (cache revalidated)
81 http fetch GET 200 https://registry.npmjs.org/@types%2feventsource 1613ms (cache revalidated)
82 timing idealTree:node_modules/@sanity/client Completed in 1620ms
83 silly placeDep ROOT @types/event-source-polyfill@1.0.1 OK for: @sanity/eventsource@5.0.0 want: 1.0.1
84 silly placeDep ROOT @types/eventsource@1.1.11 OK for: @sanity/eventsource@5.0.0 want: 1.1.11
85 silly placeDep ROOT event-source-polyfill@1.0.31 OK for: @sanity/eventsource@5.0.0 want: 1.0.31
86 silly placeDep ROOT eventsource@2.0.2 OK for: @sanity/eventsource@5.0.0 want: 2.0.2
87 timing idealTree:node_modules/@sanity/eventsource Completed in 6ms
88 timing idealTree:node_modules/@types/event-source-polyfill Completed in 0ms
89 timing idealTree:node_modules/@types/eventsource Completed in 0ms
90 timing idealTree:node_modules/event-source-polyfill Completed in 0ms
91 timing idealTree:node_modules/eventsource Completed in 0ms
92 silly placeDep ROOT debug@4.3.4 OK for: get-it@8.4.3 want: ^4.3.4
93 silly fetch manifest ms@2.1.2
94 silly placeDep ROOT decompress-response@7.0.0 OK for: get-it@8.4.3 want: ^7.0.0
95 silly fetch manifest mimic-response@^3.1.0
96 silly placeDep ROOT follow-redirects@1.15.2 OK for: get-it@8.4.3 want: ^1.15.2
97 silly placeDep ROOT into-stream@6.0.0 OK for: get-it@8.4.3 want: ^6.0.0
98 silly fetch manifest from2@^2.3.0
99 silly fetch manifest p-is-promise@^3.0.0
100 silly placeDep ROOT is-plain-object@5.0.0 OK for: get-it@8.4.3 want: ^5.0.0
101 silly placeDep ROOT is-retry-allowed@2.2.0 OK for: get-it@8.4.3 want: ^2.2.0
102 silly placeDep ROOT is-stream@2.0.1 OK for: get-it@8.4.3 want: ^2.0.1
103 silly placeDep ROOT parse-headers@2.0.5 OK for: get-it@8.4.3 want: ^2.0.5
104 silly placeDep ROOT progress-stream@2.0.0 OK for: get-it@8.4.3 want: ^2.0.0
105 silly fetch manifest speedometer@~1.0.0
106 silly fetch manifest through2@~2.0.3
107 silly placeDep ROOT tunnel-agent@0.6.0 OK for: get-it@8.4.3 want: ^0.6.0
108 silly fetch manifest safe-buffer@^5.0.1
109 http fetch GET 200 https://registry.npmjs.org/mimic-response 95ms (cache revalidated)
110 http fetch GET 200 https://registry.npmjs.org/ms 97ms (cache revalidated)
111 http fetch GET 200 https://registry.npmjs.org/through2 85ms (cache revalidated)
112 http fetch GET 200 https://registry.npmjs.org/p-is-promise 92ms (cache revalidated)
113 http fetch GET 200 https://registry.npmjs.org/from2 95ms (cache revalidated)
114 http fetch GET 200 https://registry.npmjs.org/safe-buffer 90ms (cache revalidated)
115 http fetch GET 200 https://registry.npmjs.org/speedometer 709ms (cache revalidated)
116 timing idealTree:node_modules/get-it Completed in 728ms
117 silly placeDep ROOT ms@2.1.2 OK for: debug@4.3.4 want: 2.1.2
118 timing idealTree:node_modules/debug Completed in 2ms
119 silly placeDep ROOT mimic-response@3.1.0 OK for: decompress-response@7.0.0 want: ^3.1.0
120 timing idealTree:node_modules/decompress-response Completed in 2ms
121 timing idealTree:node_modules/follow-redirects Completed in 0ms
122 silly placeDep ROOT from2@2.3.0 OK for: into-stream@6.0.0 want: ^2.3.0
123 silly fetch manifest inherits@^2.0.1
124 silly fetch manifest readable-stream@^2.0.0
125 silly placeDep ROOT p-is-promise@3.0.0 OK for: into-stream@6.0.0 want: ^3.0.0
126 http fetch GET 200 https://registry.npmjs.org/inherits 58ms (cache revalidated)
127 http fetch GET 200 https://registry.npmjs.org/readable-stream 99ms (cache revalidated)
128 timing idealTree:node_modules/into-stream Completed in 107ms
129 silly placeDep ROOT inherits@2.0.4 OK for: from2@2.3.0 want: ^2.0.1
130 silly placeDep ROOT readable-stream@2.3.8 OK for: from2@2.3.0 want: ^2.0.0
131 silly fetch manifest core-util-is@~1.0.0
132 silly fetch manifest isarray@~1.0.0
133 silly fetch manifest process-nextick-args@~2.0.0
134 silly fetch manifest safe-buffer@~5.1.1
135 silly fetch manifest string_decoder@~1.1.1
136 silly fetch manifest util-deprecate@~1.0.1
137 http fetch GET 200 https://registry.npmjs.org/string_decoder 56ms (cache revalidated)
138 http fetch GET 200 https://registry.npmjs.org/process-nextick-args 59ms (cache revalidated)
139 http fetch GET 200 https://registry.npmjs.org/core-util-is 67ms (cache revalidated)
140 http fetch GET 200 https://registry.npmjs.org/isarray 73ms (cache revalidated)
141 http fetch GET 200 https://registry.npmjs.org/util-deprecate 77ms (cache revalidated)
142 timing idealTree:node_modules/from2 Completed in 84ms
143 timing idealTree:node_modules/inherits Completed in 0ms
144 timing idealTree:node_modules/is-plain-object Completed in 0ms
145 timing idealTree:node_modules/is-retry-allowed Completed in 0ms
146 timing idealTree:node_modules/is-stream Completed in 0ms
147 timing idealTree:node_modules/mimic-response Completed in 0ms
148 timing idealTree:node_modules/ms Completed in 0ms
149 timing idealTree:node_modules/p-is-promise Completed in 0ms
150 timing idealTree:node_modules/parse-headers Completed in 0ms
151 silly placeDep ROOT speedometer@1.0.0 OK for: progress-stream@2.0.0 want: ~1.0.0
152 silly placeDep ROOT through2@2.0.5 OK for: progress-stream@2.0.0 want: ~2.0.3
153 silly fetch manifest xtend@~4.0.1
154 http fetch GET 200 https://registry.npmjs.org/xtend 72ms (cache revalidated)
155 timing idealTree:node_modules/progress-stream Completed in 75ms
156 silly placeDep ROOT core-util-is@1.0.3 OK for: readable-stream@2.3.8 want: ~1.0.0
157 silly placeDep ROOT isarray@1.0.0 OK for: readable-stream@2.3.8 want: ~1.0.0
158 silly placeDep ROOT process-nextick-args@2.0.1 OK for: readable-stream@2.3.8 want: ~2.0.0
159 silly placeDep ROOT safe-buffer@5.1.2 OK for: readable-stream@2.3.8 want: ~5.1.1
160 silly placeDep ROOT string_decoder@1.1.1 OK for: readable-stream@2.3.8 want: ~1.1.1
161 silly placeDep ROOT util-deprecate@1.0.2 OK for: readable-stream@2.3.8 want: ~1.0.1
162 timing idealTree:node_modules/readable-stream Completed in 6ms
163 timing idealTree:node_modules/core-util-is Completed in 0ms
164 timing idealTree:node_modules/isarray Completed in 0ms
165 timing idealTree:node_modules/process-nextick-args Completed in 0ms
166 silly placeDep ROOT tslib@2.6.2 OK for: rxjs@7.8.1 want: ^2.1.0
167 timing idealTree:node_modules/rxjs Completed in 1ms
168 timing idealTree:node_modules/safe-buffer Completed in 0ms
169 timing idealTree:node_modules/speedometer Completed in 0ms
170 timing idealTree:node_modules/string_decoder Completed in 0ms
171 silly placeDep ROOT xtend@4.0.2 OK for: through2@2.0.5 want: ~4.0.1
172 timing idealTree:node_modules/through2 Completed in 1ms
173 timing idealTree:node_modules/tslib Completed in 0ms
174 timing idealTree:node_modules/tunnel-agent Completed in 0ms
175 timing idealTree:node_modules/util-deprecate Completed in 0ms
176 timing idealTree:node_modules/xtend Completed in 0ms
177 timing idealTree:buildDeps Completed in 5471ms
178 timing idealTree:fixDepFlags Completed in 1ms
179 timing idealTree Completed in 5496ms
180 timing reify:loadTrees Completed in 5496ms
181 timing reify:diffTrees Completed in 2ms
182 silly reify moves {}
183 timing reify:retireShallow Completed in 1ms
184 timing reify:createSparse Completed in 11ms
185 timing reify:loadBundles Completed in 0ms
186 timing reifyNode:node_modules/speedometer Completed in 241ms
187 timing reifyNode:node_modules/process-nextick-args Completed in 242ms
188 timing reifyNode:node_modules/through2 Completed in 243ms
189 timing reifyNode:node_modules/ms Completed in 243ms
190 timing reifyNode:node_modules/@types/event-source-polyfill Completed in 244ms
191 timing reifyNode:node_modules/core-util-is Completed in 247ms
192 timing reifyNode:node_modules/tunnel-agent Completed in 246ms
193 timing reifyNode:node_modules/inherits Completed in 254ms
194 timing reifyNode:node_modules/p-is-promise Completed in 254ms
195 timing reifyNode:node_modules/mimic-response Completed in 255ms
196 timing reifyNode:node_modules/is-stream Completed in 254ms
197 timing reifyNode:node_modules/into-stream Completed in 254ms
198 timing reifyNode:node_modules/decompress-response Completed in 254ms
199 timing reifyNode:node_modules/is-retry-allowed Completed in 255ms
200 timing reifyNode:node_modules/string_decoder Completed in 258ms
201 timing reifyNode:node_modules/util-deprecate Completed in 262ms
202 timing reifyNode:node_modules/from2 Completed in 261ms
203 timing reifyNode:node_modules/safe-buffer Completed in 262ms
204 timing reifyNode:node_modules/is-plain-object Completed in 261ms
205 timing reifyNode:node_modules/@types/eventsource Completed in 265ms
206 timing reifyNode:node_modules/xtend Completed in 267ms
207 timing reifyNode:node_modules/event-source-polyfill Completed in 267ms
208 timing reifyNode:node_modules/progress-stream Completed in 267ms
209 timing reifyNode:node_modules/isarray Completed in 270ms
210 timing reifyNode:node_modules/follow-redirects Completed in 269ms
211 timing reifyNode:node_modules/parse-headers Completed in 270ms
212 timing reifyNode:node_modules/@sanity/eventsource Completed in 270ms
213 timing reifyNode:node_modules/debug Completed in 271ms
214 timing reifyNode:node_modules/tslib Completed in 297ms
215 timing reifyNode:node_modules/eventsource Completed in 306ms
216 timing reifyNode:node_modules/readable-stream Completed in 329ms
217 timing reifyNode:node_modules/@sanity/client Completed in 428ms
218 timing reifyNode:node_modules/get-it Completed in 433ms
219 timing reifyNode:node_modules/rxjs Completed in 2814ms
220 timing reify:unpack Completed in 2816ms
221 timing reify:unretire Completed in 0ms
222 timing build:queue Completed in 2ms
223 timing build:deps Completed in 2ms
224 timing build Completed in 2ms
225 timing reify:build Completed in 3ms
226 timing reify:trash Completed in 0ms
227 timing reify:save Completed in 13ms
228 timing reify Completed in 8359ms
229 silly ADD node_modules/xtend
230 silly ADD node_modules/tslib
231 silly ADD node_modules/util-deprecate
232 silly ADD node_modules/string_decoder
233 silly ADD node_modules/safe-buffer
234 silly ADD node_modules/process-nextick-args
235 silly ADD node_modules/isarray
236 silly ADD node_modules/core-util-is
237 silly ADD node_modules/through2
238 silly ADD node_modules/speedometer
239 silly ADD node_modules/readable-stream
240 silly ADD node_modules/inherits
241 silly ADD node_modules/p-is-promise
242 silly ADD node_modules/from2
243 silly ADD node_modules/mimic-response
244 silly ADD node_modules/ms
245 silly ADD node_modules/tunnel-agent
246 silly ADD node_modules/progress-stream
247 silly ADD node_modules/parse-headers
248 silly ADD node_modules/is-stream
249 silly ADD node_modules/is-retry-allowed
250 silly ADD node_modules/is-plain-object
251 silly ADD node_modules/into-stream
252 silly ADD node_modules/follow-redirects
253 silly ADD node_modules/decompress-response
254 silly ADD node_modules/debug
255 silly ADD node_modules/eventsource
256 silly ADD node_modules/event-source-polyfill
257 silly ADD node_modules/@types/eventsource
258 silly ADD node_modules/@types/event-source-polyfill
259 silly ADD node_modules/rxjs
260 silly ADD node_modules/get-it
261 silly ADD node_modules/@sanity/eventsource
262 silly ADD node_modules/@sanity/client
263 timing command:install Completed in 8368ms
264 verbose exit 0
265 timing npm Completed in 8789ms
266 info ok
