0 verbose cli C:\Program Files\nodejs\node.exe C:\Users\roko\AppData\Roaming\npm\node_modules\npm\bin\npm-cli.js
1 info using npm@9.8.1
2 info using node@v18.15.0
3 timing npm:load:whichnode Completed in 3ms
4 timing config:load:defaults Completed in 4ms
5 timing config:load:file:C:\Users\roko\AppData\Roaming\npm\node_modules\npm\npmrc Completed in 1ms
6 timing config:load:builtin Completed in 2ms
7 timing config:load:cli Completed in 1ms
8 timing config:load:env Completed in 1ms
9 timing config:load:file:C:\Users\roko\Desktop\Studio\.npmrc Completed in 0ms
10 timing config:load:project Completed in 2ms
11 timing config:load:file:C:\Users\roko\.npmrc Completed in 1ms
12 timing config:load:user Completed in 1ms
13 timing config:load:file:C:\Users\roko\AppData\Roaming\npm\etc\npmrc Completed in 0ms
14 timing config:load:global Completed in 0ms
15 timing config:load:setEnvs Completed in 1ms
16 timing config:load Completed in 13ms
17 timing npm:load:configload Completed in 13ms
18 timing config:load:flatten Completed in 3ms
19 timing npm:load:mkdirpcache Completed in 0ms
20 timing npm:load:mkdirplogs Completed in 1ms
21 verbose title npm exec create-next-app@latest
22 verbose argv "exec" "--" "create-next-app@latest"
23 timing npm:load:setTitle Completed in 1ms
24 timing npm:load:display Completed in 0ms
25 verbose logfile logs-max:10 dir:C:\Users\roko\Desktop\Studio\npm-cache\_logs\2023-08-20T17_55_37_501Z-
26 verbose logfile C:\Users\roko\Desktop\Studio\npm-cache\_logs\2023-08-20T17_55_37_501Z-debug-0.log
27 timing npm:load:logFile Completed in 11ms
28 timing npm:load:timers Completed in 0ms
29 timing npm:load:configScope Completed in 0ms
30 timing npm:load Completed in 60ms
31 timing arborist:ctor Completed in 0ms
32 silly logfile done cleaning log files
33 http fetch GET 200 https://registry.npmjs.org/npm 1956ms (cache miss)
34 http fetch GET 200 https://registry.npmjs.org/create-next-app 3310ms (cache miss)
35 timing arborist:ctor Completed in 0ms
36 timing arborist:ctor Completed in 0ms
37 timing arborist:ctor Completed in 0ms
38 timing idealTree:init Completed in 6ms
39 timing idealTree:userRequests Completed in 2ms
40 silly idealTree buildDeps
41 silly fetch manifest create-next-app@13.4.19
42 http fetch GET 200 https://registry.npmjs.org/create-next-app 17ms (cache hit)
43 silly placeDep ROOT create-next-app@13.4.19 OK for:  want: 13.4.19
44 timing idealTree:#root Completed in 40ms
45 timing idealTree:node_modules/create-next-app Completed in 0ms
46 timing idealTree:buildDeps Completed in 42ms
47 timing idealTree:fixDepFlags Completed in 0ms
48 timing idealTree Completed in 52ms
49 timing reify:loadTrees Completed in 54ms
50 timing reify:diffTrees Completed in 1ms
51 silly reify moves {}
52 timing reify:retireShallow Completed in 2ms
53 timing reify:createSparse Completed in 9ms
54 timing reify:loadBundles Completed in 0ms
55 silly audit bulk request { 'create-next-app': [ '13.4.19' ] }
56 silly tarball no local data for create-next-app@https://registry.npmjs.org/create-next-app/-/create-next-app-13.4.19.tgz. Extracting by manifest.
57 http fetch POST 200 https://registry.npmjs.org/-/npm/v1/security/advisories/bulk 244ms
58 timing auditReport:getReport Completed in 245ms
59 silly audit report {}
60 timing auditReport:init Completed in 0ms
61 timing reify:audit Completed in 246ms
62 http fetch GET 200 https://registry.npmjs.org/create-next-app/-/create-next-app-13.4.19.tgz 280ms (cache miss)
63 timing reifyNode:node_modules/create-next-app Completed in 291ms
64 timing reify:unpack Completed in 291ms
65 timing reify:unretire Completed in 0ms
66 timing build:queue Completed in 0ms
67 timing build:link:node_modules/create-next-app Completed in 11ms
68 timing build:link Completed in 11ms
69 timing build:deps Completed in 11ms
70 timing build Completed in 12ms
71 timing reify:build Completed in 13ms
72 timing reify:trash Completed in 0ms
73 timing reify:save Completed in 5ms
74 timing reify Completed in 385ms
75 timing command:exec Completed in 141482ms
76 verbose exit 0
77 timing npm Completed in 141890ms
78 info ok
