0 verbose cli C:\Program Files\nodejs\node.exe C:\Users\roko\AppData\Roaming\npm\node_modules\npm\bin\npm-cli.js
1 info using npm@9.8.1
2 info using node@v18.15.0
3 timing npm:load:whichnode Completed in 2ms
4 timing config:load:defaults Completed in 2ms
5 timing config:load:file:C:\Users\roko\AppData\Roaming\npm\node_modules\npm\npmrc Completed in 4ms
6 timing config:load:builtin Completed in 5ms
7 timing config:load:cli Completed in 1ms
8 timing config:load:env Completed in 1ms
9 timing config:load:file:C:\Users\roko\Desktop\Studio\.npmrc Completed in 0ms
10 timing config:load:project Completed in 3ms
11 timing config:load:file:C:\Users\roko\.npmrc Completed in 1ms
12 timing config:load:user Completed in 1ms
13 timing config:load:file:C:\Users\roko\AppData\Roaming\npm\etc\npmrc Completed in 0ms
14 timing config:load:global Completed in 0ms
15 timing config:load:setEnvs Completed in 1ms
16 timing config:load Completed in 14ms
17 timing npm:load:configload Completed in 14ms
18 timing config:load:flatten Completed in 3ms
19 timing npm:load:mkdirpcache Completed in 1ms
20 timing npm:load:mkdirplogs Completed in 0ms
21 verbose title npm create sanity@latest --project c85l00bb --dataset production --provider google
22 verbose argv "create" "sanity@latest" "--" "--project" "c85l00bb" "--dataset" "production" "--provider" "google"
23 timing npm:load:setTitle Completed in 2ms
24 timing npm:load:display Completed in 0ms
25 verbose logfile logs-max:10 dir:C:\Users\roko\Desktop\Studio\npm-cache\_logs\2023-08-28T20_50_42_793Z-
26 verbose logfile C:\Users\roko\Desktop\Studio\npm-cache\_logs\2023-08-28T20_50_42_793Z-debug-0.log
27 timing npm:load:logFile Completed in 11ms
28 timing npm:load:timers Completed in 0ms
29 timing npm:load:configScope Completed in 0ms
30 timing npm:load Completed in 65ms
31 timing arborist:ctor Completed in 1ms
32 silly logfile done cleaning log files
33 http fetch GET 200 https://registry.npmjs.org/npm 212ms (cache revalidated)
34 http fetch GET 200 https://registry.npmjs.org/create-sanity 300ms (cache miss)
35 timing arborist:ctor Completed in 0ms
36 timing arborist:ctor Completed in 0ms
37 timing idealTree:init Completed in 8ms
38 timing idealTree:userRequests Completed in 3ms
39 silly idealTree buildDeps
40 silly fetch manifest create-sanity@3.15.1
41 http fetch GET 200 https://registry.npmjs.org/create-sanity 8ms (cache hit)
42 silly placeDep ROOT create-sanity@3.15.1 OK for:  want: 3.15.1
43 silly fetch manifest @sanity/cli@3.15.1
44 silly fetch manifest resolve-pkg@^2.0.0
45 http fetch GET 200 https://registry.npmjs.org/resolve-pkg 764ms (cache miss)
46 http fetch GET 200 https://registry.npmjs.org/@sanity%2fcli 1814ms (cache miss)
47 timing idealTree:#root Completed in 1851ms
48 silly placeDep ROOT @sanity/cli@3.15.1 OK for: create-sanity@3.15.1 want: 3.15.1
49 silly fetch manifest @babel/traverse@^7.19.0
50 silly fetch manifest @vercel/frameworks@1.5.0
51 silly fetch manifest @vercel/fs-detectors@4.1.1
52 silly fetch manifest chalk@^4.1.2
53 silly fetch manifest esbuild@^0.18.0
54 silly fetch manifest esbuild-register@^3.4.1
55 silly fetch manifest get-it@^8.4.2
56 silly fetch manifest golden-fleece@^1.0.9
57 silly fetch manifest pkg-dir@^5.0.0
58 silly placeDep ROOT resolve-pkg@2.0.0 OK for: create-sanity@3.15.1 want: ^2.0.0
59 silly fetch manifest resolve-from@^5.0.0
60 http fetch GET 200 https://registry.npmjs.org/@babel%2ftraverse 92ms (cache miss)
61 http fetch GET 200 https://registry.npmjs.org/pkg-dir 112ms (cache miss)
62 http fetch GET 200 https://registry.npmjs.org/esbuild-register 133ms (cache miss)
63 http fetch GET 200 https://registry.npmjs.org/resolve-from 134ms (cache miss)
64 http fetch GET 200 https://registry.npmjs.org/chalk 147ms (cache miss)
65 http fetch GET 200 https://registry.npmjs.org/esbuild 213ms (cache miss)
66 http fetch GET 200 https://registry.npmjs.org/golden-fleece 829ms (cache miss)
67 http fetch GET 200 https://registry.npmjs.org/get-it 842ms (cache miss)
68 http fetch GET 200 https://registry.npmjs.org/@vercel%2fframeworks 1651ms (cache miss)
69 http fetch GET 200 https://registry.npmjs.org/@vercel%2ffs-detectors 2323ms (cache miss)
70 timing idealTree:node_modules/create-sanity Completed in 2330ms
71 silly placeDep ROOT @babel/traverse@7.22.11 OK for: @sanity/cli@3.15.1 want: ^7.19.0
72 silly fetch manifest @babel/code-frame@^7.22.10
73 silly fetch manifest @babel/generator@^7.22.10
74 silly fetch manifest @babel/helper-environment-visitor@^7.22.5
75 silly fetch manifest @babel/helper-function-name@^7.22.5
76 silly fetch manifest @babel/helper-hoist-variables@^7.22.5
77 silly fetch manifest @babel/helper-split-export-declaration@^7.22.6
78 silly fetch manifest @babel/parser@^7.22.11
79 silly fetch manifest @babel/types@^7.22.11
80 silly fetch manifest debug@^4.1.0
81 silly fetch manifest globals@^11.1.0
82 silly placeDep ROOT @vercel/frameworks@1.5.0 OK for: @sanity/cli@3.15.1 want: 1.5.0
83 silly fetch manifest @iarna/toml@2.2.3
84 silly fetch manifest js-yaml@3.13.1
85 silly placeDep ROOT @vercel/fs-detectors@4.1.1 OK for: @sanity/cli@3.15.1 want: 4.1.1
86 silly fetch manifest @vercel/error-utils@1.0.10
87 silly fetch manifest @vercel/routing-utils@2.2.1
88 silly fetch manifest glob@8.0.3
89 silly fetch manifest js-yaml@4.1.0
90 silly fetch manifest json5@2.2.2
91 silly fetch manifest minimatch@3.1.2
92 silly fetch manifest semver@6.1.1
93 silly placeDep ROOT chalk@4.1.2 OK for: @sanity/cli@3.15.1 want: ^4.1.2
94 silly fetch manifest ansi-styles@^4.1.0
95 silly fetch manifest supports-color@^7.1.0
96 silly placeDep ROOT esbuild@0.18.20 OK for: @sanity/cli@3.15.1 want: ^0.18.0
97 silly fetch manifest @esbuild/android-arm@0.18.20
98 silly fetch manifest @esbuild/android-arm64@0.18.20
99 silly fetch manifest @esbuild/android-x64@0.18.20
100 silly fetch manifest @esbuild/darwin-arm64@0.18.20
101 silly fetch manifest @esbuild/darwin-x64@0.18.20
102 silly fetch manifest @esbuild/freebsd-arm64@0.18.20
103 silly fetch manifest @esbuild/freebsd-x64@0.18.20
104 silly fetch manifest @esbuild/linux-arm@0.18.20
105 silly fetch manifest @esbuild/linux-arm64@0.18.20
106 silly fetch manifest @esbuild/linux-ia32@0.18.20
107 silly fetch manifest @esbuild/linux-loong64@0.18.20
108 silly fetch manifest @esbuild/linux-mips64el@0.18.20
109 silly fetch manifest @esbuild/linux-ppc64@0.18.20
110 silly fetch manifest @esbuild/linux-riscv64@0.18.20
111 silly fetch manifest @esbuild/linux-s390x@0.18.20
112 silly fetch manifest @esbuild/linux-x64@0.18.20
113 silly fetch manifest @esbuild/netbsd-x64@0.18.20
114 silly fetch manifest @esbuild/openbsd-x64@0.18.20
115 silly fetch manifest @esbuild/sunos-x64@0.18.20
116 silly fetch manifest @esbuild/win32-arm64@0.18.20
117 silly fetch manifest @esbuild/win32-ia32@0.18.20
118 silly fetch manifest @esbuild/win32-x64@0.18.20
119 silly placeDep ROOT esbuild-register@3.4.2 OK for: @sanity/cli@3.15.1 want: ^3.4.1
120 silly fetch manifest debug@^4.3.4
121 silly placeDep ROOT get-it@8.4.3 OK for: @sanity/cli@3.15.1 want: ^8.4.2
122 silly fetch manifest decompress-response@^7.0.0
123 silly fetch manifest follow-redirects@^1.15.2
124 silly fetch manifest into-stream@^6.0.0
125 silly fetch manifest is-plain-object@^5.0.0
126 silly fetch manifest is-retry-allowed@^2.2.0
127 silly fetch manifest is-stream@^2.0.1
128 silly fetch manifest parse-headers@^2.0.5
129 silly fetch manifest progress-stream@^2.0.0
130 silly fetch manifest tunnel-agent@^0.6.0
131 silly placeDep ROOT golden-fleece@1.0.9 OK for: @sanity/cli@3.15.1 want: ^1.0.9
132 silly placeDep ROOT pkg-dir@5.0.0 OK for: @sanity/cli@3.15.1 want: ^5.0.0
133 silly fetch manifest find-up@^5.0.0
134 http fetch GET 200 https://registry.npmjs.org/debug 127ms (cache miss)
135 http fetch GET 200 https://registry.npmjs.org/globals 132ms (cache miss)
136 http fetch GET 200 https://registry.npmjs.org/@babel%2fcode-frame 146ms (cache miss)
137 http fetch GET 200 https://registry.npmjs.org/@babel%2fhelper-hoist-variables 164ms (cache miss)
138 http fetch GET 200 https://registry.npmjs.org/@babel%2fhelper-function-name 193ms (cache miss)
139 http fetch GET 200 https://registry.npmjs.org/@babel%2fgenerator 202ms (cache miss)
140 http fetch GET 200 https://registry.npmjs.org/@babel%2fhelper-split-export-declaration 208ms (cache miss)
141 http fetch GET 200 https://registry.npmjs.org/json5 233ms (cache miss)
142 http fetch GET 200 https://registry.npmjs.org/semver 238ms (cache miss)
143 http fetch GET 200 https://registry.npmjs.org/ansi-styles 244ms (cache miss)
144 http fetch GET 200 https://registry.npmjs.org/supports-color 248ms (cache miss)
145 http fetch GET 200 https://registry.npmjs.org/@babel%2ftypes 277ms (cache miss)
146 http fetch GET 200 https://registry.npmjs.org/@babel%2fparser 282ms (cache miss)
147 http fetch GET 200 https://registry.npmjs.org/js-yaml 283ms (cache miss)
148 http fetch GET 200 https://registry.npmjs.org/js-yaml 293ms (cache miss)
149 http fetch GET 200 https://registry.npmjs.org/@esbuild%2fandroid-arm 281ms (cache miss)
150 http fetch GET 200 https://registry.npmjs.org/@esbuild%2fandroid-arm64 282ms (cache miss)
151 http fetch GET 200 https://registry.npmjs.org/@esbuild%2fandroid-x64 288ms (cache miss)
152 http fetch GET 200 https://registry.npmjs.org/@iarna%2ftoml 344ms (cache miss)
153 http fetch GET 200 https://registry.npmjs.org/@esbuild%2fdarwin-arm64 357ms (cache miss)
154 http fetch GET 200 https://registry.npmjs.org/@esbuild%2flinux-ia32 359ms (cache miss)
155 http fetch GET 200 https://registry.npmjs.org/@esbuild%2flinux-arm64 361ms (cache miss)
156 http fetch GET 200 https://registry.npmjs.org/@esbuild%2fdarwin-x64 371ms (cache miss)
157 http fetch GET 200 https://registry.npmjs.org/@esbuild%2flinux-loong64 379ms (cache miss)
158 http fetch GET 200 https://registry.npmjs.org/@esbuild%2flinux-riscv64 383ms (cache miss)
159 http fetch GET 200 https://registry.npmjs.org/@esbuild%2flinux-ppc64 397ms (cache miss)
160 http fetch GET 200 https://registry.npmjs.org/@esbuild%2flinux-mips64el 400ms (cache miss)
161 http fetch GET 200 https://registry.npmjs.org/@esbuild%2flinux-arm 407ms (cache miss)
162 http fetch GET 200 https://registry.npmjs.org/@esbuild%2ffreebsd-x64 419ms (cache miss)
163 http fetch GET 200 https://registry.npmjs.org/@esbuild%2ffreebsd-arm64 421ms (cache miss)
164 http fetch GET 200 https://registry.npmjs.org/@esbuild%2flinux-s390x 419ms (cache miss)
165 http fetch GET 200 https://registry.npmjs.org/follow-redirects 466ms (cache miss)
166 http fetch GET 200 https://registry.npmjs.org/decompress-response 472ms (cache miss)
167 http fetch GET 200 https://registry.npmjs.org/into-stream 471ms (cache miss)
168 http fetch GET 200 https://registry.npmjs.org/is-plain-object 484ms (cache miss)
169 http fetch GET 200 https://registry.npmjs.org/@esbuild%2fwin32-arm64 495ms (cache miss)
170 http fetch GET 200 https://registry.npmjs.org/debug 494ms (cache miss)
171 http fetch GET 200 https://registry.npmjs.org/@esbuild%2flinux-x64 505ms (cache miss)
172 http fetch GET 200 https://registry.npmjs.org/@esbuild%2fopenbsd-x64 505ms (cache miss)
173 http fetch GET 200 https://registry.npmjs.org/@esbuild%2fwin32-ia32 511ms (cache miss)
174 http fetch GET 200 https://registry.npmjs.org/@esbuild%2fsunos-x64 513ms (cache miss)
175 http fetch GET 200 https://registry.npmjs.org/@esbuild%2fnetbsd-x64 516ms (cache miss)
176 http fetch GET 200 https://registry.npmjs.org/@esbuild%2fwin32-x64 515ms (cache miss)
177 http fetch GET 200 https://registry.npmjs.org/minimatch 548ms (cache revalidated)
178 http fetch GET 200 https://registry.npmjs.org/is-retry-allowed 523ms (cache miss)
179 http fetch GET 200 https://registry.npmjs.org/glob 559ms (cache revalidated)
180 http fetch GET 200 https://registry.npmjs.org/tunnel-agent 523ms (cache miss)
181 http fetch GET 200 https://registry.npmjs.org/find-up 521ms (cache miss)
182 http fetch GET 200 https://registry.npmjs.org/is-stream 529ms (cache miss)
183 http fetch GET 200 https://registry.npmjs.org/@babel%2fhelper-environment-visitor 938ms (cache miss)
184 http fetch GET 200 https://registry.npmjs.org/progress-stream 1398ms (cache miss)
185 http fetch GET 200 https://registry.npmjs.org/parse-headers 1461ms (cache miss)
186 http fetch GET 200 https://registry.npmjs.org/@vercel%2ferror-utils 1686ms (cache miss)
187 http fetch GET 200 https://registry.npmjs.org/@vercel%2frouting-utils 1711ms (cache miss)
188 timing idealTree:node_modules/@sanity/cli Completed in 1733ms
189 silly placeDep ROOT @babel/code-frame@7.22.13 OK for: @babel/traverse@7.22.11 want: ^7.22.10
190 silly fetch manifest @babel/highlight@^7.22.13
191 silly fetch manifest chalk@^2.4.2
192 silly placeDep ROOT @babel/generator@7.22.10 OK for: @babel/traverse@7.22.11 want: ^7.22.10
193 silly fetch manifest @babel/types@^7.22.10
194 silly fetch manifest @jridgewell/gen-mapping@^0.3.2
195 silly fetch manifest @jridgewell/trace-mapping@^0.3.17
196 silly fetch manifest jsesc@^2.5.1
197 silly placeDep ROOT @babel/helper-environment-visitor@7.22.5 OK for: @babel/traverse@7.22.11 want: ^7.22.5
198 silly placeDep ROOT @babel/helper-function-name@7.22.5 OK for: @babel/traverse@7.22.11 want: ^7.22.5
199 silly fetch manifest @babel/template@^7.22.5
200 silly fetch manifest @babel/types@^7.22.5
201 silly placeDep ROOT @babel/helper-hoist-variables@7.22.5 OK for: @babel/traverse@7.22.11 want: ^7.22.5
202 silly placeDep ROOT @babel/helper-split-export-declaration@7.22.6 OK for: @babel/traverse@7.22.11 want: ^7.22.6
203 silly placeDep ROOT @babel/parser@7.22.13 OK for: @babel/traverse@7.22.11 want: ^7.22.11
204 silly placeDep ROOT @babel/types@7.22.11 OK for: @babel/traverse@7.22.11 want: ^7.22.11
205 silly fetch manifest @babel/helper-string-parser@^7.22.5
206 silly fetch manifest @babel/helper-validator-identifier@^7.22.5
207 silly fetch manifest to-fast-properties@^2.0.0
208 silly placeDep ROOT debug@4.3.4 OK for: @babel/traverse@7.22.11 want: ^4.1.0
209 silly fetch manifest ms@2.1.2
210 silly placeDep ROOT globals@11.12.0 OK for: @babel/traverse@7.22.11 want: ^11.1.0
211 http fetch GET 200 https://registry.npmjs.org/to-fast-properties 72ms (cache miss)
212 http fetch GET 200 https://registry.npmjs.org/ms 86ms (cache miss)
213 http fetch GET 200 https://registry.npmjs.org/jsesc 99ms (cache miss)
214 http fetch GET 200 https://registry.npmjs.org/@babel%2ftemplate 109ms (cache miss)
215 http fetch GET 200 https://registry.npmjs.org/@jridgewell%2ftrace-mapping 114ms (cache revalidated)
216 http fetch GET 200 https://registry.npmjs.org/@babel%2fhelper-string-parser 110ms (cache miss)
217 http fetch GET 200 https://registry.npmjs.org/@babel%2fhelper-validator-identifier 110ms (cache miss)
218 http fetch GET 200 https://registry.npmjs.org/@babel%2fhighlight 123ms (cache miss)
219 http fetch GET 200 https://registry.npmjs.org/@jridgewell%2fgen-mapping 125ms (cache revalidated)
220 timing idealTree:node_modules/@babel/traverse Completed in 134ms
221 silly placeDep ROOT @babel/highlight@7.22.13 OK for: @babel/code-frame@7.22.13 want: ^7.22.13
222 silly fetch manifest js-tokens@^4.0.0
223 silly placeDep node_modules/@babel/code-frame chalk@2.4.2 OK for: @babel/code-frame@7.22.13 want: ^2.4.2
224 silly fetch manifest ansi-styles@^3.2.1
225 silly fetch manifest escape-string-regexp@^1.0.5
226 silly fetch manifest supports-color@^5.3.0
227 http fetch GET 200 https://registry.npmjs.org/js-tokens 55ms (cache revalidated)
228 http fetch GET 200 https://registry.npmjs.org/escape-string-regexp 56ms (cache miss)
229 timing idealTree:node_modules/@babel/code-frame Completed in 62ms
230 silly placeDep ROOT @jridgewell/gen-mapping@0.3.3 OK for: @babel/generator@7.22.10 want: ^0.3.2
231 silly fetch manifest @jridgewell/set-array@^1.0.1
232 silly fetch manifest @jridgewell/sourcemap-codec@^1.4.10
233 silly fetch manifest @jridgewell/trace-mapping@^0.3.9
234 silly placeDep ROOT @jridgewell/trace-mapping@0.3.19 OK for: @babel/generator@7.22.10 want: ^0.3.17
235 silly fetch manifest @jridgewell/resolve-uri@^3.1.0
236 silly fetch manifest @jridgewell/sourcemap-codec@^1.4.14
237 silly placeDep ROOT jsesc@2.5.2 OK for: @babel/generator@7.22.10 want: ^2.5.1
238 http fetch GET 200 https://registry.npmjs.org/@jridgewell%2fsourcemap-codec 79ms (cache revalidated)
239 http fetch GET 200 https://registry.npmjs.org/@jridgewell%2fresolve-uri 87ms (cache revalidated)
240 http fetch GET 200 https://registry.npmjs.org/@jridgewell%2fset-array 111ms (cache revalidated)
241 http fetch GET 200 https://registry.npmjs.org/@jridgewell%2fsourcemap-codec 124ms (cache revalidated)
242 timing idealTree:node_modules/@babel/generator Completed in 128ms
243 timing idealTree:node_modules/@babel/helper-environment-visitor Completed in 0ms
244 silly placeDep ROOT @babel/template@7.22.5 OK for: @babel/helper-function-name@7.22.5 want: ^7.22.5
245 timing idealTree:node_modules/@babel/helper-function-name Completed in 2ms
246 timing idealTree:node_modules/@babel/helper-hoist-variables Completed in 0ms
247 timing idealTree:node_modules/@babel/helper-split-export-declaration Completed in 0ms
248 silly placeDep ROOT @babel/helper-validator-identifier@7.22.5 OK for: @babel/highlight@7.22.13 want: ^7.22.5
249 silly placeDep node_modules/@babel/highlight chalk@2.4.2 OK for: @babel/highlight@7.22.13 want: ^2.4.2
250 silly placeDep ROOT js-tokens@4.0.0 OK for: @babel/highlight@7.22.13 want: ^4.0.0
251 timing idealTree:node_modules/@babel/highlight Completed in 3ms
252 timing idealTree:node_modules/@babel/helper-validator-identifier Completed in 0ms
253 timing idealTree:node_modules/@babel/parser Completed in 0ms
254 timing idealTree:node_modules/@babel/template Completed in 0ms
255 silly placeDep ROOT @babel/helper-string-parser@7.22.5 OK for: @babel/types@7.22.11 want: ^7.22.5
256 silly placeDep ROOT to-fast-properties@2.0.0 OK for: @babel/types@7.22.11 want: ^2.0.0
257 timing idealTree:node_modules/@babel/types Completed in 2ms
258 timing idealTree:node_modules/@babel/helper-string-parser Completed in 0ms
259 silly placeDep ROOT @jridgewell/set-array@1.1.2 OK for: @jridgewell/gen-mapping@0.3.3 want: ^1.0.1
260 silly placeDep ROOT @jridgewell/sourcemap-codec@1.4.15 OK for: @jridgewell/gen-mapping@0.3.3 want: ^1.4.10
261 timing idealTree:node_modules/@jridgewell/gen-mapping Completed in 3ms
262 timing idealTree:node_modules/@jridgewell/set-array Completed in 0ms
263 timing idealTree:node_modules/@jridgewell/sourcemap-codec Completed in 0ms
264 silly placeDep ROOT @jridgewell/resolve-uri@3.1.1 OK for: @jridgewell/trace-mapping@0.3.19 want: ^3.1.0
265 timing idealTree:node_modules/@jridgewell/trace-mapping Completed in 1ms
266 timing idealTree:node_modules/@jridgewell/resolve-uri Completed in 0ms
267 silly placeDep ROOT @iarna/toml@2.2.3 OK for: @vercel/frameworks@1.5.0 want: 2.2.3
268 silly placeDep ROOT js-yaml@3.13.1 OK for: @vercel/frameworks@1.5.0 want: 3.13.1
269 silly fetch manifest argparse@^1.0.7
270 silly fetch manifest esprima@^4.0.0
271 http fetch GET 200 https://registry.npmjs.org/argparse 59ms (cache miss)
272 http fetch GET 200 https://registry.npmjs.org/esprima 60ms (cache miss)
273 timing idealTree:node_modules/@vercel/frameworks Completed in 64ms
274 timing idealTree:node_modules/@iarna/toml Completed in 0ms
275 silly placeDep ROOT @vercel/error-utils@1.0.10 OK for: @vercel/fs-detectors@4.1.1 want: 1.0.10
276 silly placeDep ROOT @vercel/routing-utils@2.2.1 OK for: @vercel/fs-detectors@4.1.1 want: 2.2.1
277 silly fetch manifest path-to-regexp@6.1.0
278 silly fetch manifest ajv@^6.0.0
279 silly placeDep ROOT glob@8.0.3 OK for: @vercel/fs-detectors@4.1.1 want: 8.0.3
280 silly fetch manifest fs.realpath@^1.0.0
281 silly fetch manifest inflight@^1.0.4
282 silly fetch manifest inherits@2
283 silly fetch manifest minimatch@^5.0.1
284 silly fetch manifest once@^1.3.0
285 silly placeDep node_modules/@vercel/fs-detectors js-yaml@4.1.0 OK for: @vercel/fs-detectors@4.1.1 want: 4.1.0
286 silly fetch manifest argparse@^2.0.1
287 silly placeDep ROOT json5@2.2.2 OK for: @vercel/fs-detectors@4.1.1 want: 2.2.2
288 silly placeDep ROOT minimatch@3.1.2 OK for: @vercel/fs-detectors@4.1.1 want: 3.1.2
289 silly fetch manifest brace-expansion@^1.1.7
290 silly placeDep ROOT semver@6.1.1 OK for: @vercel/fs-detectors@4.1.1 want: 6.1.1
291 http fetch GET 200 https://registry.npmjs.org/inherits 61ms (cache revalidated)
292 http fetch GET 200 https://registry.npmjs.org/fs.realpath 63ms (cache revalidated)
293 http fetch GET 200 https://registry.npmjs.org/path-to-regexp 67ms (cache miss)
294 http fetch GET 200 https://registry.npmjs.org/once 76ms (cache revalidated)
295 http fetch GET 200 https://registry.npmjs.org/brace-expansion 74ms (cache revalidated)
296 http fetch GET 200 https://registry.npmjs.org/inflight 82ms (cache revalidated)
297 http fetch GET 200 https://registry.npmjs.org/ajv 116ms (cache miss)
298 timing idealTree:node_modules/@vercel/fs-detectors Completed in 128ms
299 timing idealTree:node_modules/@vercel/error-utils Completed in 0ms
300 silly placeDep ROOT ajv@6.12.6 OK for: @vercel/routing-utils@2.2.1 want: ^6.0.0
301 silly fetch manifest fast-deep-equal@^3.1.1
302 silly fetch manifest fast-json-stable-stringify@^2.0.0
303 silly fetch manifest json-schema-traverse@^0.4.1
304 silly fetch manifest uri-js@^4.2.2
305 silly placeDep ROOT path-to-regexp@6.1.0 OK for: @vercel/routing-utils@2.2.1 want: 6.1.0
306 http fetch GET 200 https://registry.npmjs.org/fast-json-stable-stringify 49ms (cache miss)
307 http fetch GET 200 https://registry.npmjs.org/fast-deep-equal 62ms (cache miss)
308 http fetch GET 200 https://registry.npmjs.org/uri-js 58ms (cache miss)
309 http fetch GET 200 https://registry.npmjs.org/json-schema-traverse 73ms (cache miss)
310 timing idealTree:node_modules/@vercel/routing-utils Completed in 78ms
311 silly placeDep ROOT fast-deep-equal@3.1.3 OK for: ajv@6.12.6 want: ^3.1.1
312 silly placeDep ROOT fast-json-stable-stringify@2.1.0 OK for: ajv@6.12.6 want: ^2.0.0
313 silly placeDep ROOT json-schema-traverse@0.4.1 OK for: ajv@6.12.6 want: ^0.4.1
314 silly placeDep ROOT uri-js@4.4.1 OK for: ajv@6.12.6 want: ^4.2.2
315 silly fetch manifest punycode@^2.1.0
316 http fetch GET 200 https://registry.npmjs.org/punycode 53ms (cache miss)
317 timing idealTree:node_modules/ajv Completed in 57ms
318 silly placeDep ROOT ansi-styles@4.3.0 OK for: chalk@4.1.2 want: ^4.1.0
319 silly fetch manifest color-convert@^2.0.1
320 silly placeDep ROOT supports-color@7.2.0 OK for: chalk@4.1.2 want: ^7.1.0
321 silly fetch manifest has-flag@^4.0.0
322 http fetch GET 200 https://registry.npmjs.org/color-convert 47ms (cache miss)
323 http fetch GET 200 https://registry.npmjs.org/has-flag 73ms (cache miss)
324 timing idealTree:node_modules/chalk Completed in 79ms
325 silly placeDep ROOT color-convert@2.0.1 OK for: ansi-styles@4.3.0 want: ^2.0.1
326 silly fetch manifest color-name@~1.1.4
327 http fetch GET 200 https://registry.npmjs.org/color-name 87ms (cache miss)
328 timing idealTree:node_modules/ansi-styles Completed in 90ms
329 silly placeDep ROOT color-name@1.1.4 OK for: color-convert@2.0.1 want: ~1.1.4
330 timing idealTree:node_modules/color-convert Completed in 4ms
331 timing idealTree:node_modules/color-name Completed in 0ms
332 silly placeDep ROOT ms@2.1.2 OK for: debug@4.3.4 want: 2.1.2
333 timing idealTree:node_modules/debug Completed in 3ms
334 silly placeDep ROOT @esbuild/android-arm@0.18.20 OK for: esbuild@0.18.20 want: 0.18.20
335 silly placeDep ROOT @esbuild/android-arm64@0.18.20 OK for: esbuild@0.18.20 want: 0.18.20
336 silly placeDep ROOT @esbuild/android-x64@0.18.20 OK for: esbuild@0.18.20 want: 0.18.20
337 silly placeDep ROOT @esbuild/darwin-arm64@0.18.20 OK for: esbuild@0.18.20 want: 0.18.20
338 silly placeDep ROOT @esbuild/darwin-x64@0.18.20 OK for: esbuild@0.18.20 want: 0.18.20
339 silly placeDep ROOT @esbuild/freebsd-arm64@0.18.20 OK for: esbuild@0.18.20 want: 0.18.20
340 silly placeDep ROOT @esbuild/freebsd-x64@0.18.20 OK for: esbuild@0.18.20 want: 0.18.20
341 silly placeDep ROOT @esbuild/linux-arm@0.18.20 OK for: esbuild@0.18.20 want: 0.18.20
342 silly placeDep ROOT @esbuild/linux-arm64@0.18.20 OK for: esbuild@0.18.20 want: 0.18.20
343 silly placeDep ROOT @esbuild/linux-ia32@0.18.20 OK for: esbuild@0.18.20 want: 0.18.20
344 silly placeDep ROOT @esbuild/linux-loong64@0.18.20 OK for: esbuild@0.18.20 want: 0.18.20
345 silly placeDep ROOT @esbuild/linux-mips64el@0.18.20 OK for: esbuild@0.18.20 want: 0.18.20
346 silly placeDep ROOT @esbuild/linux-ppc64@0.18.20 OK for: esbuild@0.18.20 want: 0.18.20
347 silly placeDep ROOT @esbuild/linux-riscv64@0.18.20 OK for: esbuild@0.18.20 want: 0.18.20
348 silly placeDep ROOT @esbuild/linux-s390x@0.18.20 OK for: esbuild@0.18.20 want: 0.18.20
349 silly placeDep ROOT @esbuild/linux-x64@0.18.20 OK for: esbuild@0.18.20 want: 0.18.20
350 silly placeDep ROOT @esbuild/netbsd-x64@0.18.20 OK for: esbuild@0.18.20 want: 0.18.20
351 silly placeDep ROOT @esbuild/openbsd-x64@0.18.20 OK for: esbuild@0.18.20 want: 0.18.20
352 silly placeDep ROOT @esbuild/sunos-x64@0.18.20 OK for: esbuild@0.18.20 want: 0.18.20
353 silly placeDep ROOT @esbuild/win32-arm64@0.18.20 OK for: esbuild@0.18.20 want: 0.18.20
354 silly placeDep ROOT @esbuild/win32-ia32@0.18.20 OK for: esbuild@0.18.20 want: 0.18.20
355 silly placeDep ROOT @esbuild/win32-x64@0.18.20 OK for: esbuild@0.18.20 want: 0.18.20
356 timing idealTree:node_modules/esbuild Completed in 28ms
357 timing idealTree:node_modules/@esbuild/android-arm Completed in 0ms
358 timing idealTree:node_modules/@esbuild/android-arm64 Completed in 1ms
359 timing idealTree:node_modules/@esbuild/android-x64 Completed in 0ms
360 timing idealTree:node_modules/@esbuild/darwin-arm64 Completed in 0ms
361 timing idealTree:node_modules/@esbuild/darwin-x64 Completed in 0ms
362 timing idealTree:node_modules/@esbuild/freebsd-arm64 Completed in 0ms
363 timing idealTree:node_modules/@esbuild/freebsd-x64 Completed in 0ms
364 timing idealTree:node_modules/@esbuild/linux-arm Completed in 0ms
365 timing idealTree:node_modules/@esbuild/linux-arm64 Completed in 0ms
366 timing idealTree:node_modules/@esbuild/linux-ia32 Completed in 0ms
367 timing idealTree:node_modules/@esbuild/linux-loong64 Completed in 0ms
368 timing idealTree:node_modules/@esbuild/linux-mips64el Completed in 0ms
369 timing idealTree:node_modules/@esbuild/linux-ppc64 Completed in 0ms
370 timing idealTree:node_modules/@esbuild/linux-riscv64 Completed in 0ms
371 timing idealTree:node_modules/@esbuild/linux-s390x Completed in 0ms
372 timing idealTree:node_modules/@esbuild/linux-x64 Completed in 0ms
373 timing idealTree:node_modules/@esbuild/netbsd-x64 Completed in 0ms
374 timing idealTree:node_modules/@esbuild/openbsd-x64 Completed in 0ms
375 timing idealTree:node_modules/@esbuild/sunos-x64 Completed in 0ms
376 timing idealTree:node_modules/@esbuild/win32-arm64 Completed in 0ms
377 timing idealTree:node_modules/@esbuild/win32-ia32 Completed in 0ms
378 timing idealTree:node_modules/@esbuild/win32-x64 Completed in 0ms
379 timing idealTree:node_modules/esbuild-register Completed in 0ms
380 timing idealTree:node_modules/fast-deep-equal Completed in 0ms
381 timing idealTree:node_modules/fast-json-stable-stringify Completed in 0ms
382 silly placeDep ROOT decompress-response@7.0.0 OK for: get-it@8.4.3 want: ^7.0.0
383 silly fetch manifest mimic-response@^3.1.0
384 silly placeDep ROOT follow-redirects@1.15.2 OK for: get-it@8.4.3 want: ^1.15.2
385 silly placeDep ROOT into-stream@6.0.0 OK for: get-it@8.4.3 want: ^6.0.0
386 silly fetch manifest from2@^2.3.0
387 silly fetch manifest p-is-promise@^3.0.0
388 silly placeDep ROOT is-plain-object@5.0.0 OK for: get-it@8.4.3 want: ^5.0.0
389 silly placeDep ROOT is-retry-allowed@2.2.0 OK for: get-it@8.4.3 want: ^2.2.0
390 silly placeDep ROOT is-stream@2.0.1 OK for: get-it@8.4.3 want: ^2.0.1
391 silly placeDep ROOT parse-headers@2.0.5 OK for: get-it@8.4.3 want: ^2.0.5
392 silly placeDep ROOT progress-stream@2.0.0 OK for: get-it@8.4.3 want: ^2.0.0
393 silly fetch manifest speedometer@~1.0.0
394 silly fetch manifest through2@~2.0.3
395 silly placeDep ROOT tunnel-agent@0.6.0 OK for: get-it@8.4.3 want: ^0.6.0
396 silly fetch manifest safe-buffer@^5.0.1
397 http fetch GET 200 https://registry.npmjs.org/through2 48ms (cache miss)
398 http fetch GET 200 https://registry.npmjs.org/safe-buffer 50ms (cache miss)
399 http fetch GET 200 https://registry.npmjs.org/from2 77ms (cache miss)
400 http fetch GET 200 https://registry.npmjs.org/mimic-response 80ms (cache miss)
401 http fetch GET 200 https://registry.npmjs.org/speedometer 75ms (cache miss)
402 http fetch GET 200 https://registry.npmjs.org/p-is-promise 84ms (cache miss)
403 timing idealTree:node_modules/get-it Completed in 91ms
404 silly placeDep ROOT mimic-response@3.1.0 OK for: decompress-response@7.0.0 want: ^3.1.0
405 timing idealTree:node_modules/decompress-response Completed in 1ms
406 timing idealTree:node_modules/follow-redirects Completed in 0ms
407 silly placeDep ROOT fs.realpath@1.0.0 OK for: glob@8.0.3 want: ^1.0.0
408 silly placeDep ROOT inflight@1.0.6 OK for: glob@8.0.3 want: ^1.0.4
409 silly fetch manifest wrappy@1
410 silly placeDep ROOT inherits@2.0.4 OK for: glob@8.0.3 want: 2
411 silly placeDep node_modules/glob minimatch@5.1.6 OK for: glob@8.0.3 want: ^5.0.1
412 silly fetch manifest brace-expansion@^2.0.1
413 silly placeDep ROOT once@1.4.0 OK for: glob@8.0.3 want: ^1.3.0
414 http fetch GET 200 https://registry.npmjs.org/wrappy 79ms (cache revalidated)
415 timing idealTree:node_modules/glob Completed in 83ms
416 timing idealTree:node_modules/fs.realpath Completed in 0ms
417 timing idealTree:node_modules/globals Completed in 0ms
418 timing idealTree:node_modules/golden-fleece Completed in 0ms
419 silly placeDep ROOT wrappy@1.0.2 OK for: inflight@1.0.6 want: 1
420 timing idealTree:node_modules/inflight Completed in 2ms
421 timing idealTree:node_modules/inherits Completed in 0ms
422 silly placeDep ROOT from2@2.3.0 OK for: into-stream@6.0.0 want: ^2.3.0
423 silly fetch manifest readable-stream@^2.0.0
424 silly placeDep ROOT p-is-promise@3.0.0 OK for: into-stream@6.0.0 want: ^3.0.0
425 http fetch GET 200 https://registry.npmjs.org/readable-stream 60ms (cache miss)
426 timing idealTree:node_modules/into-stream Completed in 66ms
427 silly placeDep ROOT readable-stream@2.3.8 OK for: from2@2.3.0 want: ^2.0.0
428 silly fetch manifest core-util-is@~1.0.0
429 silly fetch manifest isarray@~1.0.0
430 silly fetch manifest process-nextick-args@~2.0.0
431 silly fetch manifest safe-buffer@~5.1.1
432 silly fetch manifest string_decoder@~1.1.1
433 silly fetch manifest util-deprecate@~1.0.1
434 http fetch GET 200 https://registry.npmjs.org/isarray 48ms (cache miss)
435 http fetch GET 200 https://registry.npmjs.org/process-nextick-args 58ms (cache miss)
436 http fetch GET 200 https://registry.npmjs.org/core-util-is 62ms (cache miss)
437 http fetch GET 200 https://registry.npmjs.org/string_decoder 60ms (cache miss)
438 http fetch GET 200 https://registry.npmjs.org/util-deprecate 775ms (cache revalidated)
439 timing idealTree:node_modules/from2 Completed in 782ms
440 timing idealTree:node_modules/is-plain-object Completed in 0ms
441 timing idealTree:node_modules/is-retry-allowed Completed in 0ms
442 timing idealTree:node_modules/is-stream Completed in 0ms
443 timing idealTree:node_modules/js-tokens Completed in 0ms
444 silly placeDep ROOT argparse@1.0.10 OK for: js-yaml@3.13.1 want: ^1.0.7
445 silly fetch manifest sprintf-js@~1.0.2
446 silly placeDep ROOT esprima@4.0.1 OK for: js-yaml@3.13.1 want: ^4.0.0
447 http fetch GET 200 https://registry.npmjs.org/sprintf-js 56ms (cache miss)
448 timing idealTree:node_modules/js-yaml Completed in 60ms
449 silly placeDep ROOT sprintf-js@1.0.3 OK for: argparse@1.0.10 want: ~1.0.2
450 timing idealTree:node_modules/argparse Completed in 1ms
451 timing idealTree:node_modules/esprima Completed in 0ms
452 timing idealTree:node_modules/jsesc Completed in 0ms
453 timing idealTree:node_modules/json-schema-traverse Completed in 0ms
454 timing idealTree:node_modules/json5 Completed in 0ms
455 timing idealTree:node_modules/mimic-response Completed in 0ms
456 silly placeDep ROOT brace-expansion@1.1.11 OK for: minimatch@3.1.2 want: ^1.1.7
457 silly fetch manifest balanced-match@^1.0.0
458 silly fetch manifest concat-map@0.0.1
459 http fetch GET 200 https://registry.npmjs.org/balanced-match 50ms (cache revalidated)
460 http fetch GET 200 https://registry.npmjs.org/concat-map 52ms (cache revalidated)
461 timing idealTree:node_modules/minimatch Completed in 55ms
462 silly placeDep ROOT balanced-match@1.0.2 OK for: brace-expansion@1.1.11 want: ^1.0.0
463 silly placeDep ROOT concat-map@0.0.1 OK for: brace-expansion@1.1.11 want: 0.0.1
464 timing idealTree:node_modules/brace-expansion Completed in 2ms
465 timing idealTree:node_modules/balanced-match Completed in 0ms
466 timing idealTree:node_modules/concat-map Completed in 0ms
467 timing idealTree:node_modules/ms Completed in 0ms
468 timing idealTree:node_modules/once Completed in 0ms
469 timing idealTree:node_modules/p-is-promise Completed in 0ms
470 timing idealTree:node_modules/parse-headers Completed in 0ms
471 timing idealTree:node_modules/path-to-regexp Completed in 0ms
472 silly placeDep ROOT find-up@5.0.0 OK for: pkg-dir@5.0.0 want: ^5.0.0
473 silly fetch manifest locate-path@^6.0.0
474 silly fetch manifest path-exists@^4.0.0
475 http fetch GET 200 https://registry.npmjs.org/path-exists 51ms (cache miss)
476 http fetch GET 200 https://registry.npmjs.org/locate-path 51ms (cache miss)
477 timing idealTree:node_modules/pkg-dir Completed in 55ms
478 silly placeDep ROOT locate-path@6.0.0 OK for: find-up@5.0.0 want: ^6.0.0
479 silly fetch manifest p-locate@^5.0.0
480 silly placeDep ROOT path-exists@4.0.0 OK for: find-up@5.0.0 want: ^4.0.0
481 http fetch GET 200 https://registry.npmjs.org/p-locate 53ms (cache miss)
482 timing idealTree:node_modules/find-up Completed in 57ms
483 silly placeDep ROOT p-locate@5.0.0 OK for: locate-path@6.0.0 want: ^5.0.0
484 silly fetch manifest p-limit@^3.0.2
485 http fetch GET 200 https://registry.npmjs.org/p-limit 43ms (cache miss)
486 timing idealTree:node_modules/locate-path Completed in 46ms
487 silly placeDep ROOT p-limit@3.1.0 OK for: p-locate@5.0.0 want: ^3.0.2
488 silly fetch manifest yocto-queue@^0.1.0
489 http fetch GET 200 https://registry.npmjs.org/yocto-queue 69ms (cache miss)
490 timing idealTree:node_modules/p-locate Completed in 72ms
491 silly placeDep ROOT yocto-queue@0.1.0 OK for: p-limit@3.1.0 want: ^0.1.0
492 timing idealTree:node_modules/p-limit Completed in 1ms
493 timing idealTree:node_modules/path-exists Completed in 0ms
494 silly placeDep ROOT speedometer@1.0.0 OK for: progress-stream@2.0.0 want: ~1.0.0
495 silly placeDep ROOT through2@2.0.5 OK for: progress-stream@2.0.0 want: ~2.0.3
496 silly fetch manifest xtend@~4.0.1
497 http fetch GET 200 https://registry.npmjs.org/xtend 50ms (cache miss)
498 timing idealTree:node_modules/progress-stream Completed in 53ms
499 silly placeDep ROOT core-util-is@1.0.3 OK for: readable-stream@2.3.8 want: ~1.0.0
500 silly placeDep ROOT isarray@1.0.0 OK for: readable-stream@2.3.8 want: ~1.0.0
501 silly placeDep ROOT process-nextick-args@2.0.1 OK for: readable-stream@2.3.8 want: ~2.0.0
502 silly placeDep ROOT safe-buffer@5.1.2 OK for: readable-stream@2.3.8 want: ~5.1.1
503 silly placeDep ROOT string_decoder@1.1.1 OK for: readable-stream@2.3.8 want: ~1.1.1
504 silly placeDep ROOT util-deprecate@1.0.2 OK for: readable-stream@2.3.8 want: ~1.0.1
505 timing idealTree:node_modules/readable-stream Completed in 10ms
506 timing idealTree:node_modules/core-util-is Completed in 0ms
507 timing idealTree:node_modules/isarray Completed in 0ms
508 timing idealTree:node_modules/process-nextick-args Completed in 0ms
509 silly placeDep ROOT resolve-from@5.0.0 OK for: resolve-pkg@2.0.0 want: ^5.0.0
510 timing idealTree:node_modules/resolve-pkg Completed in 1ms
511 timing idealTree:node_modules/resolve-from Completed in 0ms
512 timing idealTree:node_modules/safe-buffer Completed in 0ms
513 timing idealTree:node_modules/semver Completed in 0ms
514 timing idealTree:node_modules/speedometer Completed in 0ms
515 timing idealTree:node_modules/sprintf-js Completed in 0ms
516 timing idealTree:node_modules/string_decoder Completed in 0ms
517 silly placeDep ROOT has-flag@4.0.0 OK for: supports-color@7.2.0 want: ^4.0.0
518 timing idealTree:node_modules/supports-color Completed in 1ms
519 timing idealTree:node_modules/has-flag Completed in 0ms
520 silly placeDep ROOT xtend@4.0.2 OK for: through2@2.0.5 want: ~4.0.1
521 timing idealTree:node_modules/through2 Completed in 1ms
522 timing idealTree:node_modules/to-fast-properties Completed in 0ms
523 timing idealTree:node_modules/tunnel-agent Completed in 0ms
524 silly placeDep ROOT punycode@2.3.0 OK for: uri-js@4.4.1 want: ^2.1.0
525 timing idealTree:node_modules/uri-js Completed in 1ms
526 timing idealTree:node_modules/punycode Completed in 0ms
527 timing idealTree:node_modules/util-deprecate Completed in 0ms
528 timing idealTree:node_modules/wrappy Completed in 0ms
529 timing idealTree:node_modules/xtend Completed in 0ms
530 timing idealTree:node_modules/yocto-queue Completed in 0ms
531 silly placeDep node_modules/@babel/code-frame ansi-styles@3.2.1 OK for: chalk@2.4.2 want: ^3.2.1
532 silly fetch manifest color-convert@^1.9.0
533 silly placeDep ROOT escape-string-regexp@1.0.5 OK for: chalk@2.4.2 want: ^1.0.5
534 silly placeDep node_modules/@babel/code-frame supports-color@5.5.0 OK for: chalk@2.4.2 want: ^5.3.0
535 silly fetch manifest has-flag@^3.0.0
536 timing idealTree:node_modules/@babel/code-frame/node_modules/chalk Completed in 5ms
537 timing idealTree:node_modules/escape-string-regexp Completed in 0ms
538 silly placeDep node_modules/@babel/code-frame color-convert@1.9.3 OK for: ansi-styles@3.2.1 want: ^1.9.0
539 silly fetch manifest color-name@1.1.3
540 timing idealTree:node_modules/@babel/code-frame/node_modules/ansi-styles Completed in 3ms
541 silly placeDep node_modules/@babel/code-frame color-name@1.1.3 OK for: color-convert@1.9.3 want: 1.1.3
542 timing idealTree:node_modules/@babel/code-frame/node_modules/color-convert Completed in 2ms
543 timing idealTree:node_modules/@babel/code-frame/node_modules/color-name Completed in 0ms
544 silly placeDep node_modules/@babel/code-frame has-flag@3.0.0 OK for: supports-color@5.5.0 want: ^3.0.0
545 timing idealTree:node_modules/@babel/code-frame/node_modules/supports-color Completed in 2ms
546 timing idealTree:node_modules/@babel/code-frame/node_modules/has-flag Completed in 0ms
547 silly placeDep node_modules/@babel/highlight ansi-styles@3.2.1 OK for: chalk@2.4.2 want: ^3.2.1
548 silly placeDep node_modules/@babel/highlight supports-color@5.5.0 OK for: chalk@2.4.2 want: ^5.3.0
549 timing idealTree:node_modules/@babel/highlight/node_modules/chalk Completed in 2ms
550 silly placeDep node_modules/@babel/highlight color-convert@1.9.3 OK for: ansi-styles@3.2.1 want: ^1.9.0
551 timing idealTree:node_modules/@babel/highlight/node_modules/ansi-styles Completed in 1ms
552 silly placeDep node_modules/@babel/highlight color-name@1.1.3 OK for: color-convert@1.9.3 want: 1.1.3
553 timing idealTree:node_modules/@babel/highlight/node_modules/color-convert Completed in 1ms
554 timing idealTree:node_modules/@babel/highlight/node_modules/color-name Completed in 0ms
555 silly placeDep node_modules/@babel/highlight has-flag@3.0.0 OK for: supports-color@5.5.0 want: ^3.0.0
556 timing idealTree:node_modules/@babel/highlight/node_modules/supports-color Completed in 1ms
557 timing idealTree:node_modules/@babel/highlight/node_modules/has-flag Completed in 0ms
558 silly placeDep node_modules/@vercel/fs-detectors argparse@2.0.1 OK for: js-yaml@4.1.0 want: ^2.0.1
559 timing idealTree:node_modules/@vercel/fs-detectors/node_modules/js-yaml Completed in 1ms
560 timing idealTree:node_modules/@vercel/fs-detectors/node_modules/argparse Completed in 0ms
561 silly placeDep node_modules/glob brace-expansion@2.0.1 OK for: minimatch@5.1.6 want: ^2.0.1
562 timing idealTree:node_modules/glob/node_modules/minimatch Completed in 3ms
563 timing idealTree:node_modules/glob/node_modules/brace-expansion Completed in 0ms
564 timing idealTree:buildDeps Completed in 8255ms
565 timing idealTree:fixDepFlags Completed in 3ms
566 timing idealTree Completed in 8273ms
567 timing reify:loadTrees Completed in 8274ms
568 timing reify:diffTrees Completed in 4ms
569 silly reify moves {}
570 timing reify:retireShallow Completed in 1ms
571 timing reify:createSparse Completed in 50ms
572 timing reify:loadBundles Completed in 0ms
573 silly audit bulk request {
573 silly audit   'create-sanity': [ '3.15.1' ],
573 silly audit   '@sanity/cli': [ '3.15.1' ],
573 silly audit   'resolve-pkg': [ '2.0.0' ],
573 silly audit   '@babel/traverse': [ '7.22.11' ],
573 silly audit   '@vercel/frameworks': [ '1.5.0' ],
573 silly audit   '@vercel/fs-detectors': [ '4.1.1' ],
573 silly audit   chalk: [ '4.1.2', '2.4.2' ],
573 silly audit   esbuild: [ '0.18.20' ],
573 silly audit   'esbuild-register': [ '3.4.2' ],
573 silly audit   'get-it': [ '8.4.3' ],
573 silly audit   'golden-fleece': [ '1.0.9' ],
573 silly audit   'pkg-dir': [ '5.0.0' ],
573 silly audit   '@babel/code-frame': [ '7.22.13' ],
573 silly audit   '@babel/generator': [ '7.22.10' ],
573 silly audit   '@babel/helper-environment-visitor': [ '7.22.5' ],
573 silly audit   '@babel/helper-function-name': [ '7.22.5' ],
573 silly audit   '@babel/helper-hoist-variables': [ '7.22.5' ],
573 silly audit   '@babel/helper-split-export-declaration': [ '7.22.6' ],
573 silly audit   '@babel/parser': [ '7.22.13' ],
573 silly audit   '@babel/types': [ '7.22.11' ],
573 silly audit   debug: [ '4.3.4' ],
573 silly audit   globals: [ '11.12.0' ],
573 silly audit   '@babel/highlight': [ '7.22.13' ],
573 silly audit   '@jridgewell/gen-mapping': [ '0.3.3' ],
573 silly audit   '@jridgewell/trace-mapping': [ '0.3.19' ],
573 silly audit   jsesc: [ '2.5.2' ],
573 silly audit   '@babel/template': [ '7.22.5' ],
573 silly audit   '@babel/helper-validator-identifier': [ '7.22.5' ],
573 silly audit   'js-tokens': [ '4.0.0' ],
573 silly audit   '@babel/helper-string-parser': [ '7.22.5' ],
573 silly audit   'to-fast-properties': [ '2.0.0' ],
573 silly audit   '@jridgewell/set-array': [ '1.1.2' ],
573 silly audit   '@jridgewell/sourcemap-codec': [ '1.4.15' ],
573 silly audit   '@jridgewell/resolve-uri': [ '3.1.1' ],
573 silly audit   '@iarna/toml': [ '2.2.3' ],
573 silly audit   'js-yaml': [ '3.13.1', '4.1.0' ],
573 silly audit   '@vercel/error-utils': [ '1.0.10' ],
573 silly audit   '@vercel/routing-utils': [ '2.2.1' ],
573 silly audit   glob: [ '8.0.3' ],
573 silly audit   json5: [ '2.2.2' ],
573 silly audit   minimatch: [ '3.1.2', '5.1.6' ],
573 silly audit   semver: [ '6.1.1' ],
573 silly audit   ajv: [ '6.12.6' ],
573 silly audit   'path-to-regexp': [ '6.1.0' ],
573 silly audit   'fast-deep-equal': [ '3.1.3' ],
573 silly audit   'fast-json-stable-stringify': [ '2.1.0' ],
573 silly audit   'json-schema-traverse': [ '0.4.1' ],
573 silly audit   'uri-js': [ '4.4.1' ],
573 silly audit   'ansi-styles': [ '4.3.0', '3.2.1' ],
573 silly audit   'supports-color': [ '7.2.0', '5.5.0' ],
573 silly audit   'color-convert': [ '2.0.1', '1.9.3' ],
573 silly audit   'color-name': [ '1.1.4', '1.1.3' ],
573 silly audit   ms: [ '2.1.2' ],
573 silly audit   '@esbuild/android-arm': [ '0.18.20' ],
573 silly audit   '@esbuild/android-arm64': [ '0.18.20' ],
573 silly audit   '@esbuild/android-x64': [ '0.18.20' ],
573 silly audit   '@esbuild/darwin-arm64': [ '0.18.20' ],
573 silly audit   '@esbuild/darwin-x64': [ '0.18.20' ],
573 silly audit   '@esbuild/freebsd-arm64': [ '0.18.20' ],
573 silly audit   '@esbuild/freebsd-x64': [ '0.18.20' ],
573 silly audit   '@esbuild/linux-arm': [ '0.18.20' ],
573 silly audit   '@esbuild/linux-arm64': [ '0.18.20' ],
573 silly audit   '@esbuild/linux-ia32': [ '0.18.20' ],
573 silly audit   '@esbuild/linux-loong64': [ '0.18.20' ],
573 silly audit   '@esbuild/linux-mips64el': [ '0.18.20' ],
573 silly audit   '@esbuild/linux-ppc64': [ '0.18.20' ],
573 silly audit   '@esbuild/linux-riscv64': [ '0.18.20' ],
573 silly audit   '@esbuild/linux-s390x': [ '0.18.20' ],
573 silly audit   '@esbuild/linux-x64': [ '0.18.20' ],
573 silly audit   '@esbuild/netbsd-x64': [ '0.18.20' ],
573 silly audit   '@esbuild/openbsd-x64': [ '0.18.20' ],
573 silly audit   '@esbuild/sunos-x64': [ '0.18.20' ],
573 silly audit   '@esbuild/win32-arm64': [ '0.18.20' ],
573 silly audit   '@esbuild/win32-ia32': [ '0.18.20' ],
573 silly audit   '@esbuild/win32-x64': [ '0.18.20' ],
573 silly audit   'decompress-response': [ '7.0.0' ],
573 silly audit   'follow-redirects': [ '1.15.2' ],
573 silly audit   'into-stream': [ '6.0.0' ],
573 silly audit   'is-plain-object': [ '5.0.0' ],
573 silly audit   'is-retry-allowed': [ '2.2.0' ],
573 silly audit   'is-stream': [ '2.0.1' ],
573 silly audit   'parse-headers': [ '2.0.5' ],
573 silly audit   'progress-stream': [ '2.0.0' ],
573 silly audit   'tunnel-agent': [ '0.6.0' ],
573 silly audit   'mimic-response': [ '3.1.0' ],
573 silly audit   'fs.realpath': [ '1.0.0' ],
573 silly audit   inflight: [ '1.0.6' ],
573 silly audit   inherits: [ '2.0.4' ],
573 silly audit   once: [ '1.4.0' ],
573 silly audit   wrappy: [ '1.0.2' ],
573 silly audit   from2: [ '2.3.0' ],
573 silly audit   'p-is-promise': [ '3.0.0' ],
573 silly audit   'readable-stream': [ '2.3.8' ],
573 silly audit   argparse: [ '1.0.10', '2.0.1' ],
573 silly audit   esprima: [ '4.0.1' ],
573 silly audit   'sprintf-js': [ '1.0.3' ],
573 silly audit   'brace-expansion': [ '1.1.11', '2.0.1' ],
573 silly audit   'balanced-match': [ '1.0.2' ],
573 silly audit   'concat-map': [ '0.0.1' ],
573 silly audit   'find-up': [ '5.0.0' ],
573 silly audit   'locate-path': [ '6.0.0' ],
573 silly audit   'path-exists': [ '4.0.0' ],
573 silly audit   'p-locate': [ '5.0.0' ],
573 silly audit   'p-limit': [ '3.1.0' ],
573 silly audit   'yocto-queue': [ '0.1.0' ],
573 silly audit   speedometer: [ '1.0.0' ],
573 silly audit   through2: [ '2.0.5' ],
573 silly audit   'core-util-is': [ '1.0.3' ],
573 silly audit   isarray: [ '1.0.0' ],
573 silly audit   'process-nextick-args': [ '2.0.1' ],
573 silly audit   'safe-buffer': [ '5.1.2' ],
573 silly audit   string_decoder: [ '1.1.1' ],
573 silly audit   'util-deprecate': [ '1.0.2' ],
573 silly audit   'resolve-from': [ '5.0.0' ],
573 silly audit   'has-flag': [ '4.0.0', '3.0.0' ],
573 silly audit   xtend: [ '4.0.2' ],
573 silly audit   punycode: [ '2.3.0' ],
573 silly audit   'escape-string-regexp': [ '1.0.5' ]
573 silly audit }
574 verbose reify failed optional dependency C:\Users\roko\Desktop\Studio\npm-cache\_npx\67a0730928194b24\node_modules\@esbuild\win32-ia32
575 silly reify mark deleted [
575 silly reify   'C:\\Users\\roko\\Desktop\\Studio\\npm-cache\\_npx\\67a0730928194b24\\node_modules\\@esbuild\\win32-ia32'
575 silly reify ]
576 verbose reify failed optional dependency C:\Users\roko\Desktop\Studio\npm-cache\_npx\67a0730928194b24\node_modules\@esbuild\win32-arm64
577 silly reify mark deleted [
577 silly reify   'C:\\Users\\roko\\Desktop\\Studio\\npm-cache\\_npx\\67a0730928194b24\\node_modules\\@esbuild\\win32-arm64'
577 silly reify ]
578 verbose reify failed optional dependency C:\Users\roko\Desktop\Studio\npm-cache\_npx\67a0730928194b24\node_modules\@esbuild\sunos-x64
579 silly reify mark deleted [
579 silly reify   'C:\\Users\\roko\\Desktop\\Studio\\npm-cache\\_npx\\67a0730928194b24\\node_modules\\@esbuild\\sunos-x64'
579 silly reify ]
580 verbose reify failed optional dependency C:\Users\roko\Desktop\Studio\npm-cache\_npx\67a0730928194b24\node_modules\@esbuild\openbsd-x64
581 silly reify mark deleted [
581 silly reify   'C:\\Users\\roko\\Desktop\\Studio\\npm-cache\\_npx\\67a0730928194b24\\node_modules\\@esbuild\\openbsd-x64'
581 silly reify ]
582 verbose reify failed optional dependency C:\Users\roko\Desktop\Studio\npm-cache\_npx\67a0730928194b24\node_modules\@esbuild\netbsd-x64
583 silly reify mark deleted [
583 silly reify   'C:\\Users\\roko\\Desktop\\Studio\\npm-cache\\_npx\\67a0730928194b24\\node_modules\\@esbuild\\netbsd-x64'
583 silly reify ]
584 verbose reify failed optional dependency C:\Users\roko\Desktop\Studio\npm-cache\_npx\67a0730928194b24\node_modules\@esbuild\linux-x64
585 silly reify mark deleted [
585 silly reify   'C:\\Users\\roko\\Desktop\\Studio\\npm-cache\\_npx\\67a0730928194b24\\node_modules\\@esbuild\\linux-x64'
585 silly reify ]
586 verbose reify failed optional dependency C:\Users\roko\Desktop\Studio\npm-cache\_npx\67a0730928194b24\node_modules\@esbuild\linux-s390x
587 silly reify mark deleted [
587 silly reify   'C:\\Users\\roko\\Desktop\\Studio\\npm-cache\\_npx\\67a0730928194b24\\node_modules\\@esbuild\\linux-s390x'
587 silly reify ]
588 verbose reify failed optional dependency C:\Users\roko\Desktop\Studio\npm-cache\_npx\67a0730928194b24\node_modules\@esbuild\linux-riscv64
589 silly reify mark deleted [
589 silly reify   'C:\\Users\\roko\\Desktop\\Studio\\npm-cache\\_npx\\67a0730928194b24\\node_modules\\@esbuild\\linux-riscv64'
589 silly reify ]
590 verbose reify failed optional dependency C:\Users\roko\Desktop\Studio\npm-cache\_npx\67a0730928194b24\node_modules\@esbuild\linux-ppc64
591 silly reify mark deleted [
591 silly reify   'C:\\Users\\roko\\Desktop\\Studio\\npm-cache\\_npx\\67a0730928194b24\\node_modules\\@esbuild\\linux-ppc64'
591 silly reify ]
592 verbose reify failed optional dependency C:\Users\roko\Desktop\Studio\npm-cache\_npx\67a0730928194b24\node_modules\@esbuild\linux-mips64el
593 silly reify mark deleted [
593 silly reify   'C:\\Users\\roko\\Desktop\\Studio\\npm-cache\\_npx\\67a0730928194b24\\node_modules\\@esbuild\\linux-mips64el'
593 silly reify ]
594 verbose reify failed optional dependency C:\Users\roko\Desktop\Studio\npm-cache\_npx\67a0730928194b24\node_modules\@esbuild\linux-loong64
595 silly reify mark deleted [
595 silly reify   'C:\\Users\\roko\\Desktop\\Studio\\npm-cache\\_npx\\67a0730928194b24\\node_modules\\@esbuild\\linux-loong64'
595 silly reify ]
596 verbose reify failed optional dependency C:\Users\roko\Desktop\Studio\npm-cache\_npx\67a0730928194b24\node_modules\@esbuild\linux-ia32
597 silly reify mark deleted [
597 silly reify   'C:\\Users\\roko\\Desktop\\Studio\\npm-cache\\_npx\\67a0730928194b24\\node_modules\\@esbuild\\linux-ia32'
597 silly reify ]
598 verbose reify failed optional dependency C:\Users\roko\Desktop\Studio\npm-cache\_npx\67a0730928194b24\node_modules\@esbuild\linux-arm64
599 silly reify mark deleted [
599 silly reify   'C:\\Users\\roko\\Desktop\\Studio\\npm-cache\\_npx\\67a0730928194b24\\node_modules\\@esbuild\\linux-arm64'
599 silly reify ]
600 verbose reify failed optional dependency C:\Users\roko\Desktop\Studio\npm-cache\_npx\67a0730928194b24\node_modules\@esbuild\linux-arm
601 silly reify mark deleted [
601 silly reify   'C:\\Users\\roko\\Desktop\\Studio\\npm-cache\\_npx\\67a0730928194b24\\node_modules\\@esbuild\\linux-arm'
601 silly reify ]
602 verbose reify failed optional dependency C:\Users\roko\Desktop\Studio\npm-cache\_npx\67a0730928194b24\node_modules\@esbuild\freebsd-x64
603 silly reify mark deleted [
603 silly reify   'C:\\Users\\roko\\Desktop\\Studio\\npm-cache\\_npx\\67a0730928194b24\\node_modules\\@esbuild\\freebsd-x64'
603 silly reify ]
604 verbose reify failed optional dependency C:\Users\roko\Desktop\Studio\npm-cache\_npx\67a0730928194b24\node_modules\@esbuild\freebsd-arm64
605 silly reify mark deleted [
605 silly reify   'C:\\Users\\roko\\Desktop\\Studio\\npm-cache\\_npx\\67a0730928194b24\\node_modules\\@esbuild\\freebsd-arm64'
605 silly reify ]
606 verbose reify failed optional dependency C:\Users\roko\Desktop\Studio\npm-cache\_npx\67a0730928194b24\node_modules\@esbuild\darwin-x64
607 silly reify mark deleted [
607 silly reify   'C:\\Users\\roko\\Desktop\\Studio\\npm-cache\\_npx\\67a0730928194b24\\node_modules\\@esbuild\\darwin-x64'
607 silly reify ]
608 verbose reify failed optional dependency C:\Users\roko\Desktop\Studio\npm-cache\_npx\67a0730928194b24\node_modules\@esbuild\darwin-arm64
609 silly reify mark deleted [
609 silly reify   'C:\\Users\\roko\\Desktop\\Studio\\npm-cache\\_npx\\67a0730928194b24\\node_modules\\@esbuild\\darwin-arm64'
609 silly reify ]
610 verbose reify failed optional dependency C:\Users\roko\Desktop\Studio\npm-cache\_npx\67a0730928194b24\node_modules\@esbuild\android-x64
611 silly reify mark deleted [
611 silly reify   'C:\\Users\\roko\\Desktop\\Studio\\npm-cache\\_npx\\67a0730928194b24\\node_modules\\@esbuild\\android-x64'
611 silly reify ]
612 verbose reify failed optional dependency C:\Users\roko\Desktop\Studio\npm-cache\_npx\67a0730928194b24\node_modules\@esbuild\android-arm64
613 silly reify mark deleted [
613 silly reify   'C:\\Users\\roko\\Desktop\\Studio\\npm-cache\\_npx\\67a0730928194b24\\node_modules\\@esbuild\\android-arm64'
613 silly reify ]
614 verbose reify failed optional dependency C:\Users\roko\Desktop\Studio\npm-cache\_npx\67a0730928194b24\node_modules\@esbuild\android-arm
615 silly reify mark deleted [
615 silly reify   'C:\\Users\\roko\\Desktop\\Studio\\npm-cache\\_npx\\67a0730928194b24\\node_modules\\@esbuild\\android-arm'
615 silly reify ]
616 timing reifyNode:node_modules/@esbuild/win32-ia32 Completed in 41ms
617 timing reifyNode:node_modules/@esbuild/win32-arm64 Completed in 41ms
618 timing reifyNode:node_modules/@esbuild/sunos-x64 Completed in 41ms
619 timing reifyNode:node_modules/@esbuild/openbsd-x64 Completed in 41ms
620 timing reifyNode:node_modules/@esbuild/netbsd-x64 Completed in 41ms
621 timing reifyNode:node_modules/@esbuild/linux-x64 Completed in 41ms
622 timing reifyNode:node_modules/@esbuild/linux-s390x Completed in 42ms
623 timing reifyNode:node_modules/@esbuild/linux-riscv64 Completed in 42ms
624 timing reifyNode:node_modules/@esbuild/linux-ppc64 Completed in 42ms
625 timing reifyNode:node_modules/@esbuild/linux-mips64el Completed in 42ms
626 timing reifyNode:node_modules/@esbuild/linux-loong64 Completed in 42ms
627 timing reifyNode:node_modules/@esbuild/linux-ia32 Completed in 42ms
628 timing reifyNode:node_modules/@esbuild/linux-arm64 Completed in 42ms
629 timing reifyNode:node_modules/@esbuild/linux-arm Completed in 42ms
630 timing reifyNode:node_modules/@esbuild/freebsd-x64 Completed in 42ms
631 timing reifyNode:node_modules/@esbuild/freebsd-arm64 Completed in 41ms
632 timing reifyNode:node_modules/@esbuild/darwin-x64 Completed in 41ms
633 timing reifyNode:node_modules/@esbuild/darwin-arm64 Completed in 40ms
634 timing reifyNode:node_modules/@esbuild/android-x64 Completed in 40ms
635 timing reifyNode:node_modules/@esbuild/android-arm64 Completed in 40ms
636 timing reifyNode:node_modules/@esbuild/android-arm Completed in 41ms
637 silly tarball no local data for escape-string-regexp@https://registry.npmjs.org/escape-string-regexp/-/escape-string-regexp-1.0.5.tgz. Extracting by manifest.
638 silly tarball no local data for punycode@https://registry.npmjs.org/punycode/-/punycode-2.3.0.tgz. Extracting by manifest.
639 silly tarball no local data for resolve-from@https://registry.npmjs.org/resolve-from/-/resolve-from-5.0.0.tgz. Extracting by manifest.
640 silly tarball no local data for xtend@https://registry.npmjs.org/xtend/-/xtend-4.0.2.tgz. Extracting by manifest.
641 silly tarball no local data for has-flag@https://registry.npmjs.org/has-flag/-/has-flag-4.0.0.tgz. Extracting by manifest.
642 silly tarball no local data for string_decoder@https://registry.npmjs.org/string_decoder/-/string_decoder-1.1.1.tgz. Extracting by manifest.
643 silly tarball no local data for safe-buffer@https://registry.npmjs.org/safe-buffer/-/safe-buffer-5.1.2.tgz. Extracting by manifest.
644 silly tarball no local data for process-nextick-args@https://registry.npmjs.org/process-nextick-args/-/process-nextick-args-2.0.1.tgz. Extracting by manifest.
645 silly tarball no local data for isarray@https://registry.npmjs.org/isarray/-/isarray-1.0.0.tgz. Extracting by manifest.
646 silly tarball no local data for through2@https://registry.npmjs.org/through2/-/through2-2.0.5.tgz. Extracting by manifest.
647 silly tarball no local data for core-util-is@https://registry.npmjs.org/core-util-is/-/core-util-is-1.0.3.tgz. Extracting by manifest.
648 silly tarball no local data for speedometer@https://registry.npmjs.org/speedometer/-/speedometer-1.0.0.tgz. Extracting by manifest.
649 silly tarball no local data for yocto-queue@https://registry.npmjs.org/yocto-queue/-/yocto-queue-0.1.0.tgz. Extracting by manifest.
650 silly tarball no local data for p-limit@https://registry.npmjs.org/p-limit/-/p-limit-3.1.0.tgz. Extracting by manifest.
651 silly tarball no local data for p-locate@https://registry.npmjs.org/p-locate/-/p-locate-5.0.0.tgz. Extracting by manifest.
652 silly tarball no local data for locate-path@https://registry.npmjs.org/locate-path/-/locate-path-6.0.0.tgz. Extracting by manifest.
653 silly tarball no local data for esprima@https://registry.npmjs.org/esprima/-/esprima-4.0.1.tgz. Extracting by manifest.
654 silly tarball no local data for argparse@https://registry.npmjs.org/argparse/-/argparse-1.0.10.tgz. Extracting by manifest.
655 silly tarball no local data for path-exists@https://registry.npmjs.org/path-exists/-/path-exists-4.0.0.tgz. Extracting by manifest.
656 silly tarball no local data for readable-stream@https://registry.npmjs.org/readable-stream/-/readable-stream-2.3.8.tgz. Extracting by manifest.
657 silly tarball no local data for from2@https://registry.npmjs.org/from2/-/from2-2.3.0.tgz. Extracting by manifest.
658 silly tarball no local data for p-is-promise@https://registry.npmjs.org/p-is-promise/-/p-is-promise-3.0.0.tgz. Extracting by manifest.
659 silly tarball no local data for mimic-response@https://registry.npmjs.org/mimic-response/-/mimic-response-3.1.0.tgz. Extracting by manifest.
660 silly tarball no local data for tunnel-agent@https://registry.npmjs.org/tunnel-agent/-/tunnel-agent-0.6.0.tgz. Extracting by manifest.
661 silly tarball no local data for progress-stream@https://registry.npmjs.org/progress-stream/-/progress-stream-2.0.0.tgz. Extracting by manifest.
662 silly tarball no local data for is-stream@https://registry.npmjs.org/is-stream/-/is-stream-2.0.1.tgz. Extracting by manifest.
663 silly tarball no local data for sprintf-js@https://registry.npmjs.org/sprintf-js/-/sprintf-js-1.0.3.tgz. Extracting by manifest.
664 silly tarball no local data for is-plain-object@https://registry.npmjs.org/is-plain-object/-/is-plain-object-5.0.0.tgz. Extracting by manifest.
665 silly tarball no local data for is-retry-allowed@https://registry.npmjs.org/is-retry-allowed/-/is-retry-allowed-2.2.0.tgz. Extracting by manifest.
666 silly tarball no local data for follow-redirects@https://registry.npmjs.org/follow-redirects/-/follow-redirects-1.15.2.tgz. Extracting by manifest.
667 silly tarball no local data for decompress-response@https://registry.npmjs.org/decompress-response/-/decompress-response-7.0.0.tgz. Extracting by manifest.
668 silly tarball no local data for find-up@https://registry.npmjs.org/find-up/-/find-up-5.0.0.tgz. Extracting by manifest.
669 silly tarball no local data for @esbuild/win32-x64@https://registry.npmjs.org/@esbuild/win32-x64/-/win32-x64-0.18.20.tgz. Extracting by manifest.
670 silly tarball no local data for ms@https://registry.npmjs.org/ms/-/ms-2.1.2.tgz. Extracting by manifest.
671 silly tarball no local data for supports-color@https://registry.npmjs.org/supports-color/-/supports-color-7.2.0.tgz. Extracting by manifest.
672 silly tarball no local data for color-name@https://registry.npmjs.org/color-name/-/color-name-1.1.4.tgz. Extracting by manifest.
673 silly tarball no local data for uri-js@https://registry.npmjs.org/uri-js/-/uri-js-4.4.1.tgz. Extracting by manifest.
674 silly tarball no local data for ansi-styles@https://registry.npmjs.org/ansi-styles/-/ansi-styles-4.3.0.tgz. Extracting by manifest.
675 silly tarball no local data for parse-headers@https://registry.npmjs.org/parse-headers/-/parse-headers-2.0.5.tgz. Extracting by manifest.
676 silly tarball no local data for color-convert@https://registry.npmjs.org/color-convert/-/color-convert-2.0.1.tgz. Extracting by manifest.
677 silly tarball no local data for json-schema-traverse@https://registry.npmjs.org/json-schema-traverse/-/json-schema-traverse-0.4.1.tgz. Extracting by manifest.
678 silly tarball no local data for fast-deep-equal@https://registry.npmjs.org/fast-deep-equal/-/fast-deep-equal-3.1.3.tgz. Extracting by manifest.
679 silly tarball no local data for fast-json-stable-stringify@https://registry.npmjs.org/fast-json-stable-stringify/-/fast-json-stable-stringify-2.1.0.tgz. Extracting by manifest.
680 silly tarball no local data for ajv@https://registry.npmjs.org/ajv/-/ajv-6.12.6.tgz. Extracting by manifest.
681 silly tarball no local data for path-to-regexp@https://registry.npmjs.org/path-to-regexp/-/path-to-regexp-6.1.0.tgz. Extracting by manifest.
682 silly tarball no local data for glob@https://registry.npmjs.org/glob/-/glob-8.0.3.tgz. Extracting by manifest.
683 silly tarball no local data for @vercel/routing-utils@https://registry.npmjs.org/@vercel/routing-utils/-/routing-utils-2.2.1.tgz. Extracting by manifest.
684 silly tarball no local data for @iarna/toml@https://registry.npmjs.org/@iarna/toml/-/toml-2.2.3.tgz. Extracting by manifest.
685 silly tarball no local data for js-yaml@https://registry.npmjs.org/js-yaml/-/js-yaml-3.13.1.tgz. Extracting by manifest.
686 silly tarball no local data for to-fast-properties@https://registry.npmjs.org/to-fast-properties/-/to-fast-properties-2.0.0.tgz. Extracting by manifest.
687 silly tarball no local data for semver@https://registry.npmjs.org/semver/-/semver-6.1.1.tgz. Extracting by manifest.
688 silly tarball no local data for @babel/helper-string-parser@https://registry.npmjs.org/@babel/helper-string-parser/-/helper-string-parser-7.22.5.tgz. Extracting by manifest.
689 silly tarball no local data for @babel/helper-validator-identifier@https://registry.npmjs.org/@babel/helper-validator-identifier/-/helper-validator-identifier-7.22.5.tgz. Extracting by manifest.
690 silly tarball no local data for into-stream@https://registry.npmjs.org/into-stream/-/into-stream-6.0.0.tgz. Extracting by manifest.
691 silly tarball no local data for jsesc@https://registry.npmjs.org/jsesc/-/jsesc-2.5.2.tgz. Extracting by manifest.
692 silly tarball no local data for globals@https://registry.npmjs.org/globals/-/globals-11.12.0.tgz. Extracting by manifest.
693 silly tarball no local data for @babel/template@https://registry.npmjs.org/@babel/template/-/template-7.22.5.tgz. Extracting by manifest.
694 silly tarball no local data for debug@https://registry.npmjs.org/debug/-/debug-4.3.4.tgz. Extracting by manifest.
695 silly tarball no local data for @babel/parser@https://registry.npmjs.org/@babel/parser/-/parser-7.22.13.tgz. Extracting by manifest.
696 silly tarball no local data for @babel/highlight@https://registry.npmjs.org/@babel/highlight/-/highlight-7.22.13.tgz. Extracting by manifest.
697 silly tarball no local data for @babel/types@https://registry.npmjs.org/@babel/types/-/types-7.22.11.tgz. Extracting by manifest.
698 silly tarball no local data for @babel/helper-split-export-declaration@https://registry.npmjs.org/@babel/helper-split-export-declaration/-/helper-split-export-declaration-7.22.6.tgz. Extracting by manifest.
699 silly tarball no local data for @babel/helper-hoist-variables@https://registry.npmjs.org/@babel/helper-hoist-variables/-/helper-hoist-variables-7.22.5.tgz. Extracting by manifest.
700 silly tarball no local data for @babel/helper-function-name@https://registry.npmjs.org/@babel/helper-function-name/-/helper-function-name-7.22.5.tgz. Extracting by manifest.
701 silly tarball no local data for @babel/helper-environment-visitor@https://registry.npmjs.org/@babel/helper-environment-visitor/-/helper-environment-visitor-7.22.5.tgz. Extracting by manifest.
702 silly tarball no local data for @babel/generator@https://registry.npmjs.org/@babel/generator/-/generator-7.22.10.tgz. Extracting by manifest.
703 silly tarball no local data for golden-fleece@https://registry.npmjs.org/golden-fleece/-/golden-fleece-1.0.9.tgz. Extracting by manifest.
704 silly tarball no local data for pkg-dir@https://registry.npmjs.org/pkg-dir/-/pkg-dir-5.0.0.tgz. Extracting by manifest.
705 silly tarball no local data for @babel/code-frame@https://registry.npmjs.org/@babel/code-frame/-/code-frame-7.22.13.tgz. Extracting by manifest.
706 silly tarball no local data for get-it@https://registry.npmjs.org/get-it/-/get-it-8.4.3.tgz. Extracting by manifest.
707 silly tarball no local data for esbuild-register@https://registry.npmjs.org/esbuild-register/-/esbuild-register-3.4.2.tgz. Extracting by manifest.
708 silly tarball no local data for @vercel/fs-detectors@https://registry.npmjs.org/@vercel/fs-detectors/-/fs-detectors-4.1.1.tgz. Extracting by manifest.
709 silly tarball no local data for @babel/traverse@https://registry.npmjs.org/@babel/traverse/-/traverse-7.22.11.tgz. Extracting by manifest.
710 silly tarball no local data for @vercel/frameworks@https://registry.npmjs.org/@vercel/frameworks/-/frameworks-1.5.0.tgz. Extracting by manifest.
711 silly tarball no local data for esbuild@https://registry.npmjs.org/esbuild/-/esbuild-0.18.20.tgz. Extracting by manifest.
712 silly tarball no local data for chalk@https://registry.npmjs.org/chalk/-/chalk-4.1.2.tgz. Extracting by manifest.
713 silly tarball no local data for resolve-pkg@https://registry.npmjs.org/resolve-pkg/-/resolve-pkg-2.0.0.tgz. Extracting by manifest.
714 silly tarball no local data for @sanity/cli@https://registry.npmjs.org/@sanity/cli/-/cli-3.15.1.tgz. Extracting by manifest.
715 silly tarball no local data for create-sanity@https://registry.npmjs.org/create-sanity/-/create-sanity-3.15.1.tgz. Extracting by manifest.
716 silly tarball no local data for brace-expansion@https://registry.npmjs.org/brace-expansion/-/brace-expansion-2.0.1.tgz. Extracting by manifest.
717 silly tarball no local data for minimatch@https://registry.npmjs.org/minimatch/-/minimatch-5.1.6.tgz. Extracting by manifest.
718 silly tarball no local data for has-flag@https://registry.npmjs.org/has-flag/-/has-flag-3.0.0.tgz. Extracting by manifest.
719 silly tarball no local data for color-name@https://registry.npmjs.org/color-name/-/color-name-1.1.3.tgz. Extracting by manifest.
720 silly tarball no local data for supports-color@https://registry.npmjs.org/supports-color/-/supports-color-5.5.0.tgz. Extracting by manifest.
721 silly tarball no local data for color-convert@https://registry.npmjs.org/color-convert/-/color-convert-1.9.3.tgz. Extracting by manifest.
722 silly tarball no local data for chalk@https://registry.npmjs.org/chalk/-/chalk-2.4.2.tgz. Extracting by manifest.
723 silly tarball no local data for ansi-styles@https://registry.npmjs.org/ansi-styles/-/ansi-styles-3.2.1.tgz. Extracting by manifest.
724 silly tarball no local data for has-flag@https://registry.npmjs.org/has-flag/-/has-flag-3.0.0.tgz. Extracting by manifest.
725 silly tarball no local data for color-name@https://registry.npmjs.org/color-name/-/color-name-1.1.3.tgz. Extracting by manifest.
726 silly tarball no local data for supports-color@https://registry.npmjs.org/supports-color/-/supports-color-5.5.0.tgz. Extracting by manifest.
727 silly tarball no local data for color-convert@https://registry.npmjs.org/color-convert/-/color-convert-1.9.3.tgz. Extracting by manifest.
728 silly tarball no local data for ansi-styles@https://registry.npmjs.org/ansi-styles/-/ansi-styles-3.2.1.tgz. Extracting by manifest.
729 silly tarball no local data for argparse@https://registry.npmjs.org/argparse/-/argparse-2.0.1.tgz. Extracting by manifest.
730 silly tarball no local data for js-yaml@https://registry.npmjs.org/js-yaml/-/js-yaml-4.1.0.tgz. Extracting by manifest.
731 silly tarball no local data for chalk@https://registry.npmjs.org/chalk/-/chalk-2.4.2.tgz. Extracting by manifest.
732 silly tarball no local data for @vercel/error-utils@https://registry.npmjs.org/@vercel/error-utils/-/error-utils-1.0.10.tgz. Extracting by manifest.
733 silly tarball no local data for json5@https://registry.npmjs.org/json5/-/json5-2.2.2.tgz. Extracting by manifest.
734 http fetch POST 200 https://registry.npmjs.org/-/npm/v1/security/advisories/bulk 320ms
735 timing auditReport:getReport Completed in 325ms
736 silly audit report {
736 silly audit report   semver: [
736 silly audit report     {
736 silly audit report       id: 1092460,
736 silly audit report       url: 'https://github.com/advisories/GHSA-c2qf-rxjj-qqgw',
736 silly audit report       title: 'semver vulnerable to Regular Expression Denial of Service',
736 silly audit report       severity: 'moderate',
736 silly audit report       vulnerable_versions: '>=6.0.0 <6.3.1',
736 silly audit report       cwe: [Array],
736 silly audit report       cvss: [Object]
736 silly audit report     }
736 silly audit report   ]
736 silly audit report }
737 timing metavuln:packument:semver Completed in 1ms
738 timing metavuln:cache:get:security-advisory:semver:kAFjC+gZYE0hg0fnwRCthyeJmOP92DfFUBq7TwOAbcgH8333wOUXJiBMf3cV5pyGPYsWeSSSBLLcOEcTn3mGyA== Completed in 10ms
739 timing metavuln:load:security-advisory:semver:1092460 Completed in 5ms
740 http fetch GET 200 https://registry.npmjs.org/safe-buffer/-/safe-buffer-5.1.2.tgz 514ms (cache miss)
741 http fetch GET 200 https://registry.npmjs.org/has-flag/-/has-flag-4.0.0.tgz 518ms (cache miss)
742 http fetch GET 200 https://registry.npmjs.org/through2/-/through2-2.0.5.tgz 524ms (cache miss)
743 http fetch GET 200 https://registry.npmjs.org/p-limit/-/p-limit-3.1.0.tgz 520ms (cache miss)
744 http fetch GET 200 https://registry.npmjs.org/isarray/-/isarray-1.0.0.tgz 542ms (cache miss)
745 http fetch GET 200 https://registry.npmjs.org/escape-string-regexp/-/escape-string-regexp-1.0.5.tgz 553ms (cache miss)
746 timing reifyNode:node_modules/wrappy Completed in 633ms
747 timing reifyNode:node_modules/brace-expansion Completed in 634ms
748 timing reifyNode:node_modules/once Completed in 634ms
749 timing reifyNode:node_modules/inflight Completed in 634ms
750 http fetch GET 200 https://registry.npmjs.org/process-nextick-args/-/process-nextick-args-2.0.1.tgz 551ms (cache miss)
751 timing reifyNode:node_modules/process-nextick-args Completed in 636ms
752 http fetch GET 200 https://registry.npmjs.org/string_decoder/-/string_decoder-1.1.1.tgz 555ms (cache miss)
753 http fetch GET 200 https://registry.npmjs.org/xtend/-/xtend-4.0.2.tgz 559ms (cache miss)
754 http fetch GET 200 https://registry.npmjs.org/punycode/-/punycode-2.3.0.tgz 562ms (cache miss)
755 http fetch GET 200 https://registry.npmjs.org/resolve-from/-/resolve-from-5.0.0.tgz 561ms (cache miss)
756 http fetch GET 200 https://registry.npmjs.org/speedometer/-/speedometer-1.0.0.tgz 549ms (cache miss)
757 timing reifyNode:node_modules/speedometer Completed in 642ms
758 timing reifyNode:node_modules/through2 Completed in 644ms
759 http fetch GET 200 https://registry.npmjs.org/core-util-is/-/core-util-is-1.0.3.tgz 576ms (cache miss)
760 http fetch GET 200 https://registry.npmjs.org/locate-path/-/locate-path-6.0.0.tgz 572ms (cache miss)
761 timing reifyNode:node_modules/core-util-is Completed in 691ms
762 timing reifyNode:node_modules/escape-string-regexp Completed in 692ms
763 http fetch GET 200 https://registry.npmjs.org/p-locate/-/p-locate-5.0.0.tgz 601ms (cache miss)
764 timing metavuln:cache:put:security-advisory:semver:kAFjC+gZYE0hg0fnwRCthyeJmOP92DfFUBq7TwOAbcgH8333wOUXJiBMf3cV5pyGPYsWeSSSBLLcOEcTn3mGyA== Completed in 368ms
765 timing metavuln:calculate:security-advisory:semver:1092460 Completed in 383ms
766 timing metavuln:packument:@vercel/fs-detectors Completed in 0ms
767 timing reifyNode:node_modules/minimatch Completed in 697ms
768 http fetch GET 200 https://registry.npmjs.org/from2/-/from2-2.3.0.tgz 602ms (cache miss)
769 http fetch GET 200 https://registry.npmjs.org/yocto-queue/-/yocto-queue-0.1.0.tgz 615ms (cache miss)
770 timing metavuln:cache:get:security-advisory:@vercel/fs-detectors:mugAStwAaaMJAnzwaUVq0e92MNyWXyYG1mDHv0wPWkYWz0JaaB9bzVy17BhyyQo8FmEId6BAPqydYqVBmQphAw== Completed in 11ms
771 timing metavuln:load:security-advisory:@vercel/fs-detectors:kAFjC+gZYE0hg0fnwRCthyeJmOP92DfFUBq7TwOAbcgH8333wOUXJiBMf3cV5pyGPYsWeSSSBLLcOEcTn3mGyA== Completed in 4ms
772 timing reifyNode:node_modules/inherits Completed in 718ms
773 timing reifyNode:node_modules/has-flag Completed in 722ms
774 timing reifyNode:node_modules/resolve-from Completed in 727ms
775 timing reifyNode:node_modules/p-limit Completed in 739ms
776 timing reifyNode:node_modules/yocto-queue Completed in 739ms
777 http fetch GET 200 https://registry.npmjs.org/mimic-response/-/mimic-response-3.1.0.tgz 638ms (cache miss)
778 http fetch GET 200 https://registry.npmjs.org/progress-stream/-/progress-stream-2.0.0.tgz 636ms (cache miss)
779 http fetch GET 200 https://registry.npmjs.org/path-exists/-/path-exists-4.0.0.tgz 644ms (cache miss)
780 http fetch GET 200 https://registry.npmjs.org/tunnel-agent/-/tunnel-agent-0.6.0.tgz 642ms (cache miss)
781 timing reifyNode:node_modules/balanced-match Completed in 744ms
782 timing reifyNode:node_modules/fs.realpath Completed in 744ms
783 timing reifyNode:node_modules/js-tokens Completed in 740ms
784 http fetch GET 200 https://registry.npmjs.org/p-is-promise/-/p-is-promise-3.0.0.tgz 664ms (cache miss)
785 http fetch GET 200 https://registry.npmjs.org/decompress-response/-/decompress-response-7.0.0.tgz 656ms (cache miss)
786 timing reifyNode:node_modules/safe-buffer Completed in 768ms
787 timing reifyNode:node_modules/string_decoder Completed in 770ms
788 timing reifyNode:node_modules/punycode Completed in 771ms
789 timing reifyNode:node_modules/p-locate Completed in 772ms
790 timing reifyNode:node_modules/locate-path Completed in 795ms
791 http fetch GET 200 https://registry.npmjs.org/follow-redirects/-/follow-redirects-1.15.2.tgz 687ms (cache miss)
792 http fetch GET 200 https://registry.npmjs.org/is-plain-object/-/is-plain-object-5.0.0.tgz 689ms (cache miss)
793 http fetch GET 200 https://registry.npmjs.org/color-name/-/color-name-1.1.4.tgz 684ms (cache miss)
794 http fetch GET 200 https://registry.npmjs.org/ms/-/ms-2.1.2.tgz 686ms (cache miss)
795 http fetch GET 200 https://registry.npmjs.org/json-schema-traverse/-/json-schema-traverse-0.4.1.tgz 674ms (cache miss)
796 timing reifyNode:node_modules/tunnel-agent Completed in 811ms
797 http fetch GET 200 https://registry.npmjs.org/sprintf-js/-/sprintf-js-1.0.3.tgz 705ms (cache miss)
798 timing reifyNode:node_modules/p-is-promise Completed in 811ms
799 http fetch GET 200 https://registry.npmjs.org/is-stream/-/is-stream-2.0.1.tgz 707ms (cache miss)
800 http fetch GET 200 https://registry.npmjs.org/is-retry-allowed/-/is-retry-allowed-2.2.0.tgz 704ms (cache miss)
801 timing reifyNode:node_modules/util-deprecate Completed in 815ms
802 timing reifyNode:node_modules/color-name Completed in 825ms
803 http fetch GET 200 https://registry.npmjs.org/parse-headers/-/parse-headers-2.0.5.tgz 710ms (cache miss)
804 timing reifyNode:node_modules/ms Completed in 826ms
805 http fetch GET 200 https://registry.npmjs.org/color-convert/-/color-convert-2.0.1.tgz 709ms (cache miss)
806 http fetch GET 200 https://registry.npmjs.org/find-up/-/find-up-5.0.0.tgz 720ms (cache miss)
807 timing reifyNode:node_modules/from2 Completed in 879ms
808 timing reifyNode:node_modules/path-exists Completed in 881ms
809 http fetch GET 200 https://registry.npmjs.org/supports-color/-/supports-color-7.2.0.tgz 769ms (cache miss)
810 timing reifyNode:node_modules/mimic-response Completed in 881ms
811 timing reifyNode:node_modules/is-retry-allowed Completed in 915ms
812 timing reifyNode:node_modules/is-stream Completed in 916ms
813 timing reifyNode:node_modules/decompress-response Completed in 915ms
814 timing reifyNode:node_modules/xtend Completed in 918ms
815 timing reifyNode:node_modules/supports-color Completed in 934ms
816 timing reifyNode:node_modules/concat-map Completed in 947ms
817 http fetch GET 200 https://registry.npmjs.org/fast-deep-equal/-/fast-deep-equal-3.1.3.tgz 867ms (cache miss)
818 timing reifyNode:node_modules/find-up Completed in 996ms
819 http fetch GET 200 https://registry.npmjs.org/fast-json-stable-stringify/-/fast-json-stable-stringify-2.1.0.tgz 873ms (cache miss)
820 http fetch GET 200 https://registry.npmjs.org/to-fast-properties/-/to-fast-properties-2.0.0.tgz 883ms (cache miss)
821 http fetch GET 200 https://registry.npmjs.org/@babel/helper-validator-identifier/-/helper-validator-identifier-7.22.5.tgz 902ms (cache miss)
822 timing reifyNode:node_modules/is-plain-object Completed in 1040ms
823 http fetch GET 200 https://registry.npmjs.org/ansi-styles/-/ansi-styles-4.3.0.tgz 926ms (cache miss)
824 http fetch GET 200 https://registry.npmjs.org/@babel/helper-string-parser/-/helper-string-parser-7.22.5.tgz 913ms (cache miss)
825 timing reifyNode:node_modules/isarray Completed in 1087ms
826 timing reifyNode:node_modules/to-fast-properties Completed in 1123ms
827 timing metavuln:cache:put:security-advisory:@vercel/fs-detectors:mugAStwAaaMJAnzwaUVq0e92MNyWXyYG1mDHv0wPWkYWz0JaaB9bzVy17BhyyQo8FmEId6BAPqydYqVBmQphAw== Completed in 432ms
828 timing metavuln:calculate:security-advisory:@vercel/fs-detectors:kAFjC+gZYE0hg0fnwRCthyeJmOP92DfFUBq7TwOAbcgH8333wOUXJiBMf3cV5pyGPYsWeSSSBLLcOEcTn3mGyA== Completed in 447ms
829 timing metavuln:packument:@sanity/cli Completed in 0ms
830 timing reifyNode:node_modules/progress-stream Completed in 1149ms
831 timing reifyNode:node_modules/@jridgewell/resolve-uri Completed in 1145ms
832 http fetch GET 200 https://registry.npmjs.org/debug/-/debug-4.3.4.tgz 1018ms (cache miss)
833 http fetch GET 200 https://registry.npmjs.org/@babel/helper-environment-visitor/-/helper-environment-visitor-7.22.5.tgz 1012ms (cache miss)
834 timing metavuln:cache:get:security-advisory:@sanity/cli:cidseGa6oT7f0bouJLsKz5tiSh5MiWlYTVHo/XNuGv6SMFXrsjHYSG3Wsd51hbM0YCPCKFxoBZupbKRfOp1jSg== Completed in 27ms
835 timing metavuln:load:security-advisory:@sanity/cli:mugAStwAaaMJAnzwaUVq0e92MNyWXyYG1mDHv0wPWkYWz0JaaB9bzVy17BhyyQo8FmEId6BAPqydYqVBmQphAw== Completed in 45ms
836 http fetch GET 200 https://registry.npmjs.org/jsesc/-/jsesc-2.5.2.tgz 1090ms (cache miss)
837 http fetch GET 200 https://registry.npmjs.org/into-stream/-/into-stream-6.0.0.tgz 1091ms (cache miss)
838 http fetch GET 200 https://registry.npmjs.org/globals/-/globals-11.12.0.tgz 1090ms (cache miss)
839 http fetch GET 200 https://registry.npmjs.org/@babel/helper-hoist-variables/-/helper-hoist-variables-7.22.5.tgz 1079ms (cache miss)
840 http fetch GET 200 https://registry.npmjs.org/@babel/helper-function-name/-/helper-function-name-7.22.5.tgz 1079ms (cache miss)
841 http fetch GET 200 https://registry.npmjs.org/@babel/helper-split-export-declaration/-/helper-split-export-declaration-7.22.6.tgz 1085ms (cache miss)
842 timing reifyNode:node_modules/@jridgewell/sourcemap-codec Completed in 1224ms
843 timing reifyNode:node_modules/follow-redirects Completed in 1234ms
844 http fetch GET 200 https://registry.npmjs.org/pkg-dir/-/pkg-dir-5.0.0.tgz 1090ms (cache miss)
845 http fetch GET 200 https://registry.npmjs.org/golden-fleece/-/golden-fleece-1.0.9.tgz 1091ms (cache miss)
846 timing reifyNode:node_modules/ansi-styles Completed in 1241ms
847 timing reifyNode:node_modules/@jridgewell/set-array Completed in 1247ms
848 http fetch GET 200 https://registry.npmjs.org/@babel/highlight/-/highlight-7.22.13.tgz 1115ms (cache miss)
849 http fetch GET 200 https://registry.npmjs.org/@babel/code-frame/-/code-frame-7.22.13.tgz 1117ms (cache miss)
850 timing reifyNode:node_modules/color-convert Completed in 1268ms
851 http fetch GET 200 https://registry.npmjs.org/glob/-/glob-8.0.3.tgz 1149ms (cache miss)
852 timing reifyNode:node_modules/parse-headers Completed in 1276ms
853 timing reifyNode:node_modules/into-stream Completed in 1278ms
854 timing reifyNode:node_modules/@babel/helper-string-parser Completed in 1287ms
855 http fetch GET 200 https://registry.npmjs.org/create-sanity/-/create-sanity-3.15.1.tgz 1145ms (cache miss)
856 http fetch GET 200 https://registry.npmjs.org/brace-expansion/-/brace-expansion-2.0.1.tgz 1145ms (cache miss)
857 timing reifyNode:node_modules/globals Completed in 1305ms
858 timing reifyNode:node_modules/@babel/helper-environment-visitor Completed in 1304ms
859 http fetch GET 200 https://registry.npmjs.org/minimatch/-/minimatch-5.1.6.tgz 1148ms (cache miss)
860 timing reifyNode:node_modules/glob Completed in 1311ms
861 timing reifyNode:node_modules/@babel/helper-split-export-declaration Completed in 1312ms
862 timing reifyNode:node_modules/pkg-dir Completed in 1312ms
863 timing reifyNode:node_modules/@babel/helper-hoist-variables Completed in 1312ms
864 http fetch GET 200 https://registry.npmjs.org/resolve-pkg/-/resolve-pkg-2.0.0.tgz 1158ms (cache miss)
865 timing reifyNode:node_modules/create-sanity Completed in 1315ms
866 http fetch GET 200 https://registry.npmjs.org/chalk/-/chalk-4.1.2.tgz 1162ms (cache miss)
867 http fetch GET 200 https://registry.npmjs.org/color-convert/-/color-convert-1.9.3.tgz 1162ms (cache miss)
868 http fetch GET 200 https://registry.npmjs.org/chalk/-/chalk-2.4.2.tgz 1161ms (cache miss)
869 timing reifyNode:node_modules/@babel/highlight Completed in 1325ms
870 timing reifyNode:node_modules/@babel/helper-function-name Completed in 1324ms
871 http fetch GET 200 https://registry.npmjs.org/color-name/-/color-name-1.1.3.tgz 1167ms (cache miss)
872 http fetch GET 200 https://registry.npmjs.org/ansi-styles/-/ansi-styles-3.2.1.tgz 1164ms (cache miss)
873 http fetch GET 200 https://registry.npmjs.org/supports-color/-/supports-color-5.5.0.tgz 1175ms (cache miss)
874 timing reifyNode:node_modules/@jridgewell/gen-mapping Completed in 1336ms
875 http fetch GET 200 https://registry.npmjs.org/has-flag/-/has-flag-3.0.0.tgz 1174ms (cache miss)
876 timing reifyNode:node_modules/@babel/code-frame/node_modules/has-flag Completed in 1336ms
877 timing reifyNode:node_modules/@babel/highlight/node_modules/ansi-styles Completed in 1339ms
878 timing reifyNode:node_modules/json-schema-traverse Completed in 1342ms
879 timing reifyNode:node_modules/@babel/code-frame Completed in 1341ms
880 timing reifyNode:node_modules/resolve-pkg Completed in 1341ms
881 http fetch GET 200 https://registry.npmjs.org/semver/-/semver-6.1.1.tgz 1220ms (cache miss)
882 http fetch GET 200 https://registry.npmjs.org/color-convert/-/color-convert-1.9.3.tgz 1178ms (cache miss)
883 http fetch GET 200 https://registry.npmjs.org/chalk/-/chalk-2.4.2.tgz 1175ms (cache miss)
884 http fetch GET 200 https://registry.npmjs.org/has-flag/-/has-flag-3.0.0.tgz 1188ms (cache miss)
885 timing reifyNode:node_modules/@babel/highlight/node_modules/has-flag Completed in 1348ms
886 timing reifyNode:node_modules/glob/node_modules/brace-expansion Completed in 1356ms
887 http fetch GET 200 https://registry.npmjs.org/ansi-styles/-/ansi-styles-3.2.1.tgz 1186ms (cache miss)
888 http fetch GET 200 https://registry.npmjs.org/color-name/-/color-name-1.1.3.tgz 1192ms (cache miss)
889 timing reifyNode:node_modules/@babel/code-frame/node_modules/ansi-styles Completed in 1362ms
890 http fetch GET 200 https://registry.npmjs.org/supports-color/-/supports-color-5.5.0.tgz 1202ms (cache miss)
891 timing reifyNode:node_modules/@babel/highlight/node_modules/supports-color Completed in 1368ms
892 timing reifyNode:node_modules/glob/node_modules/minimatch Completed in 1373ms
893 timing reifyNode:node_modules/jsesc Completed in 1373ms
894 timing reifyNode:node_modules/semver Completed in 1375ms
895 timing reifyNode:node_modules/debug Completed in 1376ms
896 timing metavuln:cache:put:security-advisory:@sanity/cli:cidseGa6oT7f0bouJLsKz5tiSh5MiWlYTVHo/XNuGv6SMFXrsjHYSG3Wsd51hbM0YCPCKFxoBZupbKRfOp1jSg== Completed in 163ms
897 timing metavuln:calculate:security-advisory:@sanity/cli:mugAStwAaaMJAnzwaUVq0e92MNyWXyYG1mDHv0wPWkYWz0JaaB9bzVy17BhyyQo8FmEId6BAPqydYqVBmQphAw== Completed in 235ms
898 timing metavuln:packument:create-sanity Completed in 0ms
899 timing reifyNode:node_modules/@babel/code-frame/node_modules/supports-color Completed in 1379ms
900 timing metavuln:cache:get:security-advisory:create-sanity:xVgeG64Yly1IjdbxAqDSWE0nEF+w0KXFchC/pPY/Xv0kL9XdH0aBf8UAgJQd1UxR23sMdWGOD+/CrKbz2qlG6g== Completed in 4ms
901 timing metavuln:load:security-advisory:create-sanity:cidseGa6oT7f0bouJLsKz5tiSh5MiWlYTVHo/XNuGv6SMFXrsjHYSG3Wsd51hbM0YCPCKFxoBZupbKRfOp1jSg== Completed in 1214ms
902 http fetch GET 200 https://registry.npmjs.org/esprima/-/esprima-4.0.1.tgz 2509ms (cache miss)
903 timing reifyNode:node_modules/esprima Completed in 2630ms
904 timing reifyNode:node_modules/chalk Completed in 2632ms
905 timing reifyNode:node_modules/@babel/highlight/node_modules/color-name Completed in 2637ms
906 timing reifyNode:node_modules/@babel/highlight/node_modules/color-convert Completed in 2639ms
907 timing reifyNode:node_modules/@babel/code-frame/node_modules/color-name Completed in 2640ms
908 timing reifyNode:node_modules/@babel/highlight/node_modules/chalk Completed in 2643ms
909 timing reifyNode:node_modules/@babel/helper-validator-identifier Completed in 2654ms
910 timing reifyNode:node_modules/@babel/code-frame/node_modules/color-convert Completed in 2654ms
911 timing reifyNode:node_modules/fast-deep-equal Completed in 2657ms
912 http fetch GET 200 https://registry.npmjs.org/esbuild/-/esbuild-0.18.20.tgz 2505ms (cache miss)
913 timing reifyNode:node_modules/@babel/code-frame/node_modules/chalk Completed in 2662ms
914 timing reifyNode:node_modules/esbuild Completed in 2672ms
915 http fetch GET 200 https://registry.npmjs.org/argparse/-/argparse-2.0.1.tgz 2511ms (cache miss)
916 timing metavuln:cache:put:security-advisory:create-sanity:xVgeG64Yly1IjdbxAqDSWE0nEF+w0KXFchC/pPY/Xv0kL9XdH0aBf8UAgJQd1UxR23sMdWGOD+/CrKbz2qlG6g== Completed in 91ms
917 timing metavuln:calculate:security-advisory:create-sanity:cidseGa6oT7f0bouJLsKz5tiSh5MiWlYTVHo/XNuGv6SMFXrsjHYSG3Wsd51hbM0YCPCKFxoBZupbKRfOp1jSg== Completed in 1309ms
918 timing auditReport:init Completed in 2397ms
919 timing reify:audit Completed in 2722ms
920 http fetch GET 200 https://registry.npmjs.org/@vercel/error-utils/-/error-utils-1.0.10.tgz 2520ms (cache miss)
921 http fetch GET 200 https://registry.npmjs.org/esbuild-register/-/esbuild-register-3.4.2.tgz 2563ms (cache miss)
922 timing reifyNode:node_modules/@vercel/fs-detectors/node_modules/argparse Completed in 2710ms
923 timing reifyNode:node_modules/@jridgewell/trace-mapping Completed in 2714ms
924 timing reifyNode:node_modules/esbuild-register Completed in 2720ms
925 timing reifyNode:node_modules/sprintf-js Completed in 2729ms
926 timing reifyNode:node_modules/fast-json-stable-stringify Completed in 2755ms
927 http fetch GET 200 https://registry.npmjs.org/@babel/template/-/template-7.22.5.tgz 2639ms (cache miss)
928 timing reifyNode:node_modules/@babel/template Completed in 2779ms
929 http fetch GET 200 https://registry.npmjs.org/path-to-regexp/-/path-to-regexp-6.1.0.tgz 2658ms (cache miss)
930 http fetch GET 200 https://registry.npmjs.org/readable-stream/-/readable-stream-2.3.8.tgz 2687ms (cache miss)
931 http fetch GET 200 https://registry.npmjs.org/@vercel/frameworks/-/frameworks-1.5.0.tgz 2634ms (cache miss)
932 timing reifyNode:node_modules/path-to-regexp Completed in 2789ms
933 timing reifyNode:node_modules/@vercel/error-utils Completed in 2789ms
934 http fetch GET 200 https://registry.npmjs.org/@vercel/routing-utils/-/routing-utils-2.2.1.tgz 2665ms (cache miss)
935 timing reifyNode:node_modules/readable-stream Completed in 2796ms
936 timing reifyNode:node_modules/@vercel/frameworks Completed in 2789ms
937 timing reifyNode:node_modules/@vercel/routing-utils Completed in 2793ms
938 timing reifyNode:node_modules/golden-fleece Completed in 2792ms
939 http fetch GET 200 https://registry.npmjs.org/argparse/-/argparse-1.0.10.tgz 2720ms (cache miss)
940 http fetch GET 200 https://registry.npmjs.org/@iarna/toml/-/toml-2.2.3.tgz 2689ms (cache miss)
941 timing reifyNode:node_modules/argparse Completed in 2819ms
942 timing reifyNode:node_modules/@iarna/toml Completed in 2822ms
943 http fetch GET 200 https://registry.npmjs.org/json5/-/json5-2.2.2.tgz 2633ms (cache miss)
944 timing reifyNode:node_modules/json5 Completed in 2829ms
945 http fetch GET 200 https://registry.npmjs.org/@babel/parser/-/parser-7.22.13.tgz 2767ms (cache miss)
946 timing reifyNode:node_modules/@babel/parser Completed in 2903ms
947 http fetch GET 200 https://registry.npmjs.org/js-yaml/-/js-yaml-3.13.1.tgz 2796ms (cache miss)
948 timing reifyNode:node_modules/js-yaml Completed in 2924ms
949 http fetch GET 200 https://registry.npmjs.org/js-yaml/-/js-yaml-4.1.0.tgz 2759ms (cache miss)
950 timing reifyNode:node_modules/@vercel/fs-detectors/node_modules/js-yaml Completed in 2927ms
951 http fetch GET 200 https://registry.npmjs.org/@babel/generator/-/generator-7.22.10.tgz 2920ms (cache miss)
952 timing reifyNode:node_modules/@babel/generator Completed in 3065ms
953 http fetch GET 200 https://registry.npmjs.org/uri-js/-/uri-js-4.4.1.tgz 2967ms (cache miss)
954 timing reifyNode:node_modules/uri-js Completed in 3078ms
955 http fetch GET 200 https://registry.npmjs.org/@vercel/fs-detectors/-/fs-detectors-4.1.1.tgz 2950ms (cache miss)
956 timing reifyNode:node_modules/@vercel/fs-detectors Completed in 3101ms
957 http fetch GET 200 https://registry.npmjs.org/@babel/traverse/-/traverse-7.22.11.tgz 3024ms (cache miss)
958 timing reifyNode:node_modules/@babel/traverse Completed in 3176ms
959 http fetch GET 200 https://registry.npmjs.org/get-it/-/get-it-8.4.3.tgz 3067ms (cache miss)
960 timing reifyNode:node_modules/get-it Completed in 3214ms
961 http fetch GET 200 https://registry.npmjs.org/ajv/-/ajv-6.12.6.tgz 3141ms (cache miss)
962 timing reifyNode:node_modules/ajv Completed in 3264ms
963 http fetch GET 200 https://registry.npmjs.org/@esbuild/win32-x64/-/win32-x64-0.18.20.tgz 3201ms (cache miss)
964 timing reifyNode:node_modules/@esbuild/win32-x64 Completed in 3311ms
965 http fetch GET 200 https://registry.npmjs.org/@babel/types/-/types-7.22.11.tgz 3329ms (cache miss)
966 timing reifyNode:node_modules/@babel/types Completed in 3467ms
967 http fetch GET 200 https://registry.npmjs.org/@sanity/cli/-/cli-3.15.1.tgz 3603ms (cache miss)
968 timing reifyNode:node_modules/@sanity/cli Completed in 3758ms
969 timing reify:unpack Completed in 3767ms
970 timing reify:unretire Completed in 0ms
971 timing build:queue Completed in 4ms
972 timing build:link:node_modules/create-sanity Completed in 15ms
973 timing build:link:node_modules/@vercel/fs-detectors/node_modules/js-yaml Completed in 14ms
974 timing build:link:node_modules/js-yaml Completed in 15ms
975 timing build:link:node_modules/esbuild Completed in 15ms
976 timing build:link:node_modules/@sanity/cli Completed in 16ms
977 timing build:link:node_modules/esprima Completed in 15ms
978 timing build:link:node_modules/semver Completed in 14ms
979 timing build:link:node_modules/json5 Completed in 14ms
980 timing build:link:node_modules/jsesc Completed in 14ms
981 timing build:link:node_modules/@babel/parser Completed in 16ms
982 timing build:link Completed in 16ms
983 info run esbuild@0.18.20 postinstall node_modules/esbuild node install.js
984 info run esbuild@0.18.20 postinstall { code: 0, signal: null }
985 timing build:run:postinstall:node_modules/esbuild Completed in 717ms
986 timing build:run:postinstall Completed in 718ms
987 timing build:deps Completed in 739ms
988 timing build Completed in 739ms
989 timing reify:build Completed in 740ms
990 timing reify:trash Completed in 4ms
991 timing reify:save Completed in 38ms
992 timing reify Completed in 12914ms
993 timing command:create Completed in 241854ms
994 verbose exit 0
995 timing npm Completed in 242271ms
996 info ok
