0 verbose cli C:\Program Files\nodejs\node.exe C:\Users\roko\AppData\Roaming\npm\node_modules\npm\bin\npm-cli.js
1 info using npm@9.8.1
2 info using node@v18.15.0
3 timing npm:load:whichnode Completed in 3ms
4 timing config:load:defaults Completed in 4ms
5 timing config:load:file:C:\Users\roko\AppData\Roaming\npm\node_modules\npm\npmrc Completed in 2ms
6 timing config:load:builtin Completed in 2ms
7 timing config:load:cli Completed in 3ms
8 timing config:load:env Completed in 1ms
9 timing config:load:file:C:\Users\roko\Desktop\Studio\my-project\node_modules\esbuild\lib\npm-install\.npmrc Completed in 0ms
10 timing config:load:project Completed in 5ms
11 timing config:load:file:C:\Users\roko\.npmrc Completed in 1ms
12 timing config:load:user Completed in 1ms
13 timing config:load:file:C:\Users\roko\AppData\Roaming\npm\etc\npmrc Completed in 0ms
14 timing config:load:global Completed in 0ms
15 timing config:load:setEnvs Completed in 1ms
16 timing config:load Completed in 17ms
17 timing npm:load:configload Completed in 17ms
18 timing config:load:flatten Completed in 3ms
19 timing npm:load:mkdirpcache Completed in 1ms
20 timing npm:load:mkdirplogs Completed in 0ms
21 verbose title npm install @esbuild/win32-x64@0.16.17
22 verbose argv "install" "--loglevel" "error" "--prefer-offline" "--no-audit" "--progress" "false" "@esbuild/win32-x64@0.16.17"
23 timing npm:load:setTitle Completed in 1ms
24 timing npm:load:display Completed in 1ms
25 verbose logfile logs-max:10 dir:C:\Users\roko\Desktop\Studio\npm-cache\_logs\2023-08-29T11_42_11_681Z-
26 verbose logfile C:\Users\roko\Desktop\Studio\npm-cache\_logs\2023-08-29T11_42_11_681Z-debug-0.log
27 timing npm:load:logFile Completed in 12ms
28 timing npm:load:timers Completed in 1ms
29 timing npm:load:configScope Completed in 0ms
30 timing npm:load Completed in 68ms
31 timing arborist:ctor Completed in 1ms
32 timing arborist:ctor Completed in 0ms
33 silly logfile done cleaning log files
34 timing idealTree:init Completed in 13ms
35 timing idealTree:userRequests Completed in 4ms
36 silly idealTree buildDeps
37 silly fetch manifest @esbuild/win32-x64@0.16.17
38 http fetch GET 200 https://registry.npmjs.org/@esbuild%2fwin32-x64 17ms (cache hit)
39 silly placeDep ROOT @esbuild/win32-x64@0.16.17 OK for:  want: 0.16.17
40 timing idealTree:#root Completed in 27ms
41 timing idealTree:node_modules/@esbuild/win32-x64 Completed in 0ms
42 timing idealTree:buildDeps Completed in 27ms
43 timing idealTree:fixDepFlags Completed in 1ms
44 timing idealTree Completed in 47ms
45 timing reify:loadTrees Completed in 47ms
46 timing reify:diffTrees Completed in 1ms
47 silly reify moves {}
48 timing reify:retireShallow Completed in 1ms
49 timing reify:createSparse Completed in 1ms
50 timing reify:trashOmits Completed in 1ms
51 timing reify:loadBundles Completed in 0ms
52 silly tarball no local data for @esbuild/win32-x64@https://registry.npmjs.org/@esbuild/win32-x64/-/win32-x64-0.16.17.tgz. Extracting by manifest.
53 http fetch GET 200 https://registry.npmjs.org/@esbuild/win32-x64/-/win32-x64-0.16.17.tgz 697ms (cache miss)
54 timing reifyNode:node_modules/@esbuild/win32-x64 Completed in 702ms
55 timing reify:unpack Completed in 702ms
56 timing reify:unretire Completed in 0ms
57 timing build:queue Completed in 0ms
58 timing build:deps Completed in 0ms
59 timing build Completed in 0ms
60 timing reify:build Completed in 1ms
61 timing reify:trash Completed in 0ms
62 timing reify:save Completed in 10ms
63 timing reify Completed in 772ms
64 silly ADD node_modules/@esbuild/win32-x64
65 timing command:install Completed in 776ms
66 verbose exit 0
67 timing npm Completed in 1243ms
68 info ok
