0 verbose cli C:\Program Files\nodejs\node.exe C:\Users\roko\AppData\Roaming\npm\node_modules\npm\bin\npm-cli.js
1 info using npm@9.8.1
2 info using node@v18.15.0
3 timing npm:load:whichnode Completed in 2ms
4 timing config:load:defaults Completed in 6ms
5 timing config:load:file:C:\Users\roko\AppData\Roaming\npm\node_modules\npm\npmrc Completed in 2ms
6 timing config:load:builtin Completed in 2ms
7 timing config:load:cli Completed in 2ms
8 timing config:load:env Completed in 1ms
9 timing config:load:project Completed in 2ms
10 timing config:load:file:C:\Users\roko\.npmrc Completed in 1ms
11 timing config:load:user Completed in 1ms
12 timing config:load:file:C:\Users\roko\AppData\Roaming\npm\etc\npmrc Completed in 0ms
13 timing config:load:global Completed in 0ms
14 timing config:load:setEnvs Completed in 1ms
15 timing config:load Completed in 15ms
16 timing npm:load:configload Completed in 15ms
17 timing config:load:flatten Completed in 3ms
18 timing npm:load:mkdirpcache Completed in 0ms
19 timing npm:load:mkdirplogs Completed in 1ms
20 verbose title npm install @sanity/cli
21 verbose argv "install" "--global" "@sanity/cli"
22 timing npm:load:setTitle Completed in 1ms
23 timing npm:load:display Completed in 3ms
24 verbose logfile logs-max:10 dir:C:\Users\roko\Desktop\Studio\npm-cache\_logs\2023-08-28T20_58_50_627Z-
25 verbose logfile C:\Users\roko\Desktop\Studio\npm-cache\_logs\2023-08-28T20_58_50_627Z-debug-0.log
26 timing npm:load:logFile Completed in 11ms
27 timing npm:load:timers Completed in 0ms
28 timing npm:load:configScope Completed in 0ms
29 timing npm:load Completed in 68ms
30 timing config:load:flatten Completed in 0ms
31 timing arborist:ctor Completed in 0ms
32 silly logfile done cleaning log files
33 timing idealTree:init Completed in 13ms
34 timing idealTree:userRequests Completed in 4ms
35 silly idealTree buildDeps
36 silly fetch manifest @sanity/cli@*
37 http fetch GET 200 https://registry.npmjs.org/@sanity%2fcli 1906ms (cache revalidated)
38 silly placeDep ROOT @sanity/cli@3.15.1 OK for:  want: *
39 silly fetch manifest @babel/traverse@^7.19.0
40 silly fetch manifest @vercel/frameworks@1.5.0
41 silly fetch manifest @vercel/fs-detectors@4.1.1
42 silly fetch manifest chalk@^4.1.2
43 silly fetch manifest esbuild@^0.18.0
44 silly fetch manifest esbuild-register@^3.4.1
45 silly fetch manifest get-it@^8.4.2
46 silly fetch manifest golden-fleece@^1.0.9
47 silly fetch manifest pkg-dir@^5.0.0
48 http fetch GET 200 https://registry.npmjs.org/@babel%2ftraverse 83ms (cache revalidated)
49 http fetch GET 200 https://registry.npmjs.org/esbuild 93ms (cache revalidated)
50 http fetch GET 200 https://registry.npmjs.org/esbuild-register 114ms (cache revalidated)
51 http fetch GET 200 https://registry.npmjs.org/pkg-dir 128ms (cache revalidated)
52 http fetch GET 200 https://registry.npmjs.org/chalk 134ms (cache revalidated)
53 http fetch GET 200 https://registry.npmjs.org/get-it 858ms (cache revalidated)
54 http fetch GET 200 https://registry.npmjs.org/golden-fleece 1076ms (cache revalidated)
55 http fetch GET 200 https://registry.npmjs.org/@vercel%2fframeworks 2081ms (cache revalidated)
56 http fetch GET 200 https://registry.npmjs.org/@vercel%2ffs-detectors 2864ms (cache revalidated)
57 timing idealTree:#root Completed in 4803ms
58 silly placeDep node_modules/@sanity/cli @babel/traverse@7.22.11 OK for: @sanity/cli@3.15.1 want: ^7.19.0
59 silly fetch manifest @babel/code-frame@^7.22.10
60 silly fetch manifest @babel/generator@^7.22.10
61 silly fetch manifest @babel/helper-environment-visitor@^7.22.5
62 silly fetch manifest @babel/helper-function-name@^7.22.5
63 silly fetch manifest @babel/helper-hoist-variables@^7.22.5
64 silly fetch manifest @babel/helper-split-export-declaration@^7.22.6
65 silly fetch manifest @babel/parser@^7.22.11
66 silly fetch manifest @babel/types@^7.22.11
67 silly fetch manifest debug@^4.1.0
68 silly fetch manifest globals@^11.1.0
69 silly placeDep node_modules/@sanity/cli @vercel/frameworks@1.5.0 OK for: @sanity/cli@3.15.1 want: 1.5.0
70 silly fetch manifest @iarna/toml@2.2.3
71 silly fetch manifest js-yaml@3.13.1
72 silly placeDep node_modules/@sanity/cli @vercel/fs-detectors@4.1.1 OK for: @sanity/cli@3.15.1 want: 4.1.1
73 silly fetch manifest @vercel/error-utils@1.0.10
74 silly fetch manifest @vercel/routing-utils@2.2.1
75 silly fetch manifest glob@8.0.3
76 silly fetch manifest js-yaml@4.1.0
77 silly fetch manifest json5@2.2.2
78 silly fetch manifest minimatch@3.1.2
79 silly fetch manifest semver@6.1.1
80 silly placeDep node_modules/@sanity/cli chalk@4.1.2 OK for: @sanity/cli@3.15.1 want: ^4.1.2
81 silly fetch manifest ansi-styles@^4.1.0
82 silly fetch manifest supports-color@^7.1.0
83 silly placeDep node_modules/@sanity/cli esbuild@0.18.20 OK for: @sanity/cli@3.15.1 want: ^0.18.0
84 silly fetch manifest @esbuild/android-arm@0.18.20
85 silly fetch manifest @esbuild/android-arm64@0.18.20
86 silly fetch manifest @esbuild/android-x64@0.18.20
87 silly fetch manifest @esbuild/darwin-arm64@0.18.20
88 silly fetch manifest @esbuild/darwin-x64@0.18.20
89 silly fetch manifest @esbuild/freebsd-arm64@0.18.20
90 silly fetch manifest @esbuild/freebsd-x64@0.18.20
91 silly fetch manifest @esbuild/linux-arm@0.18.20
92 silly fetch manifest @esbuild/linux-arm64@0.18.20
93 silly fetch manifest @esbuild/linux-ia32@0.18.20
94 silly fetch manifest @esbuild/linux-loong64@0.18.20
95 silly fetch manifest @esbuild/linux-mips64el@0.18.20
96 silly fetch manifest @esbuild/linux-ppc64@0.18.20
97 silly fetch manifest @esbuild/linux-riscv64@0.18.20
98 silly fetch manifest @esbuild/linux-s390x@0.18.20
99 silly fetch manifest @esbuild/linux-x64@0.18.20
100 silly fetch manifest @esbuild/netbsd-x64@0.18.20
101 silly fetch manifest @esbuild/openbsd-x64@0.18.20
102 silly fetch manifest @esbuild/sunos-x64@0.18.20
103 silly fetch manifest @esbuild/win32-arm64@0.18.20
104 silly fetch manifest @esbuild/win32-ia32@0.18.20
105 silly fetch manifest @esbuild/win32-x64@0.18.20
106 silly placeDep node_modules/@sanity/cli esbuild-register@3.4.2 OK for: @sanity/cli@3.15.1 want: ^3.4.1
107 silly fetch manifest debug@^4.3.4
108 silly placeDep node_modules/@sanity/cli get-it@8.4.3 OK for: @sanity/cli@3.15.1 want: ^8.4.2
109 silly fetch manifest decompress-response@^7.0.0
110 silly fetch manifest follow-redirects@^1.15.2
111 silly fetch manifest into-stream@^6.0.0
112 silly fetch manifest is-plain-object@^5.0.0
113 silly fetch manifest is-retry-allowed@^2.2.0
114 silly fetch manifest is-stream@^2.0.1
115 silly fetch manifest parse-headers@^2.0.5
116 silly fetch manifest progress-stream@^2.0.0
117 silly fetch manifest tunnel-agent@^0.6.0
118 silly placeDep node_modules/@sanity/cli golden-fleece@1.0.9 OK for: @sanity/cli@3.15.1 want: ^1.0.9
119 silly placeDep node_modules/@sanity/cli pkg-dir@5.0.0 OK for: @sanity/cli@3.15.1 want: ^5.0.0
120 silly fetch manifest find-up@^5.0.0
121 http fetch GET 200 https://registry.npmjs.org/@babel%2fgenerator 209ms (cache revalidated)
122 http fetch GET 200 https://registry.npmjs.org/@babel%2fhelper-split-export-declaration 208ms (cache revalidated)
123 http fetch GET 200 https://registry.npmjs.org/@babel%2fhelper-hoist-variables 210ms (cache revalidated)
124 http fetch GET 200 https://registry.npmjs.org/globals 208ms (cache revalidated)
125 http fetch GET 200 https://registry.npmjs.org/@babel%2fparser 212ms (cache revalidated)
126 http fetch GET 200 https://registry.npmjs.org/debug 214ms (cache revalidated)
127 http fetch GET 200 https://registry.npmjs.org/@babel%2fhelper-function-name 218ms (cache revalidated)
128 http fetch GET 200 https://registry.npmjs.org/@babel%2fcode-frame 221ms (cache revalidated)
129 http fetch GET 200 https://registry.npmjs.org/@babel%2fhelper-environment-visitor 221ms (cache revalidated)
130 http fetch GET 200 https://registry.npmjs.org/minimatch 215ms (cache revalidated)
131 http fetch GET 200 https://registry.npmjs.org/ansi-styles 226ms (cache revalidated)
132 http fetch GET 200 https://registry.npmjs.org/semver 229ms (cache revalidated)
133 http fetch GET 200 https://registry.npmjs.org/supports-color 232ms (cache revalidated)
134 http fetch GET 200 https://registry.npmjs.org/glob 241ms (cache revalidated)
135 http fetch GET 200 https://registry.npmjs.org/js-yaml 251ms (cache revalidated)
136 http fetch GET 200 https://registry.npmjs.org/js-yaml 251ms (cache revalidated)
137 http fetch GET 200 https://registry.npmjs.org/json5 301ms (cache revalidated)
138 http fetch GET 200 https://registry.npmjs.org/@esbuild%2fandroid-arm64 295ms (cache revalidated)
139 http fetch GET 200 https://registry.npmjs.org/@esbuild%2fdarwin-x64 295ms (cache revalidated)
140 http fetch GET 200 https://registry.npmjs.org/@esbuild%2fandroid-x64 302ms (cache revalidated)
141 http fetch GET 200 https://registry.npmjs.org/@esbuild%2ffreebsd-arm64 307ms (cache revalidated)
142 http fetch GET 200 https://registry.npmjs.org/@esbuild%2fandroid-arm 314ms (cache revalidated)
143 http fetch GET 200 https://registry.npmjs.org/@esbuild%2flinux-loong64 310ms (cache revalidated)
144 http fetch GET 200 https://registry.npmjs.org/@esbuild%2flinux-arm 332ms (cache revalidated)
145 http fetch GET 200 https://registry.npmjs.org/@esbuild%2fdarwin-arm64 336ms (cache revalidated)
146 http fetch GET 200 https://registry.npmjs.org/@esbuild%2ffreebsd-x64 350ms (cache revalidated)
147 http fetch GET 200 https://registry.npmjs.org/@esbuild%2flinux-arm64 350ms (cache revalidated)
148 http fetch GET 200 https://registry.npmjs.org/@esbuild%2flinux-ppc64 347ms (cache revalidated)
149 http fetch GET 200 https://registry.npmjs.org/@babel%2ftypes 384ms (cache revalidated)
150 http fetch GET 200 https://registry.npmjs.org/@esbuild%2flinux-riscv64 375ms (cache revalidated)
151 http fetch GET 200 https://registry.npmjs.org/@esbuild%2flinux-x64 374ms (cache revalidated)
152 http fetch GET 200 https://registry.npmjs.org/@esbuild%2fsunos-x64 387ms (cache revalidated)
153 http fetch GET 200 https://registry.npmjs.org/decompress-response 382ms (cache revalidated)
154 http fetch GET 200 https://registry.npmjs.org/@esbuild%2fnetbsd-x64 401ms (cache revalidated)
155 http fetch GET 200 https://registry.npmjs.org/@esbuild%2flinux-s390x 403ms (cache revalidated)
156 http fetch GET 200 https://registry.npmjs.org/debug 406ms (cache revalidated)
157 http fetch GET 200 https://registry.npmjs.org/is-plain-object 412ms (cache revalidated)
158 http fetch GET 200 https://registry.npmjs.org/follow-redirects 417ms (cache revalidated)
159 http fetch GET 200 https://registry.npmjs.org/@esbuild%2flinux-mips64el 434ms (cache revalidated)
160 http fetch GET 200 https://registry.npmjs.org/@esbuild%2flinux-ia32 436ms (cache revalidated)
161 http fetch GET 200 https://registry.npmjs.org/progress-stream 424ms (cache revalidated)
162 http fetch GET 200 https://registry.npmjs.org/is-stream 439ms (cache revalidated)
163 http fetch GET 200 https://registry.npmjs.org/into-stream 444ms (cache revalidated)
164 http fetch GET 200 https://registry.npmjs.org/tunnel-agent 439ms (cache revalidated)
165 http fetch GET 200 https://registry.npmjs.org/@esbuild%2fwin32-arm64 454ms (cache revalidated)
166 http fetch GET 200 https://registry.npmjs.org/@esbuild%2fwin32-ia32 454ms (cache revalidated)
167 http fetch GET 200 https://registry.npmjs.org/find-up 455ms (cache revalidated)
168 http fetch GET 200 https://registry.npmjs.org/@esbuild%2fwin32-x64 475ms (cache revalidated)
169 http fetch GET 200 https://registry.npmjs.org/@esbuild%2fopenbsd-x64 493ms (cache revalidated)
170 http fetch GET 200 https://registry.npmjs.org/parse-headers 1123ms (cache revalidated)
171 http fetch GET 200 https://registry.npmjs.org/is-retry-allowed 1128ms (cache revalidated)
172 http fetch GET 200 https://registry.npmjs.org/@vercel%2ferror-utils 1667ms (cache revalidated)
173 http fetch GET 200 https://registry.npmjs.org/@vercel%2frouting-utils 1726ms (cache revalidated)
174 http fetch GET 200 https://registry.npmjs.org/@iarna%2ftoml 1803ms (cache revalidated)
175 timing idealTree:node_modules/@sanity/cli Completed in 1820ms
176 silly placeDep node_modules/@sanity/cli @babel/code-frame@7.22.13 OK for: @babel/traverse@7.22.11 want: ^7.22.10
177 silly fetch manifest @babel/highlight@^7.22.13
178 silly fetch manifest chalk@^2.4.2
179 silly placeDep node_modules/@sanity/cli @babel/generator@7.22.10 OK for: @babel/traverse@7.22.11 want: ^7.22.10
180 silly fetch manifest @babel/types@^7.22.10
181 silly fetch manifest @jridgewell/gen-mapping@^0.3.2
182 silly fetch manifest @jridgewell/trace-mapping@^0.3.17
183 silly fetch manifest jsesc@^2.5.1
184 silly placeDep node_modules/@sanity/cli @babel/helper-environment-visitor@7.22.5 OK for: @babel/traverse@7.22.11 want: ^7.22.5
185 silly placeDep node_modules/@sanity/cli @babel/helper-function-name@7.22.5 OK for: @babel/traverse@7.22.11 want: ^7.22.5
186 silly fetch manifest @babel/template@^7.22.5
187 silly fetch manifest @babel/types@^7.22.5
188 silly placeDep node_modules/@sanity/cli @babel/helper-hoist-variables@7.22.5 OK for: @babel/traverse@7.22.11 want: ^7.22.5
189 silly placeDep node_modules/@sanity/cli @babel/helper-split-export-declaration@7.22.6 OK for: @babel/traverse@7.22.11 want: ^7.22.6
190 silly placeDep node_modules/@sanity/cli @babel/parser@7.22.13 OK for: @babel/traverse@7.22.11 want: ^7.22.11
191 silly placeDep node_modules/@sanity/cli @babel/types@7.22.11 OK for: @babel/traverse@7.22.11 want: ^7.22.11
192 silly fetch manifest @babel/helper-string-parser@^7.22.5
193 silly fetch manifest @babel/helper-validator-identifier@^7.22.5
194 silly fetch manifest to-fast-properties@^2.0.0
195 silly placeDep node_modules/@sanity/cli debug@4.3.4 OK for: @babel/traverse@7.22.11 want: ^4.1.0
196 silly fetch manifest ms@2.1.2
197 silly placeDep node_modules/@sanity/cli globals@11.12.0 OK for: @babel/traverse@7.22.11 want: ^11.1.0
198 http fetch GET 200 https://registry.npmjs.org/to-fast-properties 60ms (cache revalidated)
199 http fetch GET 200 https://registry.npmjs.org/@babel%2ftemplate 66ms (cache revalidated)
200 http fetch GET 200 https://registry.npmjs.org/@babel%2fhighlight 73ms (cache revalidated)
201 http fetch GET 200 https://registry.npmjs.org/ms 67ms (cache revalidated)
202 http fetch GET 200 https://registry.npmjs.org/jsesc 83ms (cache revalidated)
203 http fetch GET 200 https://registry.npmjs.org/@babel%2fhelper-string-parser 84ms (cache revalidated)
204 http fetch GET 200 https://registry.npmjs.org/@babel%2fhelper-validator-identifier 98ms (cache revalidated)
205 http fetch GET 200 https://registry.npmjs.org/@jridgewell%2ftrace-mapping 111ms (cache revalidated)
206 http fetch GET 200 https://registry.npmjs.org/@jridgewell%2fgen-mapping 118ms (cache revalidated)
207 timing idealTree:node_modules/@sanity/cli/node_modules/@babel/traverse Completed in 129ms
208 silly placeDep node_modules/@sanity/cli @babel/highlight@7.22.13 OK for: @babel/code-frame@7.22.13 want: ^7.22.13
209 silly fetch manifest js-tokens@^4.0.0
210 silly placeDep node_modules/@sanity/cli/node_modules/@babel/code-frame chalk@2.4.2 OK for: @babel/code-frame@7.22.13 want: ^2.4.2
211 silly fetch manifest ansi-styles@^3.2.1
212 silly fetch manifest escape-string-regexp@^1.0.5
213 silly fetch manifest supports-color@^5.3.0
214 http fetch GET 200 https://registry.npmjs.org/js-tokens 73ms (cache revalidated)
215 http fetch GET 200 https://registry.npmjs.org/escape-string-regexp 92ms (cache revalidated)
216 timing idealTree:node_modules/@sanity/cli/node_modules/@babel/code-frame Completed in 97ms
217 silly placeDep node_modules/@sanity/cli @jridgewell/gen-mapping@0.3.3 OK for: @babel/generator@7.22.10 want: ^0.3.2
218 silly fetch manifest @jridgewell/set-array@^1.0.1
219 silly fetch manifest @jridgewell/sourcemap-codec@^1.4.10
220 silly fetch manifest @jridgewell/trace-mapping@^0.3.9
221 silly placeDep node_modules/@sanity/cli @jridgewell/trace-mapping@0.3.19 OK for: @babel/generator@7.22.10 want: ^0.3.17
222 silly fetch manifest @jridgewell/resolve-uri@^3.1.0
223 silly fetch manifest @jridgewell/sourcemap-codec@^1.4.14
224 silly placeDep node_modules/@sanity/cli jsesc@2.5.2 OK for: @babel/generator@7.22.10 want: ^2.5.1
225 http fetch GET 200 https://registry.npmjs.org/@jridgewell%2fset-array 96ms (cache revalidated)
226 http fetch GET 200 https://registry.npmjs.org/@jridgewell%2fsourcemap-codec 99ms (cache revalidated)
227 http fetch GET 200 https://registry.npmjs.org/@jridgewell%2fresolve-uri 111ms (cache revalidated)
228 http fetch GET 200 https://registry.npmjs.org/@jridgewell%2fsourcemap-codec 132ms (cache revalidated)
229 timing idealTree:node_modules/@sanity/cli/node_modules/@babel/generator Completed in 135ms
230 timing idealTree:node_modules/@sanity/cli/node_modules/@babel/helper-environment-visitor Completed in 0ms
231 silly placeDep node_modules/@sanity/cli @babel/template@7.22.5 OK for: @babel/helper-function-name@7.22.5 want: ^7.22.5
232 timing idealTree:node_modules/@sanity/cli/node_modules/@babel/helper-function-name Completed in 2ms
233 timing idealTree:node_modules/@sanity/cli/node_modules/@babel/helper-hoist-variables Completed in 0ms
234 timing idealTree:node_modules/@sanity/cli/node_modules/@babel/helper-split-export-declaration Completed in 0ms
235 silly placeDep node_modules/@sanity/cli @babel/helper-validator-identifier@7.22.5 OK for: @babel/highlight@7.22.13 want: ^7.22.5
236 silly placeDep node_modules/@sanity/cli/node_modules/@babel/highlight chalk@2.4.2 OK for: @babel/highlight@7.22.13 want: ^2.4.2
237 silly placeDep node_modules/@sanity/cli js-tokens@4.0.0 OK for: @babel/highlight@7.22.13 want: ^4.0.0
238 timing idealTree:node_modules/@sanity/cli/node_modules/@babel/highlight Completed in 3ms
239 timing idealTree:node_modules/@sanity/cli/node_modules/@babel/helper-validator-identifier Completed in 0ms
240 timing idealTree:node_modules/@sanity/cli/node_modules/@babel/parser Completed in 0ms
241 timing idealTree:node_modules/@sanity/cli/node_modules/@babel/template Completed in 0ms
242 silly placeDep node_modules/@sanity/cli @babel/helper-string-parser@7.22.5 OK for: @babel/types@7.22.11 want: ^7.22.5
243 silly placeDep node_modules/@sanity/cli to-fast-properties@2.0.0 OK for: @babel/types@7.22.11 want: ^2.0.0
244 timing idealTree:node_modules/@sanity/cli/node_modules/@babel/types Completed in 1ms
245 timing idealTree:node_modules/@sanity/cli/node_modules/@babel/helper-string-parser Completed in 0ms
246 silly placeDep node_modules/@sanity/cli @jridgewell/set-array@1.1.2 OK for: @jridgewell/gen-mapping@0.3.3 want: ^1.0.1
247 silly placeDep node_modules/@sanity/cli @jridgewell/sourcemap-codec@1.4.15 OK for: @jridgewell/gen-mapping@0.3.3 want: ^1.4.10
248 timing idealTree:node_modules/@sanity/cli/node_modules/@jridgewell/gen-mapping Completed in 3ms
249 timing idealTree:node_modules/@sanity/cli/node_modules/@jridgewell/set-array Completed in 0ms
250 timing idealTree:node_modules/@sanity/cli/node_modules/@jridgewell/sourcemap-codec Completed in 0ms
251 silly placeDep node_modules/@sanity/cli @jridgewell/resolve-uri@3.1.1 OK for: @jridgewell/trace-mapping@0.3.19 want: ^3.1.0
252 timing idealTree:node_modules/@sanity/cli/node_modules/@jridgewell/trace-mapping Completed in 1ms
253 timing idealTree:node_modules/@sanity/cli/node_modules/@jridgewell/resolve-uri Completed in 0ms
254 silly placeDep node_modules/@sanity/cli @iarna/toml@2.2.3 OK for: @vercel/frameworks@1.5.0 want: 2.2.3
255 silly placeDep node_modules/@sanity/cli js-yaml@3.13.1 OK for: @vercel/frameworks@1.5.0 want: 3.13.1
256 silly fetch manifest argparse@^1.0.7
257 silly fetch manifest esprima@^4.0.0
258 http fetch GET 200 https://registry.npmjs.org/esprima 43ms (cache revalidated)
259 http fetch GET 200 https://registry.npmjs.org/argparse 50ms (cache revalidated)
260 timing idealTree:node_modules/@sanity/cli/node_modules/@vercel/frameworks Completed in 54ms
261 timing idealTree:node_modules/@sanity/cli/node_modules/@iarna/toml Completed in 0ms
262 silly placeDep node_modules/@sanity/cli @vercel/error-utils@1.0.10 OK for: @vercel/fs-detectors@4.1.1 want: 1.0.10
263 silly placeDep node_modules/@sanity/cli @vercel/routing-utils@2.2.1 OK for: @vercel/fs-detectors@4.1.1 want: 2.2.1
264 silly fetch manifest path-to-regexp@6.1.0
265 silly fetch manifest ajv@^6.0.0
266 silly placeDep node_modules/@sanity/cli glob@8.0.3 OK for: @vercel/fs-detectors@4.1.1 want: 8.0.3
267 silly fetch manifest fs.realpath@^1.0.0
268 silly fetch manifest inflight@^1.0.4
269 silly fetch manifest inherits@2
270 silly fetch manifest minimatch@^5.0.1
271 silly fetch manifest once@^1.3.0
272 silly placeDep node_modules/@sanity/cli/node_modules/@vercel/fs-detectors js-yaml@4.1.0 OK for: @vercel/fs-detectors@4.1.1 want: 4.1.0
273 silly fetch manifest argparse@^2.0.1
274 silly placeDep node_modules/@sanity/cli json5@2.2.2 OK for: @vercel/fs-detectors@4.1.1 want: 2.2.2
275 silly placeDep node_modules/@sanity/cli minimatch@3.1.2 OK for: @vercel/fs-detectors@4.1.1 want: 3.1.2
276 silly fetch manifest brace-expansion@^1.1.7
277 silly placeDep node_modules/@sanity/cli semver@6.1.1 OK for: @vercel/fs-detectors@4.1.1 want: 6.1.1
278 http fetch GET 200 https://registry.npmjs.org/brace-expansion 51ms (cache revalidated)
279 http fetch GET 200 https://registry.npmjs.org/ajv 65ms (cache revalidated)
280 http fetch GET 200 https://registry.npmjs.org/inherits 77ms (cache revalidated)
281 http fetch GET 200 https://registry.npmjs.org/fs.realpath 78ms (cache revalidated)
282 http fetch GET 200 https://registry.npmjs.org/path-to-regexp 81ms (cache revalidated)
283 http fetch GET 200 https://registry.npmjs.org/inflight 78ms (cache revalidated)
284 http fetch GET 200 https://registry.npmjs.org/once 78ms (cache revalidated)
285 timing idealTree:node_modules/@sanity/cli/node_modules/@vercel/fs-detectors Completed in 86ms
286 timing idealTree:node_modules/@sanity/cli/node_modules/@vercel/error-utils Completed in 0ms
287 silly placeDep node_modules/@sanity/cli ajv@6.12.6 OK for: @vercel/routing-utils@2.2.1 want: ^6.0.0
288 silly fetch manifest fast-deep-equal@^3.1.1
289 silly fetch manifest fast-json-stable-stringify@^2.0.0
290 silly fetch manifest json-schema-traverse@^0.4.1
291 silly fetch manifest uri-js@^4.2.2
292 silly placeDep node_modules/@sanity/cli path-to-regexp@6.1.0 OK for: @vercel/routing-utils@2.2.1 want: 6.1.0
293 http fetch GET 200 https://registry.npmjs.org/fast-deep-equal 50ms (cache revalidated)
294 http fetch GET 200 https://registry.npmjs.org/uri-js 59ms (cache revalidated)
295 http fetch GET 200 https://registry.npmjs.org/json-schema-traverse 78ms (cache revalidated)
296 http fetch GET 200 https://registry.npmjs.org/fast-json-stable-stringify 82ms (cache revalidated)
297 timing idealTree:node_modules/@sanity/cli/node_modules/@vercel/routing-utils Completed in 86ms
298 silly placeDep node_modules/@sanity/cli fast-deep-equal@3.1.3 OK for: ajv@6.12.6 want: ^3.1.1
299 silly placeDep node_modules/@sanity/cli fast-json-stable-stringify@2.1.0 OK for: ajv@6.12.6 want: ^2.0.0
300 silly placeDep node_modules/@sanity/cli json-schema-traverse@0.4.1 OK for: ajv@6.12.6 want: ^0.4.1
301 silly placeDep node_modules/@sanity/cli uri-js@4.4.1 OK for: ajv@6.12.6 want: ^4.2.2
302 silly fetch manifest punycode@^2.1.0
303 http fetch GET 200 https://registry.npmjs.org/punycode 62ms (cache revalidated)
304 timing idealTree:node_modules/@sanity/cli/node_modules/ajv Completed in 67ms
305 silly placeDep node_modules/@sanity/cli ansi-styles@4.3.0 OK for: chalk@4.1.2 want: ^4.1.0
306 silly fetch manifest color-convert@^2.0.1
307 silly placeDep node_modules/@sanity/cli supports-color@7.2.0 OK for: chalk@4.1.2 want: ^7.1.0
308 silly fetch manifest has-flag@^4.0.0
309 http fetch GET 200 https://registry.npmjs.org/has-flag 45ms (cache revalidated)
310 http fetch GET 200 https://registry.npmjs.org/color-convert 51ms (cache revalidated)
311 timing idealTree:node_modules/@sanity/cli/node_modules/chalk Completed in 55ms
312 silly placeDep node_modules/@sanity/cli color-convert@2.0.1 OK for: ansi-styles@4.3.0 want: ^2.0.1
313 silly fetch manifest color-name@~1.1.4
314 http fetch GET 200 https://registry.npmjs.org/color-name 48ms (cache revalidated)
315 timing idealTree:node_modules/@sanity/cli/node_modules/ansi-styles Completed in 50ms
316 silly placeDep node_modules/@sanity/cli color-name@1.1.4 OK for: color-convert@2.0.1 want: ~1.1.4
317 timing idealTree:node_modules/@sanity/cli/node_modules/color-convert Completed in 2ms
318 timing idealTree:node_modules/@sanity/cli/node_modules/color-name Completed in 0ms
319 silly placeDep node_modules/@sanity/cli ms@2.1.2 OK for: debug@4.3.4 want: 2.1.2
320 timing idealTree:node_modules/@sanity/cli/node_modules/debug Completed in 1ms
321 silly placeDep node_modules/@sanity/cli @esbuild/android-arm@0.18.20 OK for: esbuild@0.18.20 want: 0.18.20
322 silly placeDep node_modules/@sanity/cli @esbuild/android-arm64@0.18.20 OK for: esbuild@0.18.20 want: 0.18.20
323 silly placeDep node_modules/@sanity/cli @esbuild/android-x64@0.18.20 OK for: esbuild@0.18.20 want: 0.18.20
324 silly placeDep node_modules/@sanity/cli @esbuild/darwin-arm64@0.18.20 OK for: esbuild@0.18.20 want: 0.18.20
325 silly placeDep node_modules/@sanity/cli @esbuild/darwin-x64@0.18.20 OK for: esbuild@0.18.20 want: 0.18.20
326 silly placeDep node_modules/@sanity/cli @esbuild/freebsd-arm64@0.18.20 OK for: esbuild@0.18.20 want: 0.18.20
327 silly placeDep node_modules/@sanity/cli @esbuild/freebsd-x64@0.18.20 OK for: esbuild@0.18.20 want: 0.18.20
328 silly placeDep node_modules/@sanity/cli @esbuild/linux-arm@0.18.20 OK for: esbuild@0.18.20 want: 0.18.20
329 silly placeDep node_modules/@sanity/cli @esbuild/linux-arm64@0.18.20 OK for: esbuild@0.18.20 want: 0.18.20
330 silly placeDep node_modules/@sanity/cli @esbuild/linux-ia32@0.18.20 OK for: esbuild@0.18.20 want: 0.18.20
331 silly placeDep node_modules/@sanity/cli @esbuild/linux-loong64@0.18.20 OK for: esbuild@0.18.20 want: 0.18.20
332 silly placeDep node_modules/@sanity/cli @esbuild/linux-mips64el@0.18.20 OK for: esbuild@0.18.20 want: 0.18.20
333 silly placeDep node_modules/@sanity/cli @esbuild/linux-ppc64@0.18.20 OK for: esbuild@0.18.20 want: 0.18.20
334 silly placeDep node_modules/@sanity/cli @esbuild/linux-riscv64@0.18.20 OK for: esbuild@0.18.20 want: 0.18.20
335 silly placeDep node_modules/@sanity/cli @esbuild/linux-s390x@0.18.20 OK for: esbuild@0.18.20 want: 0.18.20
336 silly placeDep node_modules/@sanity/cli @esbuild/linux-x64@0.18.20 OK for: esbuild@0.18.20 want: 0.18.20
337 silly placeDep node_modules/@sanity/cli @esbuild/netbsd-x64@0.18.20 OK for: esbuild@0.18.20 want: 0.18.20
338 silly placeDep node_modules/@sanity/cli @esbuild/openbsd-x64@0.18.20 OK for: esbuild@0.18.20 want: 0.18.20
339 silly placeDep node_modules/@sanity/cli @esbuild/sunos-x64@0.18.20 OK for: esbuild@0.18.20 want: 0.18.20
340 silly placeDep node_modules/@sanity/cli @esbuild/win32-arm64@0.18.20 OK for: esbuild@0.18.20 want: 0.18.20
341 silly placeDep node_modules/@sanity/cli @esbuild/win32-ia32@0.18.20 OK for: esbuild@0.18.20 want: 0.18.20
342 silly placeDep node_modules/@sanity/cli @esbuild/win32-x64@0.18.20 OK for: esbuild@0.18.20 want: 0.18.20
343 timing idealTree:node_modules/@sanity/cli/node_modules/esbuild Completed in 20ms
344 timing idealTree:node_modules/@sanity/cli/node_modules/@esbuild/android-arm Completed in 0ms
345 timing idealTree:node_modules/@sanity/cli/node_modules/@esbuild/android-arm64 Completed in 0ms
346 timing idealTree:node_modules/@sanity/cli/node_modules/@esbuild/android-x64 Completed in 0ms
347 timing idealTree:node_modules/@sanity/cli/node_modules/@esbuild/darwin-arm64 Completed in 0ms
348 timing idealTree:node_modules/@sanity/cli/node_modules/@esbuild/darwin-x64 Completed in 0ms
349 timing idealTree:node_modules/@sanity/cli/node_modules/@esbuild/freebsd-arm64 Completed in 0ms
350 timing idealTree:node_modules/@sanity/cli/node_modules/@esbuild/freebsd-x64 Completed in 0ms
351 timing idealTree:node_modules/@sanity/cli/node_modules/@esbuild/linux-arm Completed in 0ms
352 timing idealTree:node_modules/@sanity/cli/node_modules/@esbuild/linux-arm64 Completed in 0ms
353 timing idealTree:node_modules/@sanity/cli/node_modules/@esbuild/linux-ia32 Completed in 0ms
354 timing idealTree:node_modules/@sanity/cli/node_modules/@esbuild/linux-loong64 Completed in 0ms
355 timing idealTree:node_modules/@sanity/cli/node_modules/@esbuild/linux-mips64el Completed in 0ms
356 timing idealTree:node_modules/@sanity/cli/node_modules/@esbuild/linux-ppc64 Completed in 0ms
357 timing idealTree:node_modules/@sanity/cli/node_modules/@esbuild/linux-riscv64 Completed in 0ms
358 timing idealTree:node_modules/@sanity/cli/node_modules/@esbuild/linux-s390x Completed in 0ms
359 timing idealTree:node_modules/@sanity/cli/node_modules/@esbuild/linux-x64 Completed in 0ms
360 timing idealTree:node_modules/@sanity/cli/node_modules/@esbuild/netbsd-x64 Completed in 0ms
361 timing idealTree:node_modules/@sanity/cli/node_modules/@esbuild/openbsd-x64 Completed in 0ms
362 timing idealTree:node_modules/@sanity/cli/node_modules/@esbuild/sunos-x64 Completed in 0ms
363 timing idealTree:node_modules/@sanity/cli/node_modules/@esbuild/win32-arm64 Completed in 0ms
364 timing idealTree:node_modules/@sanity/cli/node_modules/@esbuild/win32-ia32 Completed in 0ms
365 timing idealTree:node_modules/@sanity/cli/node_modules/@esbuild/win32-x64 Completed in 0ms
366 timing idealTree:node_modules/@sanity/cli/node_modules/esbuild-register Completed in 0ms
367 timing idealTree:node_modules/@sanity/cli/node_modules/fast-deep-equal Completed in 0ms
368 timing idealTree:node_modules/@sanity/cli/node_modules/fast-json-stable-stringify Completed in 0ms
369 silly placeDep node_modules/@sanity/cli decompress-response@7.0.0 OK for: get-it@8.4.3 want: ^7.0.0
370 silly fetch manifest mimic-response@^3.1.0
371 silly placeDep node_modules/@sanity/cli follow-redirects@1.15.2 OK for: get-it@8.4.3 want: ^1.15.2
372 silly placeDep node_modules/@sanity/cli into-stream@6.0.0 OK for: get-it@8.4.3 want: ^6.0.0
373 silly fetch manifest from2@^2.3.0
374 silly fetch manifest p-is-promise@^3.0.0
375 silly placeDep node_modules/@sanity/cli is-plain-object@5.0.0 OK for: get-it@8.4.3 want: ^5.0.0
376 silly placeDep node_modules/@sanity/cli is-retry-allowed@2.2.0 OK for: get-it@8.4.3 want: ^2.2.0
377 silly placeDep node_modules/@sanity/cli is-stream@2.0.1 OK for: get-it@8.4.3 want: ^2.0.1
378 silly placeDep node_modules/@sanity/cli parse-headers@2.0.5 OK for: get-it@8.4.3 want: ^2.0.5
379 silly placeDep node_modules/@sanity/cli progress-stream@2.0.0 OK for: get-it@8.4.3 want: ^2.0.0
380 silly fetch manifest speedometer@~1.0.0
381 silly fetch manifest through2@~2.0.3
382 silly placeDep node_modules/@sanity/cli tunnel-agent@0.6.0 OK for: get-it@8.4.3 want: ^0.6.0
383 silly fetch manifest safe-buffer@^5.0.1
384 http fetch GET 200 https://registry.npmjs.org/speedometer 59ms (cache revalidated)
385 http fetch GET 200 https://registry.npmjs.org/p-is-promise 102ms (cache revalidated)
386 http fetch GET 200 https://registry.npmjs.org/mimic-response 106ms (cache revalidated)
387 http fetch GET 200 https://registry.npmjs.org/safe-buffer 96ms (cache revalidated)
388 http fetch GET 200 https://registry.npmjs.org/through2 97ms (cache revalidated)
389 http fetch GET 200 https://registry.npmjs.org/from2 107ms (cache revalidated)
390 timing idealTree:node_modules/@sanity/cli/node_modules/get-it Completed in 114ms
391 silly placeDep node_modules/@sanity/cli mimic-response@3.1.0 OK for: decompress-response@7.0.0 want: ^3.1.0
392 timing idealTree:node_modules/@sanity/cli/node_modules/decompress-response Completed in 1ms
393 timing idealTree:node_modules/@sanity/cli/node_modules/follow-redirects Completed in 0ms
394 silly placeDep node_modules/@sanity/cli fs.realpath@1.0.0 OK for: glob@8.0.3 want: ^1.0.0
395 silly placeDep node_modules/@sanity/cli inflight@1.0.6 OK for: glob@8.0.3 want: ^1.0.4
396 silly fetch manifest wrappy@1
397 silly placeDep node_modules/@sanity/cli inherits@2.0.4 OK for: glob@8.0.3 want: 2
398 silly placeDep node_modules/@sanity/cli/node_modules/glob minimatch@5.1.6 OK for: glob@8.0.3 want: ^5.0.1
399 silly fetch manifest brace-expansion@^2.0.1
400 silly placeDep node_modules/@sanity/cli once@1.4.0 OK for: glob@8.0.3 want: ^1.3.0
401 http fetch GET 200 https://registry.npmjs.org/wrappy 69ms (cache revalidated)
402 timing idealTree:node_modules/@sanity/cli/node_modules/glob Completed in 74ms
403 timing idealTree:node_modules/@sanity/cli/node_modules/fs.realpath Completed in 0ms
404 timing idealTree:node_modules/@sanity/cli/node_modules/globals Completed in 0ms
405 timing idealTree:node_modules/@sanity/cli/node_modules/golden-fleece Completed in 0ms
406 silly placeDep node_modules/@sanity/cli wrappy@1.0.2 OK for: inflight@1.0.6 want: 1
407 timing idealTree:node_modules/@sanity/cli/node_modules/inflight Completed in 5ms
408 timing idealTree:node_modules/@sanity/cli/node_modules/inherits Completed in 0ms
409 silly placeDep node_modules/@sanity/cli from2@2.3.0 OK for: into-stream@6.0.0 want: ^2.3.0
410 silly fetch manifest readable-stream@^2.0.0
411 silly placeDep node_modules/@sanity/cli p-is-promise@3.0.0 OK for: into-stream@6.0.0 want: ^3.0.0
412 http fetch GET 200 https://registry.npmjs.org/readable-stream 62ms (cache revalidated)
413 timing idealTree:node_modules/@sanity/cli/node_modules/into-stream Completed in 69ms
414 silly placeDep node_modules/@sanity/cli readable-stream@2.3.8 OK for: from2@2.3.0 want: ^2.0.0
415 silly fetch manifest core-util-is@~1.0.0
416 silly fetch manifest isarray@~1.0.0
417 silly fetch manifest process-nextick-args@~2.0.0
418 silly fetch manifest safe-buffer@~5.1.1
419 silly fetch manifest string_decoder@~1.1.1
420 silly fetch manifest util-deprecate@~1.0.1
421 http fetch GET 200 https://registry.npmjs.org/isarray 54ms (cache revalidated)
422 http fetch GET 200 https://registry.npmjs.org/util-deprecate 51ms (cache revalidated)
423 http fetch GET 200 https://registry.npmjs.org/process-nextick-args 55ms (cache revalidated)
424 http fetch GET 200 https://registry.npmjs.org/string_decoder 61ms (cache revalidated)
425 http fetch GET 200 https://registry.npmjs.org/core-util-is 71ms (cache revalidated)
426 timing idealTree:node_modules/@sanity/cli/node_modules/from2 Completed in 73ms
427 timing idealTree:node_modules/@sanity/cli/node_modules/is-plain-object Completed in 0ms
428 timing idealTree:node_modules/@sanity/cli/node_modules/is-retry-allowed Completed in 0ms
429 timing idealTree:node_modules/@sanity/cli/node_modules/is-stream Completed in 0ms
430 timing idealTree:node_modules/@sanity/cli/node_modules/js-tokens Completed in 0ms
431 silly placeDep node_modules/@sanity/cli argparse@1.0.10 OK for: js-yaml@3.13.1 want: ^1.0.7
432 silly fetch manifest sprintf-js@~1.0.2
433 silly placeDep node_modules/@sanity/cli esprima@4.0.1 OK for: js-yaml@3.13.1 want: ^4.0.0
434 http fetch GET 200 https://registry.npmjs.org/sprintf-js 750ms (cache revalidated)
435 timing idealTree:node_modules/@sanity/cli/node_modules/js-yaml Completed in 753ms
436 silly placeDep node_modules/@sanity/cli sprintf-js@1.0.3 OK for: argparse@1.0.10 want: ~1.0.2
437 timing idealTree:node_modules/@sanity/cli/node_modules/argparse Completed in 2ms
438 timing idealTree:node_modules/@sanity/cli/node_modules/esprima Completed in 0ms
439 timing idealTree:node_modules/@sanity/cli/node_modules/jsesc Completed in 0ms
440 timing idealTree:node_modules/@sanity/cli/node_modules/json-schema-traverse Completed in 0ms
441 timing idealTree:node_modules/@sanity/cli/node_modules/json5 Completed in 0ms
442 timing idealTree:node_modules/@sanity/cli/node_modules/mimic-response Completed in 0ms
443 silly placeDep node_modules/@sanity/cli brace-expansion@1.1.11 OK for: minimatch@3.1.2 want: ^1.1.7
444 silly fetch manifest balanced-match@^1.0.0
445 silly fetch manifest concat-map@0.0.1
446 http fetch GET 200 https://registry.npmjs.org/concat-map 62ms (cache revalidated)
447 http fetch GET 200 https://registry.npmjs.org/balanced-match 135ms (cache revalidated)
448 timing idealTree:node_modules/@sanity/cli/node_modules/minimatch Completed in 139ms
449 silly placeDep node_modules/@sanity/cli balanced-match@1.0.2 OK for: brace-expansion@1.1.11 want: ^1.0.0
450 silly placeDep node_modules/@sanity/cli concat-map@0.0.1 OK for: brace-expansion@1.1.11 want: 0.0.1
451 timing idealTree:node_modules/@sanity/cli/node_modules/brace-expansion Completed in 2ms
452 timing idealTree:node_modules/@sanity/cli/node_modules/balanced-match Completed in 0ms
453 timing idealTree:node_modules/@sanity/cli/node_modules/concat-map Completed in 0ms
454 timing idealTree:node_modules/@sanity/cli/node_modules/ms Completed in 0ms
455 timing idealTree:node_modules/@sanity/cli/node_modules/once Completed in 0ms
456 timing idealTree:node_modules/@sanity/cli/node_modules/p-is-promise Completed in 0ms
457 timing idealTree:node_modules/@sanity/cli/node_modules/parse-headers Completed in 0ms
458 timing idealTree:node_modules/@sanity/cli/node_modules/path-to-regexp Completed in 0ms
459 silly placeDep node_modules/@sanity/cli find-up@5.0.0 OK for: pkg-dir@5.0.0 want: ^5.0.0
460 silly fetch manifest locate-path@^6.0.0
461 silly fetch manifest path-exists@^4.0.0
462 http fetch GET 200 https://registry.npmjs.org/path-exists 44ms (cache revalidated)
463 http fetch GET 200 https://registry.npmjs.org/locate-path 82ms (cache revalidated)
464 timing idealTree:node_modules/@sanity/cli/node_modules/pkg-dir Completed in 83ms
465 silly placeDep node_modules/@sanity/cli locate-path@6.0.0 OK for: find-up@5.0.0 want: ^6.0.0
466 silly fetch manifest p-locate@^5.0.0
467 silly placeDep node_modules/@sanity/cli path-exists@4.0.0 OK for: find-up@5.0.0 want: ^4.0.0
468 http fetch GET 200 https://registry.npmjs.org/p-locate 64ms (cache revalidated)
469 timing idealTree:node_modules/@sanity/cli/node_modules/find-up Completed in 67ms
470 silly placeDep node_modules/@sanity/cli p-locate@5.0.0 OK for: locate-path@6.0.0 want: ^5.0.0
471 silly fetch manifest p-limit@^3.0.2
472 http fetch GET 200 https://registry.npmjs.org/p-limit 64ms (cache revalidated)
473 timing idealTree:node_modules/@sanity/cli/node_modules/locate-path Completed in 66ms
474 silly placeDep node_modules/@sanity/cli p-limit@3.1.0 OK for: p-locate@5.0.0 want: ^3.0.2
475 silly fetch manifest yocto-queue@^0.1.0
476 http fetch GET 200 https://registry.npmjs.org/yocto-queue 58ms (cache revalidated)
477 timing idealTree:node_modules/@sanity/cli/node_modules/p-locate Completed in 60ms
478 silly placeDep node_modules/@sanity/cli yocto-queue@0.1.0 OK for: p-limit@3.1.0 want: ^0.1.0
479 timing idealTree:node_modules/@sanity/cli/node_modules/p-limit Completed in 1ms
480 timing idealTree:node_modules/@sanity/cli/node_modules/path-exists Completed in 0ms
481 silly placeDep node_modules/@sanity/cli speedometer@1.0.0 OK for: progress-stream@2.0.0 want: ~1.0.0
482 silly placeDep node_modules/@sanity/cli through2@2.0.5 OK for: progress-stream@2.0.0 want: ~2.0.3
483 silly fetch manifest xtend@~4.0.1
484 http fetch GET 200 https://registry.npmjs.org/xtend 52ms (cache revalidated)
485 timing idealTree:node_modules/@sanity/cli/node_modules/progress-stream Completed in 55ms
486 silly placeDep node_modules/@sanity/cli core-util-is@1.0.3 OK for: readable-stream@2.3.8 want: ~1.0.0
487 silly placeDep node_modules/@sanity/cli isarray@1.0.0 OK for: readable-stream@2.3.8 want: ~1.0.0
488 silly placeDep node_modules/@sanity/cli process-nextick-args@2.0.1 OK for: readable-stream@2.3.8 want: ~2.0.0
489 silly placeDep node_modules/@sanity/cli safe-buffer@5.1.2 OK for: readable-stream@2.3.8 want: ~5.1.1
490 silly placeDep node_modules/@sanity/cli string_decoder@1.1.1 OK for: readable-stream@2.3.8 want: ~1.1.1
491 silly placeDep node_modules/@sanity/cli util-deprecate@1.0.2 OK for: readable-stream@2.3.8 want: ~1.0.1
492 timing idealTree:node_modules/@sanity/cli/node_modules/readable-stream Completed in 7ms
493 timing idealTree:node_modules/@sanity/cli/node_modules/core-util-is Completed in 0ms
494 timing idealTree:node_modules/@sanity/cli/node_modules/isarray Completed in 0ms
495 timing idealTree:node_modules/@sanity/cli/node_modules/process-nextick-args Completed in 0ms
496 timing idealTree:node_modules/@sanity/cli/node_modules/safe-buffer Completed in 0ms
497 timing idealTree:node_modules/@sanity/cli/node_modules/semver Completed in 0ms
498 timing idealTree:node_modules/@sanity/cli/node_modules/speedometer Completed in 0ms
499 timing idealTree:node_modules/@sanity/cli/node_modules/sprintf-js Completed in 0ms
500 timing idealTree:node_modules/@sanity/cli/node_modules/string_decoder Completed in 0ms
501 silly placeDep node_modules/@sanity/cli has-flag@4.0.0 OK for: supports-color@7.2.0 want: ^4.0.0
502 timing idealTree:node_modules/@sanity/cli/node_modules/supports-color Completed in 1ms
503 timing idealTree:node_modules/@sanity/cli/node_modules/has-flag Completed in 0ms
504 silly placeDep node_modules/@sanity/cli xtend@4.0.2 OK for: through2@2.0.5 want: ~4.0.1
505 timing idealTree:node_modules/@sanity/cli/node_modules/through2 Completed in 2ms
506 timing idealTree:node_modules/@sanity/cli/node_modules/to-fast-properties Completed in 0ms
507 timing idealTree:node_modules/@sanity/cli/node_modules/tunnel-agent Completed in 0ms
508 silly placeDep node_modules/@sanity/cli punycode@2.3.0 OK for: uri-js@4.4.1 want: ^2.1.0
509 timing idealTree:node_modules/@sanity/cli/node_modules/uri-js Completed in 1ms
510 timing idealTree:node_modules/@sanity/cli/node_modules/punycode Completed in 0ms
511 timing idealTree:node_modules/@sanity/cli/node_modules/util-deprecate Completed in 0ms
512 timing idealTree:node_modules/@sanity/cli/node_modules/wrappy Completed in 0ms
513 timing idealTree:node_modules/@sanity/cli/node_modules/xtend Completed in 0ms
514 timing idealTree:node_modules/@sanity/cli/node_modules/yocto-queue Completed in 0ms
515 silly placeDep node_modules/@sanity/cli/node_modules/@babel/code-frame ansi-styles@3.2.1 OK for: chalk@2.4.2 want: ^3.2.1
516 silly fetch manifest color-convert@^1.9.0
517 silly placeDep node_modules/@sanity/cli escape-string-regexp@1.0.5 OK for: chalk@2.4.2 want: ^1.0.5
518 silly placeDep node_modules/@sanity/cli/node_modules/@babel/code-frame supports-color@5.5.0 OK for: chalk@2.4.2 want: ^5.3.0
519 silly fetch manifest has-flag@^3.0.0
520 timing idealTree:node_modules/@sanity/cli/node_modules/@babel/code-frame/node_modules/chalk Completed in 6ms
521 timing idealTree:node_modules/@sanity/cli/node_modules/escape-string-regexp Completed in 0ms
522 silly placeDep node_modules/@sanity/cli/node_modules/@babel/code-frame color-convert@1.9.3 OK for: ansi-styles@3.2.1 want: ^1.9.0
523 silly fetch manifest color-name@1.1.3
524 timing idealTree:node_modules/@sanity/cli/node_modules/@babel/code-frame/node_modules/ansi-styles Completed in 2ms
525 silly placeDep node_modules/@sanity/cli/node_modules/@babel/code-frame color-name@1.1.3 OK for: color-convert@1.9.3 want: 1.1.3
526 timing idealTree:node_modules/@sanity/cli/node_modules/@babel/code-frame/node_modules/color-convert Completed in 1ms
527 timing idealTree:node_modules/@sanity/cli/node_modules/@babel/code-frame/node_modules/color-name Completed in 0ms
528 silly placeDep node_modules/@sanity/cli/node_modules/@babel/code-frame has-flag@3.0.0 OK for: supports-color@5.5.0 want: ^3.0.0
529 timing idealTree:node_modules/@sanity/cli/node_modules/@babel/code-frame/node_modules/supports-color Completed in 1ms
530 timing idealTree:node_modules/@sanity/cli/node_modules/@babel/code-frame/node_modules/has-flag Completed in 0ms
531 silly placeDep node_modules/@sanity/cli/node_modules/@babel/highlight ansi-styles@3.2.1 OK for: chalk@2.4.2 want: ^3.2.1
532 silly placeDep node_modules/@sanity/cli/node_modules/@babel/highlight supports-color@5.5.0 OK for: chalk@2.4.2 want: ^5.3.0
533 timing idealTree:node_modules/@sanity/cli/node_modules/@babel/highlight/node_modules/chalk Completed in 3ms
534 silly placeDep node_modules/@sanity/cli/node_modules/@babel/highlight color-convert@1.9.3 OK for: ansi-styles@3.2.1 want: ^1.9.0
535 timing idealTree:node_modules/@sanity/cli/node_modules/@babel/highlight/node_modules/ansi-styles Completed in 2ms
536 silly placeDep node_modules/@sanity/cli/node_modules/@babel/highlight color-name@1.1.3 OK for: color-convert@1.9.3 want: 1.1.3
537 timing idealTree:node_modules/@sanity/cli/node_modules/@babel/highlight/node_modules/color-convert Completed in 1ms
538 timing idealTree:node_modules/@sanity/cli/node_modules/@babel/highlight/node_modules/color-name Completed in 0ms
539 silly placeDep node_modules/@sanity/cli/node_modules/@babel/highlight has-flag@3.0.0 OK for: supports-color@5.5.0 want: ^3.0.0
540 timing idealTree:node_modules/@sanity/cli/node_modules/@babel/highlight/node_modules/supports-color Completed in 1ms
541 timing idealTree:node_modules/@sanity/cli/node_modules/@babel/highlight/node_modules/has-flag Completed in 0ms
542 silly placeDep node_modules/@sanity/cli/node_modules/@vercel/fs-detectors argparse@2.0.1 OK for: js-yaml@4.1.0 want: ^2.0.1
543 timing idealTree:node_modules/@sanity/cli/node_modules/@vercel/fs-detectors/node_modules/js-yaml Completed in 2ms
544 timing idealTree:node_modules/@sanity/cli/node_modules/@vercel/fs-detectors/node_modules/argparse Completed in 0ms
545 silly placeDep node_modules/@sanity/cli/node_modules/glob brace-expansion@2.0.1 OK for: minimatch@5.1.6 want: ^2.0.1
546 timing idealTree:node_modules/@sanity/cli/node_modules/glob/node_modules/minimatch Completed in 1ms
547 timing idealTree:node_modules/@sanity/cli/node_modules/glob/node_modules/brace-expansion Completed in 0ms
548 timing idealTree:buildDeps Completed in 9026ms
549 timing idealTree:fixDepFlags Completed in 1ms
550 timing idealTree Completed in 9047ms
551 timing reify:loadTrees Completed in 9053ms
552 timing reify:diffTrees Completed in 3ms
553 silly reify moves {}
554 timing reify:retireShallow Completed in 1ms
555 timing reify:createSparse Completed in 42ms
556 timing reify:loadBundles Completed in 0ms
557 verbose reify failed optional dependency C:\Users\roko\AppData\Roaming\npm\node_modules\@sanity\cli\node_modules\@esbuild\win32-ia32
558 silly reify mark deleted [
558 silly reify   'C:\\Users\\roko\\AppData\\Roaming\\npm\\node_modules\\@sanity\\cli\\node_modules\\@esbuild\\win32-ia32'
558 silly reify ]
559 verbose reify failed optional dependency C:\Users\roko\AppData\Roaming\npm\node_modules\@sanity\cli\node_modules\@esbuild\win32-arm64
560 silly reify mark deleted [
560 silly reify   'C:\\Users\\roko\\AppData\\Roaming\\npm\\node_modules\\@sanity\\cli\\node_modules\\@esbuild\\win32-arm64'
560 silly reify ]
561 verbose reify failed optional dependency C:\Users\roko\AppData\Roaming\npm\node_modules\@sanity\cli\node_modules\@esbuild\sunos-x64
562 silly reify mark deleted [
562 silly reify   'C:\\Users\\roko\\AppData\\Roaming\\npm\\node_modules\\@sanity\\cli\\node_modules\\@esbuild\\sunos-x64'
562 silly reify ]
563 verbose reify failed optional dependency C:\Users\roko\AppData\Roaming\npm\node_modules\@sanity\cli\node_modules\@esbuild\openbsd-x64
564 silly reify mark deleted [
564 silly reify   'C:\\Users\\roko\\AppData\\Roaming\\npm\\node_modules\\@sanity\\cli\\node_modules\\@esbuild\\openbsd-x64'
564 silly reify ]
565 verbose reify failed optional dependency C:\Users\roko\AppData\Roaming\npm\node_modules\@sanity\cli\node_modules\@esbuild\netbsd-x64
566 silly reify mark deleted [
566 silly reify   'C:\\Users\\roko\\AppData\\Roaming\\npm\\node_modules\\@sanity\\cli\\node_modules\\@esbuild\\netbsd-x64'
566 silly reify ]
567 verbose reify failed optional dependency C:\Users\roko\AppData\Roaming\npm\node_modules\@sanity\cli\node_modules\@esbuild\linux-x64
568 silly reify mark deleted [
568 silly reify   'C:\\Users\\roko\\AppData\\Roaming\\npm\\node_modules\\@sanity\\cli\\node_modules\\@esbuild\\linux-x64'
568 silly reify ]
569 verbose reify failed optional dependency C:\Users\roko\AppData\Roaming\npm\node_modules\@sanity\cli\node_modules\@esbuild\linux-s390x
570 silly reify mark deleted [
570 silly reify   'C:\\Users\\roko\\AppData\\Roaming\\npm\\node_modules\\@sanity\\cli\\node_modules\\@esbuild\\linux-s390x'
570 silly reify ]
571 verbose reify failed optional dependency C:\Users\roko\AppData\Roaming\npm\node_modules\@sanity\cli\node_modules\@esbuild\linux-riscv64
572 silly reify mark deleted [
572 silly reify   'C:\\Users\\roko\\AppData\\Roaming\\npm\\node_modules\\@sanity\\cli\\node_modules\\@esbuild\\linux-riscv64'
572 silly reify ]
573 verbose reify failed optional dependency C:\Users\roko\AppData\Roaming\npm\node_modules\@sanity\cli\node_modules\@esbuild\linux-ppc64
574 silly reify mark deleted [
574 silly reify   'C:\\Users\\roko\\AppData\\Roaming\\npm\\node_modules\\@sanity\\cli\\node_modules\\@esbuild\\linux-ppc64'
574 silly reify ]
575 verbose reify failed optional dependency C:\Users\roko\AppData\Roaming\npm\node_modules\@sanity\cli\node_modules\@esbuild\linux-mips64el
576 silly reify mark deleted [
576 silly reify   'C:\\Users\\roko\\AppData\\Roaming\\npm\\node_modules\\@sanity\\cli\\node_modules\\@esbuild\\linux-mips64el'
576 silly reify ]
577 verbose reify failed optional dependency C:\Users\roko\AppData\Roaming\npm\node_modules\@sanity\cli\node_modules\@esbuild\linux-loong64
578 silly reify mark deleted [
578 silly reify   'C:\\Users\\roko\\AppData\\Roaming\\npm\\node_modules\\@sanity\\cli\\node_modules\\@esbuild\\linux-loong64'
578 silly reify ]
579 verbose reify failed optional dependency C:\Users\roko\AppData\Roaming\npm\node_modules\@sanity\cli\node_modules\@esbuild\linux-ia32
580 silly reify mark deleted [
580 silly reify   'C:\\Users\\roko\\AppData\\Roaming\\npm\\node_modules\\@sanity\\cli\\node_modules\\@esbuild\\linux-ia32'
580 silly reify ]
581 verbose reify failed optional dependency C:\Users\roko\AppData\Roaming\npm\node_modules\@sanity\cli\node_modules\@esbuild\linux-arm64
582 silly reify mark deleted [
582 silly reify   'C:\\Users\\roko\\AppData\\Roaming\\npm\\node_modules\\@sanity\\cli\\node_modules\\@esbuild\\linux-arm64'
582 silly reify ]
583 verbose reify failed optional dependency C:\Users\roko\AppData\Roaming\npm\node_modules\@sanity\cli\node_modules\@esbuild\linux-arm
584 silly reify mark deleted [
584 silly reify   'C:\\Users\\roko\\AppData\\Roaming\\npm\\node_modules\\@sanity\\cli\\node_modules\\@esbuild\\linux-arm'
584 silly reify ]
585 verbose reify failed optional dependency C:\Users\roko\AppData\Roaming\npm\node_modules\@sanity\cli\node_modules\@esbuild\freebsd-x64
586 silly reify mark deleted [
586 silly reify   'C:\\Users\\roko\\AppData\\Roaming\\npm\\node_modules\\@sanity\\cli\\node_modules\\@esbuild\\freebsd-x64'
586 silly reify ]
587 verbose reify failed optional dependency C:\Users\roko\AppData\Roaming\npm\node_modules\@sanity\cli\node_modules\@esbuild\freebsd-arm64
588 silly reify mark deleted [
588 silly reify   'C:\\Users\\roko\\AppData\\Roaming\\npm\\node_modules\\@sanity\\cli\\node_modules\\@esbuild\\freebsd-arm64'
588 silly reify ]
589 verbose reify failed optional dependency C:\Users\roko\AppData\Roaming\npm\node_modules\@sanity\cli\node_modules\@esbuild\darwin-x64
590 silly reify mark deleted [
590 silly reify   'C:\\Users\\roko\\AppData\\Roaming\\npm\\node_modules\\@sanity\\cli\\node_modules\\@esbuild\\darwin-x64'
590 silly reify ]
591 verbose reify failed optional dependency C:\Users\roko\AppData\Roaming\npm\node_modules\@sanity\cli\node_modules\@esbuild\darwin-arm64
592 silly reify mark deleted [
592 silly reify   'C:\\Users\\roko\\AppData\\Roaming\\npm\\node_modules\\@sanity\\cli\\node_modules\\@esbuild\\darwin-arm64'
592 silly reify ]
593 verbose reify failed optional dependency C:\Users\roko\AppData\Roaming\npm\node_modules\@sanity\cli\node_modules\@esbuild\android-x64
594 silly reify mark deleted [
594 silly reify   'C:\\Users\\roko\\AppData\\Roaming\\npm\\node_modules\\@sanity\\cli\\node_modules\\@esbuild\\android-x64'
594 silly reify ]
595 verbose reify failed optional dependency C:\Users\roko\AppData\Roaming\npm\node_modules\@sanity\cli\node_modules\@esbuild\android-arm64
596 silly reify mark deleted [
596 silly reify   'C:\\Users\\roko\\AppData\\Roaming\\npm\\node_modules\\@sanity\\cli\\node_modules\\@esbuild\\android-arm64'
596 silly reify ]
597 verbose reify failed optional dependency C:\Users\roko\AppData\Roaming\npm\node_modules\@sanity\cli\node_modules\@esbuild\android-arm
598 silly reify mark deleted [
598 silly reify   'C:\\Users\\roko\\AppData\\Roaming\\npm\\node_modules\\@sanity\\cli\\node_modules\\@esbuild\\android-arm'
598 silly reify ]
599 timing reifyNode:node_modules/@sanity/cli/node_modules/@esbuild/win32-ia32 Completed in 13ms
600 timing reifyNode:node_modules/@sanity/cli/node_modules/@esbuild/win32-arm64 Completed in 13ms
601 timing reifyNode:node_modules/@sanity/cli/node_modules/@esbuild/sunos-x64 Completed in 13ms
602 timing reifyNode:node_modules/@sanity/cli/node_modules/@esbuild/openbsd-x64 Completed in 13ms
603 timing reifyNode:node_modules/@sanity/cli/node_modules/@esbuild/netbsd-x64 Completed in 13ms
604 timing reifyNode:node_modules/@sanity/cli/node_modules/@esbuild/linux-x64 Completed in 13ms
605 timing reifyNode:node_modules/@sanity/cli/node_modules/@esbuild/linux-s390x Completed in 13ms
606 timing reifyNode:node_modules/@sanity/cli/node_modules/@esbuild/linux-riscv64 Completed in 13ms
607 timing reifyNode:node_modules/@sanity/cli/node_modules/@esbuild/linux-ppc64 Completed in 13ms
608 timing reifyNode:node_modules/@sanity/cli/node_modules/@esbuild/linux-mips64el Completed in 13ms
609 timing reifyNode:node_modules/@sanity/cli/node_modules/@esbuild/linux-loong64 Completed in 13ms
610 timing reifyNode:node_modules/@sanity/cli/node_modules/@esbuild/linux-ia32 Completed in 14ms
611 timing reifyNode:node_modules/@sanity/cli/node_modules/@esbuild/linux-arm64 Completed in 15ms
612 timing reifyNode:node_modules/@sanity/cli/node_modules/@esbuild/linux-arm Completed in 15ms
613 timing reifyNode:node_modules/@sanity/cli/node_modules/@esbuild/freebsd-x64 Completed in 15ms
614 timing reifyNode:node_modules/@sanity/cli/node_modules/@esbuild/freebsd-arm64 Completed in 15ms
615 timing reifyNode:node_modules/@sanity/cli/node_modules/@esbuild/darwin-x64 Completed in 15ms
616 timing reifyNode:node_modules/@sanity/cli/node_modules/@esbuild/darwin-arm64 Completed in 15ms
617 timing reifyNode:node_modules/@sanity/cli/node_modules/@esbuild/android-x64 Completed in 15ms
618 timing reifyNode:node_modules/@sanity/cli/node_modules/@esbuild/android-arm64 Completed in 15ms
619 timing reifyNode:node_modules/@sanity/cli/node_modules/@esbuild/android-arm Completed in 15ms
620 timing reifyNode:node_modules/@sanity/cli/node_modules/escape-string-regexp Completed in 423ms
621 timing reifyNode:node_modules/@sanity/cli/node_modules/through2 Completed in 422ms
622 timing reifyNode:node_modules/@sanity/cli/node_modules/process-nextick-args Completed in 422ms
623 timing reifyNode:node_modules/@sanity/cli/node_modules/speedometer Completed in 422ms
624 timing reifyNode:node_modules/@sanity/cli/node_modules/brace-expansion Completed in 422ms
625 timing reifyNode:node_modules/@sanity/cli/node_modules/once Completed in 422ms
626 timing reifyNode:node_modules/@sanity/cli/node_modules/wrappy Completed in 422ms
627 timing reifyNode:node_modules/@sanity/cli/node_modules/color-name Completed in 422ms
628 timing reifyNode:node_modules/@sanity/cli/node_modules/inflight Completed in 423ms
629 timing reifyNode:node_modules/@sanity/cli/node_modules/ms Completed in 422ms
630 timing reifyNode:node_modules/@sanity/cli/node_modules/to-fast-properties Completed in 422ms
631 timing reifyNode:node_modules/@sanity/cli/node_modules/@babel/code-frame/node_modules/has-flag Completed in 423ms
632 timing reifyNode:node_modules/@sanity/cli/node_modules/@babel/highlight/node_modules/has-flag Completed in 424ms
633 timing reifyNode:node_modules/@sanity/cli/node_modules/@babel/highlight/node_modules/ansi-styles Completed in 424ms
634 timing reifyNode:node_modules/@sanity/cli/node_modules/@babel/code-frame/node_modules/ansi-styles Completed in 424ms
635 timing reifyNode:node_modules/@sanity/cli/node_modules/core-util-is Completed in 429ms
636 timing reifyNode:node_modules/@sanity/cli/node_modules/tunnel-agent Completed in 429ms
637 timing reifyNode:node_modules/@sanity/cli/node_modules/minimatch Completed in 435ms
638 timing reifyNode:node_modules/@sanity/cli/node_modules/path-exists Completed in 446ms
639 timing reifyNode:node_modules/@sanity/cli/node_modules/has-flag Completed in 447ms
640 timing reifyNode:node_modules/@sanity/cli/node_modules/yocto-queue Completed in 447ms
641 timing reifyNode:node_modules/@sanity/cli/node_modules/p-locate Completed in 447ms
642 timing reifyNode:node_modules/@sanity/cli/node_modules/locate-path Completed in 446ms
643 timing reifyNode:node_modules/@sanity/cli/node_modules/p-limit Completed in 447ms
644 timing reifyNode:node_modules/@sanity/cli/node_modules/find-up Completed in 446ms
645 timing reifyNode:node_modules/@sanity/cli/node_modules/mimic-response Completed in 446ms
646 timing reifyNode:node_modules/@sanity/cli/node_modules/inherits Completed in 447ms
647 timing reifyNode:node_modules/@sanity/cli/node_modules/is-retry-allowed Completed in 447ms
648 timing reifyNode:node_modules/@sanity/cli/node_modules/into-stream Completed in 446ms
649 timing reifyNode:node_modules/@sanity/cli/node_modules/is-stream Completed in 447ms
650 timing reifyNode:node_modules/@sanity/cli/node_modules/supports-color Completed in 446ms
651 timing reifyNode:node_modules/@sanity/cli/node_modules/p-is-promise Completed in 448ms
652 timing reifyNode:node_modules/@sanity/cli/node_modules/@babel/highlight/node_modules/supports-color Completed in 447ms
653 timing reifyNode:node_modules/@sanity/cli/node_modules/decompress-response Completed in 450ms
654 timing reifyNode:node_modules/@sanity/cli/node_modules/@babel/code-frame/node_modules/supports-color Completed in 452ms
655 timing reifyNode:node_modules/@sanity/cli/node_modules/pkg-dir Completed in 454ms
656 timing reifyNode:node_modules/@sanity/cli/node_modules/balanced-match Completed in 457ms
657 timing reifyNode:node_modules/@sanity/cli/node_modules/fs.realpath Completed in 457ms
658 timing reifyNode:node_modules/@sanity/cli/node_modules/glob/node_modules/brace-expansion Completed in 456ms
659 timing reifyNode:node_modules/@sanity/cli/node_modules/ansi-styles Completed in 457ms
660 timing reifyNode:node_modules/@sanity/cli/node_modules/js-tokens Completed in 457ms
661 timing reifyNode:node_modules/@sanity/cli/node_modules/@babel/helper-split-export-declaration Completed in 456ms
662 timing reifyNode:node_modules/@sanity/cli/node_modules/safe-buffer Completed in 461ms
663 timing reifyNode:node_modules/@sanity/cli/node_modules/string_decoder Completed in 462ms
664 timing reifyNode:node_modules/@sanity/cli/node_modules/@babel/helper-hoist-variables Completed in 458ms
665 timing reifyNode:node_modules/@sanity/cli/node_modules/punycode Completed in 465ms
666 timing reifyNode:node_modules/@sanity/cli/node_modules/glob/node_modules/minimatch Completed in 460ms
667 timing reifyNode:node_modules/@sanity/cli/node_modules/@babel/highlight Completed in 461ms
668 timing reifyNode:node_modules/@sanity/cli/node_modules/@babel/code-frame Completed in 460ms
669 timing reifyNode:node_modules/@sanity/cli/node_modules/globals Completed in 461ms
670 timing reifyNode:node_modules/@sanity/cli/node_modules/@babel/helper-environment-visitor Completed in 462ms
671 timing reifyNode:node_modules/@sanity/cli/node_modules/@babel/helper-string-parser Completed in 468ms
672 timing reifyNode:node_modules/@sanity/cli/node_modules/util-deprecate Completed in 472ms
673 timing reifyNode:node_modules/@sanity/cli/node_modules/from2 Completed in 471ms
674 timing reifyNode:node_modules/@sanity/cli/node_modules/@babel/helper-function-name Completed in 468ms
675 timing reifyNode:node_modules/@sanity/cli/node_modules/is-plain-object Completed in 473ms
676 timing reifyNode:node_modules/@sanity/cli/node_modules/glob Completed in 484ms
677 timing reifyNode:node_modules/@sanity/cli/node_modules/xtend Completed in 490ms
678 timing reifyNode:node_modules/@sanity/cli/node_modules/@babel/highlight/node_modules/color-name Completed in 487ms
679 timing reifyNode:node_modules/@sanity/cli/node_modules/jsesc Completed in 487ms
680 timing reifyNode:node_modules/@sanity/cli/node_modules/@babel/code-frame/node_modules/color-name Completed in 486ms
681 timing reifyNode:node_modules/@sanity/cli/node_modules/color-convert Completed in 491ms
682 timing reifyNode:node_modules/@sanity/cli/node_modules/progress-stream Completed in 493ms
683 timing reifyNode:node_modules/@sanity/cli/node_modules/@babel/highlight/node_modules/color-convert Completed in 492ms
684 timing reifyNode:node_modules/@sanity/cli/node_modules/concat-map Completed in 494ms
685 timing reifyNode:node_modules/@sanity/cli/node_modules/@babel/code-frame/node_modules/color-convert Completed in 492ms
686 timing reifyNode:node_modules/@sanity/cli/node_modules/follow-redirects Completed in 494ms
687 timing reifyNode:node_modules/@sanity/cli/node_modules/@babel/highlight/node_modules/chalk Completed in 493ms
688 timing reifyNode:node_modules/@sanity/cli/node_modules/debug Completed in 494ms
689 timing reifyNode:node_modules/@sanity/cli/node_modules/@babel/code-frame/node_modules/chalk Completed in 494ms
690 timing reifyNode:node_modules/@sanity/cli/node_modules/isarray Completed in 503ms
691 timing reifyNode:node_modules/@sanity/cli/node_modules/parse-headers Completed in 503ms
692 timing reifyNode:node_modules/@sanity/cli/node_modules/chalk Completed in 501ms
693 timing reifyNode:node_modules/@sanity/cli/node_modules/semver Completed in 504ms
694 timing reifyNode:node_modules/@sanity/cli/node_modules/@jridgewell/resolve-uri Completed in 511ms
695 timing reifyNode:node_modules/@sanity/cli/node_modules/@jridgewell/sourcemap-codec Completed in 515ms
696 timing reifyNode:node_modules/@sanity/cli/node_modules/esbuild Completed in 517ms
697 timing reifyNode:node_modules/@sanity/cli/node_modules/json-schema-traverse Completed in 518ms
698 timing reifyNode:node_modules/@sanity/cli/node_modules/@vercel/fs-detectors/node_modules/argparse Completed in 519ms
699 timing reifyNode:node_modules/@sanity/cli/node_modules/@jridgewell/set-array Completed in 522ms
700 timing reifyNode:node_modules/@sanity/cli/node_modules/@babel/helper-validator-identifier Completed in 532ms
701 timing reifyNode:node_modules/@sanity/cli/node_modules/fast-deep-equal Completed in 540ms
702 timing reifyNode:node_modules/@sanity/cli/node_modules/@jridgewell/gen-mapping Completed in 544ms
703 timing reifyNode:node_modules/@sanity/cli/node_modules/esprima Completed in 547ms
704 timing reifyNode:node_modules/@sanity/cli/node_modules/esbuild-register Completed in 545ms
705 timing reifyNode:node_modules/@sanity/cli/node_modules/@vercel/frameworks Completed in 555ms
706 timing reifyNode:node_modules/@sanity/cli/node_modules/@vercel/error-utils Completed in 557ms
707 timing reifyNode:node_modules/@sanity/cli/node_modules/@vercel/routing-utils Completed in 596ms
708 timing reifyNode:node_modules/@sanity/cli/node_modules/sprintf-js Completed in 608ms
709 timing reifyNode:node_modules/@sanity/cli/node_modules/fast-json-stable-stringify Completed in 613ms
710 timing reifyNode:node_modules/@sanity/cli/node_modules/@jridgewell/trace-mapping Completed in 619ms
711 timing reifyNode:node_modules/@sanity/cli/node_modules/@babel/template Completed in 624ms
712 timing reifyNode:node_modules/@sanity/cli/node_modules/@iarna/toml Completed in 632ms
713 timing reifyNode:node_modules/@sanity/cli/node_modules/golden-fleece Completed in 633ms
714 timing reifyNode:node_modules/@sanity/cli/node_modules/path-to-regexp Completed in 636ms
715 timing reifyNode:node_modules/@sanity/cli/node_modules/json5 Completed in 644ms
716 timing reifyNode:node_modules/@sanity/cli/node_modules/readable-stream Completed in 659ms
717 timing reifyNode:node_modules/@sanity/cli/node_modules/argparse Completed in 672ms
718 timing reifyNode:node_modules/@sanity/cli/node_modules/@babel/parser Completed in 689ms
719 timing reifyNode:node_modules/@sanity/cli/node_modules/@vercel/fs-detectors/node_modules/js-yaml Completed in 707ms
720 timing reifyNode:node_modules/@sanity/cli/node_modules/js-yaml Completed in 710ms
721 timing reifyNode:node_modules/@sanity/cli/node_modules/@babel/generator Completed in 725ms
722 timing reifyNode:node_modules/@sanity/cli/node_modules/@vercel/fs-detectors Completed in 731ms
723 timing reifyNode:node_modules/@sanity/cli/node_modules/uri-js Completed in 738ms
724 timing reifyNode:node_modules/@sanity/cli/node_modules/@babel/traverse Completed in 772ms
725 timing reifyNode:node_modules/@sanity/cli/node_modules/get-it Completed in 800ms
726 timing reifyNode:node_modules/@sanity/cli/node_modules/@esbuild/win32-x64 Completed in 808ms
727 timing reifyNode:node_modules/@sanity/cli/node_modules/ajv Completed in 833ms
728 timing reifyNode:node_modules/@sanity/cli/node_modules/@babel/types Completed in 953ms
729 timing reifyNode:node_modules/@sanity/cli Completed in 1167ms
730 timing reify:unpack Completed in 1167ms
731 timing reify:unretire Completed in 0ms
732 timing build:queue Completed in 7ms
733 timing build:link:node_modules/@sanity/cli/node_modules/@babel/parser Completed in 14ms
734 timing build:link:node_modules/@sanity/cli Completed in 14ms
735 timing build:link:node_modules/@sanity/cli/node_modules/esbuild Completed in 13ms
736 timing build:link:node_modules/@sanity/cli/node_modules/esprima Completed in 13ms
737 timing build:link:node_modules/@sanity/cli/node_modules/@vercel/fs-detectors/node_modules/js-yaml Completed in 13ms
738 timing build:link:node_modules/@sanity/cli/node_modules/jsesc Completed in 13ms
739 timing build:link:node_modules/@sanity/cli/node_modules/semver Completed in 13ms
740 timing build:link:node_modules/@sanity/cli/node_modules/js-yaml Completed in 13ms
741 timing build:link:node_modules/@sanity/cli/node_modules/json5 Completed in 14ms
742 timing build:link Completed in 15ms
743 info run esbuild@0.18.20 postinstall node_modules/@sanity/cli/node_modules/esbuild node install.js
744 info run esbuild@0.18.20 postinstall { code: 0, signal: null }
745 timing build:run:postinstall:node_modules/@sanity/cli/node_modules/esbuild Completed in 584ms
746 timing build:run:postinstall Completed in 584ms
747 timing build:deps Completed in 606ms
748 timing build Completed in 606ms
749 timing reify:build Completed in 606ms
750 timing reify:trash Completed in 2ms
751 timing reify Completed in 10888ms
752 silly ADD node_modules/@sanity/cli
753 silly ADD node_modules/@sanity/cli/node_modules/escape-string-regexp
754 silly ADD node_modules/@sanity/cli/node_modules/punycode
755 silly ADD node_modules/@sanity/cli/node_modules/xtend
756 silly ADD node_modules/@sanity/cli/node_modules/has-flag
757 silly ADD node_modules/@sanity/cli/node_modules/util-deprecate
758 silly ADD node_modules/@sanity/cli/node_modules/string_decoder
759 silly ADD node_modules/@sanity/cli/node_modules/safe-buffer
760 silly ADD node_modules/@sanity/cli/node_modules/process-nextick-args
761 silly ADD node_modules/@sanity/cli/node_modules/isarray
762 silly ADD node_modules/@sanity/cli/node_modules/core-util-is
763 silly ADD node_modules/@sanity/cli/node_modules/through2
764 silly ADD node_modules/@sanity/cli/node_modules/speedometer
765 silly ADD node_modules/@sanity/cli/node_modules/yocto-queue
766 silly ADD node_modules/@sanity/cli/node_modules/p-limit
767 silly ADD node_modules/@sanity/cli/node_modules/p-locate
768 silly ADD node_modules/@sanity/cli/node_modules/path-exists
769 silly ADD node_modules/@sanity/cli/node_modules/locate-path
770 silly ADD node_modules/@sanity/cli/node_modules/find-up
771 silly ADD node_modules/@sanity/cli/node_modules/concat-map
772 silly ADD node_modules/@sanity/cli/node_modules/balanced-match
773 silly ADD node_modules/@sanity/cli/node_modules/brace-expansion
774 silly ADD node_modules/@sanity/cli/node_modules/sprintf-js
775 silly ADD node_modules/@sanity/cli/node_modules/esprima
776 silly ADD node_modules/@sanity/cli/node_modules/argparse
777 silly ADD node_modules/@sanity/cli/node_modules/readable-stream
778 silly ADD node_modules/@sanity/cli/node_modules/p-is-promise
779 silly ADD node_modules/@sanity/cli/node_modules/from2
780 silly ADD node_modules/@sanity/cli/node_modules/wrappy
781 silly ADD node_modules/@sanity/cli/node_modules/once
782 silly ADD node_modules/@sanity/cli/node_modules/inherits
783 silly ADD node_modules/@sanity/cli/node_modules/inflight
784 silly ADD node_modules/@sanity/cli/node_modules/fs.realpath
785 silly ADD node_modules/@sanity/cli/node_modules/mimic-response
786 silly ADD node_modules/@sanity/cli/node_modules/tunnel-agent
787 silly ADD node_modules/@sanity/cli/node_modules/progress-stream
788 silly ADD node_modules/@sanity/cli/node_modules/parse-headers
789 silly ADD node_modules/@sanity/cli/node_modules/is-stream
790 silly ADD node_modules/@sanity/cli/node_modules/is-retry-allowed
791 silly ADD node_modules/@sanity/cli/node_modules/is-plain-object
792 silly ADD node_modules/@sanity/cli/node_modules/into-stream
793 silly ADD node_modules/@sanity/cli/node_modules/follow-redirects
794 silly ADD node_modules/@sanity/cli/node_modules/decompress-response
795 silly ADD node_modules/@sanity/cli/node_modules/@esbuild/win32-x64
796 silly ADD
797 silly ADD
798 silly ADD
799 silly ADD
800 silly ADD
801 silly ADD
802 silly ADD
803 silly ADD
804 silly ADD
805 silly ADD
806 silly ADD
807 silly ADD
808 silly ADD
809 silly ADD
810 silly ADD
811 silly ADD
812 silly ADD
813 silly ADD
814 silly ADD
815 silly ADD
816 silly ADD
817 silly ADD node_modules/@sanity/cli/node_modules/ms
818 silly ADD node_modules/@sanity/cli/node_modules/color-name
819 silly ADD node_modules/@sanity/cli/node_modules/color-convert
820 silly ADD node_modules/@sanity/cli/node_modules/supports-color
821 silly ADD node_modules/@sanity/cli/node_modules/ansi-styles
822 silly ADD node_modules/@sanity/cli/node_modules/uri-js
823 silly ADD node_modules/@sanity/cli/node_modules/json-schema-traverse
824 silly ADD node_modules/@sanity/cli/node_modules/fast-json-stable-stringify
825 silly ADD node_modules/@sanity/cli/node_modules/fast-deep-equal
826 silly ADD node_modules/@sanity/cli/node_modules/path-to-regexp
827 silly ADD node_modules/@sanity/cli/node_modules/ajv
828 silly ADD node_modules/@sanity/cli/node_modules/semver
829 silly ADD node_modules/@sanity/cli/node_modules/minimatch
830 silly ADD node_modules/@sanity/cli/node_modules/json5
831 silly ADD node_modules/@sanity/cli/node_modules/glob
832 silly ADD node_modules/@sanity/cli/node_modules/glob/node_modules/brace-expansion
833 silly ADD node_modules/@sanity/cli/node_modules/glob/node_modules/minimatch
834 silly ADD node_modules/@sanity/cli/node_modules/@vercel/routing-utils
835 silly ADD node_modules/@sanity/cli/node_modules/@vercel/error-utils
836 silly ADD node_modules/@sanity/cli/node_modules/js-yaml
837 silly ADD node_modules/@sanity/cli/node_modules/@iarna/toml
838 silly ADD node_modules/@sanity/cli/node_modules/@jridgewell/resolve-uri
839 silly ADD node_modules/@sanity/cli/node_modules/@jridgewell/sourcemap-codec
840 silly ADD node_modules/@sanity/cli/node_modules/@jridgewell/set-array
841 silly ADD node_modules/@sanity/cli/node_modules/to-fast-properties
842 silly ADD node_modules/@sanity/cli/node_modules/@babel/helper-string-parser
843 silly ADD node_modules/@sanity/cli/node_modules/js-tokens
844 silly ADD node_modules/@sanity/cli/node_modules/@babel/helper-validator-identifier
845 silly ADD node_modules/@sanity/cli/node_modules/@babel/template
846 silly ADD node_modules/@sanity/cli/node_modules/jsesc
847 silly ADD node_modules/@sanity/cli/node_modules/@jridgewell/trace-mapping
848 silly ADD node_modules/@sanity/cli/node_modules/@jridgewell/gen-mapping
849 silly ADD node_modules/@sanity/cli/node_modules/@babel/highlight
850 silly ADD node_modules/@sanity/cli/node_modules/@babel/highlight/node_modules/has-flag
851 silly ADD node_modules/@sanity/cli/node_modules/@babel/highlight/node_modules/color-name
852 silly ADD node_modules/@sanity/cli/node_modules/@babel/highlight/node_modules/color-convert
853 silly ADD node_modules/@sanity/cli/node_modules/@babel/highlight/node_modules/supports-color
854 silly ADD node_modules/@sanity/cli/node_modules/@babel/highlight/node_modules/ansi-styles
855 silly ADD node_modules/@sanity/cli/node_modules/@babel/highlight/node_modules/chalk
856 silly ADD node_modules/@sanity/cli/node_modules/globals
857 silly ADD node_modules/@sanity/cli/node_modules/debug
858 silly ADD node_modules/@sanity/cli/node_modules/@babel/types
859 silly ADD node_modules/@sanity/cli/node_modules/@babel/parser
860 silly ADD node_modules/@sanity/cli/node_modules/@babel/helper-split-export-declaration
861 silly ADD node_modules/@sanity/cli/node_modules/@babel/helper-hoist-variables
862 silly ADD node_modules/@sanity/cli/node_modules/@babel/helper-function-name
863 silly ADD node_modules/@sanity/cli/node_modules/@babel/helper-environment-visitor
864 silly ADD node_modules/@sanity/cli/node_modules/@babel/generator
865 silly ADD node_modules/@sanity/cli/node_modules/@babel/code-frame
866 silly ADD node_modules/@sanity/cli/node_modules/@babel/code-frame/node_modules/has-flag
867 silly ADD node_modules/@sanity/cli/node_modules/@babel/code-frame/node_modules/color-name
868 silly ADD node_modules/@sanity/cli/node_modules/@babel/code-frame/node_modules/color-convert
869 silly ADD node_modules/@sanity/cli/node_modules/@babel/code-frame/node_modules/supports-color
870 silly ADD node_modules/@sanity/cli/node_modules/@babel/code-frame/node_modules/ansi-styles
871 silly ADD node_modules/@sanity/cli/node_modules/@babel/code-frame/node_modules/chalk
872 silly ADD node_modules/@sanity/cli/node_modules/pkg-dir
873 silly ADD node_modules/@sanity/cli/node_modules/golden-fleece
874 silly ADD node_modules/@sanity/cli/node_modules/get-it
875 silly ADD node_modules/@sanity/cli/node_modules/esbuild-register
876 silly ADD node_modules/@sanity/cli/node_modules/esbuild
877 silly ADD node_modules/@sanity/cli/node_modules/chalk
878 silly ADD node_modules/@sanity/cli/node_modules/@vercel/fs-detectors
879 silly ADD node_modules/@sanity/cli/node_modules/@vercel/fs-detectors/node_modules/argparse
880 silly ADD node_modules/@sanity/cli/node_modules/@vercel/fs-detectors/node_modules/js-yaml
881 silly ADD node_modules/@sanity/cli/node_modules/@vercel/frameworks
882 silly ADD node_modules/@sanity/cli/node_modules/@babel/traverse
883 timing command:install Completed in 10898ms
884 verbose exit 0
885 timing npm Completed in 11384ms
886 info ok
