0 verbose cli C:\Program Files\nodejs\node.exe C:\Users\roko\AppData\Roaming\npm\node_modules\npm\bin\npm-cli.js
1 info using npm@9.8.1
2 info using node@v18.15.0
3 timing npm:load:whichnode Completed in 3ms
4 timing config:load:defaults Completed in 4ms
5 timing config:load:file:C:\Users\roko\AppData\Roaming\npm\node_modules\npm\npmrc Completed in 1ms
6 timing config:load:builtin Completed in 2ms
7 timing config:load:cli Completed in 2ms
8 timing config:load:env Completed in 0ms
9 timing config:load:file:C:\Users\roko\Desktop\Studio\.npmrc Completed in 1ms
10 timing config:load:project Completed in 2ms
11 timing config:load:file:C:\Users\roko\.npmrc Completed in 0ms
12 timing config:load:user Completed in 0ms
13 timing config:load:file:C:\Users\roko\AppData\Roaming\npm\etc\npmrc Completed in 0ms
14 timing config:load:global Completed in 0ms
15 timing config:load:setEnvs Completed in 1ms
16 timing config:load Completed in 13ms
17 timing npm:load:configload Completed in 13ms
18 timing config:load:flatten Completed in 3ms
19 timing npm:load:mkdirpcache Completed in 0ms
20 timing npm:load:mkdirplogs Completed in 1ms
21 verbose title npm exec create-strapi-app@latest my-project --quickstart
22 verbose argv "exec" "--" "create-strapi-app@latest" "my-project" "--quickstart"
23 timing npm:load:setTitle Completed in 1ms
24 timing npm:load:display Completed in 0ms
25 verbose logfile logs-max:10 dir:C:\Users\roko\Desktop\Studio\npm-cache\_logs\2023-08-29T11_39_57_123Z-
26 verbose logfile C:\Users\roko\Desktop\Studio\npm-cache\_logs\2023-08-29T11_39_57_123Z-debug-0.log
27 timing npm:load:logFile Completed in 11ms
28 timing npm:load:timers Completed in 0ms
29 timing npm:load:configScope Completed in 0ms
30 timing npm:load Completed in 59ms
31 timing arborist:ctor Completed in 0ms
32 silly logfile done cleaning log files
33 http fetch GET 200 https://registry.npmjs.org/npm 369ms (cache miss)
34 http fetch GET 200 https://registry.npmjs.org/create-strapi-app 865ms (cache miss)
35 timing arborist:ctor Completed in 1ms
36 timing arborist:ctor Completed in 0ms
37 timing arborist:ctor Completed in 0ms
38 timing idealTree:init Completed in 6ms
39 timing idealTree:userRequests Completed in 2ms
40 silly idealTree buildDeps
41 silly fetch manifest create-strapi-app@4.12.7
42 http fetch GET 200 https://registry.npmjs.org/create-strapi-app 14ms (cache hit)
43 silly placeDep ROOT create-strapi-app@4.12.7 OK for:  want: 4.12.7
44 silly fetch manifest @strapi/generate-new@4.12.7
45 silly fetch manifest commander@8.3.0
46 silly fetch manifest inquirer@8.2.5
47 http fetch GET 200 https://registry.npmjs.org/commander 110ms (cache miss)
48 http fetch GET 200 https://registry.npmjs.org/inquirer 140ms (cache miss)
49 http fetch GET 200 https://registry.npmjs.org/@strapi%2fgenerate-new 1704ms (cache miss)
50 timing idealTree:#root Completed in 1739ms
51 silly placeDep ROOT @strapi/generate-new@4.12.7 OK for: create-strapi-app@4.12.7 want: 4.12.7
52 silly fetch manifest @sentry/node@6.19.7
53 silly fetch manifest chalk@^4.1.2
54 silly fetch manifest execa@5.1.1
55 silly fetch manifest fs-extra@10.0.0
56 silly fetch manifest lodash@4.17.21
57 silly fetch manifest node-fetch@2.6.9
58 silly fetch manifest node-machine-id@^1.1.10
59 silly fetch manifest ora@^5.4.1
60 silly fetch manifest semver@7.5.4
61 silly fetch manifest tar@6.1.13
62 silly placeDep ROOT commander@8.3.0 OK for: create-strapi-app@4.12.7 want: 8.3.0
63 silly placeDep ROOT inquirer@8.2.5 OK for: create-strapi-app@4.12.7 want: 8.2.5
64 silly fetch manifest ansi-escapes@^4.2.1
65 silly fetch manifest chalk@^4.1.1
66 silly fetch manifest cli-cursor@^3.1.0
67 silly fetch manifest cli-width@^3.0.0
68 silly fetch manifest external-editor@^3.0.3
69 silly fetch manifest figures@^3.0.0
70 silly fetch manifest lodash@^4.17.21
71 silly fetch manifest mute-stream@0.0.8
72 silly fetch manifest run-async@^2.4.0
73 silly fetch manifest rxjs@^7.5.5
74 silly fetch manifest string-width@^4.1.0
75 silly fetch manifest strip-ansi@^6.0.0
76 silly fetch manifest through@^2.3.6
77 silly fetch manifest wrap-ansi@^7.0.0
78 http fetch GET 200 https://registry.npmjs.org/execa 82ms (cache miss)
79 http fetch GET 200 https://registry.npmjs.org/chalk 85ms (cache miss)
80 http fetch GET 200 https://registry.npmjs.org/lodash 145ms (cache miss)
81 http fetch GET 200 https://registry.npmjs.org/figures 149ms (cache miss)
82 http fetch GET 200 https://registry.npmjs.org/@sentry%2fnode 163ms (cache miss)
83 http fetch GET 200 https://registry.npmjs.org/mute-stream 182ms (cache miss)
84 http fetch GET 200 https://registry.npmjs.org/ora 200ms (cache miss)
85 http fetch GET 200 https://registry.npmjs.org/run-async 243ms (cache miss)
86 http fetch GET 200 https://registry.npmjs.org/cli-cursor 252ms (cache miss)
87 http fetch GET 200 https://registry.npmjs.org/node-machine-id 268ms (cache miss)
88 http fetch GET 200 https://registry.npmjs.org/external-editor 268ms (cache miss)
89 http fetch GET 200 https://registry.npmjs.org/fs-extra 277ms (cache miss)
90 http fetch GET 200 https://registry.npmjs.org/ansi-escapes 287ms (cache miss)
91 http fetch GET 200 https://registry.npmjs.org/cli-width 290ms (cache miss)
92 http fetch GET 200 https://registry.npmjs.org/string-width 286ms (cache miss)
93 http fetch GET 200 https://registry.npmjs.org/chalk 296ms (cache miss)
94 http fetch GET 200 https://registry.npmjs.org/lodash 303ms (cache miss)
95 http fetch GET 200 https://registry.npmjs.org/strip-ansi 292ms (cache miss)
96 http fetch GET 200 https://registry.npmjs.org/rxjs 294ms (cache miss)
97 http fetch GET 200 https://registry.npmjs.org/semver 311ms (cache miss)
98 http fetch GET 200 https://registry.npmjs.org/wrap-ansi 303ms (cache miss)
99 http fetch GET 200 https://registry.npmjs.org/through 307ms (cache miss)
100 http fetch GET 200 https://registry.npmjs.org/tar 321ms (cache miss)
101 http fetch GET 200 https://registry.npmjs.org/node-fetch 325ms (cache miss)
102 timing idealTree:node_modules/create-strapi-app Completed in 333ms
103 silly fetch manifest encoding@^0.1.0
104 http fetch GET 200 https://registry.npmjs.org/encoding 45ms (cache miss)
105 silly placeDep ROOT @sentry/node@6.19.7 OK for: @strapi/generate-new@4.12.7 want: 6.19.7
106 silly fetch manifest @sentry/core@6.19.7
107 silly fetch manifest @sentry/hub@6.19.7
108 silly fetch manifest @sentry/types@6.19.7
109 silly fetch manifest @sentry/utils@6.19.7
110 silly fetch manifest cookie@^0.4.1
111 silly fetch manifest https-proxy-agent@^5.0.0
112 silly fetch manifest lru_map@^0.3.3
113 silly fetch manifest tslib@^1.9.3
114 silly placeDep ROOT chalk@4.1.2 OK for: @strapi/generate-new@4.12.7 want: ^4.1.2
115 silly fetch manifest ansi-styles@^4.1.0
116 silly fetch manifest supports-color@^7.1.0
117 silly placeDep ROOT execa@5.1.1 OK for: @strapi/generate-new@4.12.7 want: 5.1.1
118 silly fetch manifest cross-spawn@^7.0.3
119 silly fetch manifest get-stream@^6.0.0
120 silly fetch manifest human-signals@^2.1.0
121 silly fetch manifest is-stream@^2.0.0
122 silly fetch manifest merge-stream@^2.0.0
123 silly fetch manifest npm-run-path@^4.0.1
124 silly fetch manifest onetime@^5.1.2
125 silly fetch manifest signal-exit@^3.0.3
126 silly fetch manifest strip-final-newline@^2.0.0
127 silly placeDep ROOT fs-extra@10.0.0 OK for: @strapi/generate-new@4.12.7 want: 10.0.0
128 silly fetch manifest graceful-fs@^4.2.0
129 silly fetch manifest jsonfile@^6.0.1
130 silly fetch manifest universalify@^2.0.0
131 silly placeDep ROOT lodash@4.17.21 OK for: @strapi/generate-new@4.12.7 want: 4.17.21
132 silly placeDep ROOT node-fetch@2.6.9 OK for: @strapi/generate-new@4.12.7 want: 2.6.9
133 silly fetch manifest whatwg-url@^5.0.0
134 silly placeDep ROOT node-machine-id@1.1.12 OK for: @strapi/generate-new@4.12.7 want: ^1.1.10
135 silly placeDep ROOT ora@5.4.1 OK for: @strapi/generate-new@4.12.7 want: ^5.4.1
136 silly fetch manifest bl@^4.1.0
137 silly fetch manifest cli-spinners@^2.5.0
138 silly fetch manifest is-interactive@^1.0.0
139 silly fetch manifest is-unicode-supported@^0.1.0
140 silly fetch manifest log-symbols@^4.1.0
141 silly fetch manifest wcwidth@^1.0.1
142 silly placeDep ROOT semver@7.5.4 OK for: @strapi/generate-new@4.12.7 want: 7.5.4
143 silly fetch manifest lru-cache@^6.0.0
144 silly placeDep ROOT tar@6.1.13 OK for: @strapi/generate-new@4.12.7 want: 6.1.13
145 silly fetch manifest chownr@^2.0.0
146 silly fetch manifest fs-minipass@^2.0.0
147 silly fetch manifest minipass@^4.0.0
148 silly fetch manifest minizlib@^2.1.1
149 silly fetch manifest mkdirp@^1.0.3
150 silly fetch manifest yallist@^4.0.0
151 http fetch GET 200 https://registry.npmjs.org/cookie 84ms (cache miss)
152 http fetch GET 200 https://registry.npmjs.org/is-stream 97ms (cache miss)
153 http fetch GET 200 https://registry.npmjs.org/https-proxy-agent 112ms (cache miss)
154 http fetch GET 200 https://registry.npmjs.org/ansi-styles 111ms (cache miss)
155 http fetch GET 200 https://registry.npmjs.org/lru_map 115ms (cache miss)
156 http fetch GET 200 https://registry.npmjs.org/merge-stream 106ms (cache miss)
157 http fetch GET 200 https://registry.npmjs.org/tslib 118ms (cache miss)
158 http fetch GET 200 https://registry.npmjs.org/cross-spawn 113ms (cache miss)
159 http fetch GET 200 https://registry.npmjs.org/get-stream 114ms (cache miss)
160 http fetch GET 200 https://registry.npmjs.org/supports-color 122ms (cache miss)
161 http fetch GET 200 https://registry.npmjs.org/human-signals 122ms (cache miss)
162 http fetch GET 200 https://registry.npmjs.org/strip-final-newline 165ms (cache miss)
163 http fetch GET 200 https://registry.npmjs.org/npm-run-path 168ms (cache miss)
164 http fetch GET 200 https://registry.npmjs.org/onetime 174ms (cache miss)
165 http fetch GET 200 https://registry.npmjs.org/universalify 177ms (cache miss)
166 http fetch GET 200 https://registry.npmjs.org/jsonfile 179ms (cache miss)
167 http fetch GET 200 https://registry.npmjs.org/signal-exit 182ms (cache miss)
168 http fetch GET 200 https://registry.npmjs.org/graceful-fs 187ms (cache miss)
169 http fetch GET 200 https://registry.npmjs.org/whatwg-url 190ms (cache miss)
170 http fetch GET 200 https://registry.npmjs.org/bl 201ms (cache miss)
171 http fetch GET 200 https://registry.npmjs.org/@sentry%2ftypes 240ms (cache miss)
172 http fetch GET 200 https://registry.npmjs.org/wcwidth 214ms (cache miss)
173 http fetch GET 200 https://registry.npmjs.org/is-unicode-supported 241ms (cache miss)
174 http fetch GET 200 https://registry.npmjs.org/log-symbols 241ms (cache miss)
175 http fetch GET 200 https://registry.npmjs.org/chownr 239ms (cache miss)
176 http fetch GET 200 https://registry.npmjs.org/is-interactive 249ms (cache miss)
177 http fetch GET 200 https://registry.npmjs.org/cli-spinners 253ms (cache miss)
178 http fetch GET 200 https://registry.npmjs.org/minipass 247ms (cache miss)
179 http fetch GET 200 https://registry.npmjs.org/fs-minipass 258ms (cache miss)
180 http fetch GET 200 https://registry.npmjs.org/minizlib 261ms (cache miss)
181 http fetch GET 200 https://registry.npmjs.org/mkdirp 269ms (cache miss)
182 http fetch GET 200 https://registry.npmjs.org/lru-cache 276ms (cache miss)
183 http fetch GET 200 https://registry.npmjs.org/yallist 280ms (cache miss)
184 http fetch GET 200 https://registry.npmjs.org/@sentry%2futils 314ms (cache miss)
185 http fetch GET 200 https://registry.npmjs.org/@sentry%2fcore 335ms (cache miss)
186 http fetch GET 200 https://registry.npmjs.org/@sentry%2fhub 1744ms (cache miss)
187 timing idealTree:node_modules/@strapi/generate-new Completed in 1800ms
188 silly placeDep ROOT @sentry/core@6.19.7 OK for: @sentry/node@6.19.7 want: 6.19.7
189 silly fetch manifest @sentry/minimal@6.19.7
190 silly placeDep ROOT @sentry/hub@6.19.7 OK for: @sentry/node@6.19.7 want: 6.19.7
191 silly placeDep ROOT @sentry/types@6.19.7 OK for: @sentry/node@6.19.7 want: 6.19.7
192 silly placeDep ROOT @sentry/utils@6.19.7 OK for: @sentry/node@6.19.7 want: 6.19.7
193 silly placeDep ROOT cookie@0.4.2 OK for: @sentry/node@6.19.7 want: ^0.4.1
194 silly placeDep ROOT https-proxy-agent@5.0.1 OK for: @sentry/node@6.19.7 want: ^5.0.0
195 silly fetch manifest agent-base@6
196 silly fetch manifest debug@4
197 silly placeDep ROOT lru_map@0.3.3 OK for: @sentry/node@6.19.7 want: ^0.3.3
198 silly placeDep ROOT tslib@1.14.1 OK for: @sentry/node@6.19.7 want: ^1.9.3
199 http fetch GET 200 https://registry.npmjs.org/agent-base 59ms (cache miss)
200 http fetch GET 200 https://registry.npmjs.org/debug 63ms (cache miss)
201 http fetch GET 200 https://registry.npmjs.org/@sentry%2fminimal 149ms (cache miss)
202 timing idealTree:node_modules/@sentry/node Completed in 155ms
203 silly placeDep ROOT @sentry/minimal@6.19.7 OK for: @sentry/core@6.19.7 want: 6.19.7
204 timing idealTree:node_modules/@sentry/core Completed in 2ms
205 timing idealTree:node_modules/@sentry/hub Completed in 0ms
206 timing idealTree:node_modules/@sentry/minimal Completed in 0ms
207 timing idealTree:node_modules/@sentry/types Completed in 0ms
208 timing idealTree:node_modules/@sentry/utils Completed in 0ms
209 silly placeDep ROOT ansi-styles@4.3.0 OK for: chalk@4.1.2 want: ^4.1.0
210 silly fetch manifest color-convert@^2.0.1
211 silly placeDep ROOT supports-color@7.2.0 OK for: chalk@4.1.2 want: ^7.1.0
212 silly fetch manifest has-flag@^4.0.0
213 http fetch GET 200 https://registry.npmjs.org/has-flag 44ms (cache miss)
214 http fetch GET 200 https://registry.npmjs.org/color-convert 79ms (cache miss)
215 timing idealTree:node_modules/chalk Completed in 82ms
216 silly placeDep ROOT color-convert@2.0.1 OK for: ansi-styles@4.3.0 want: ^2.0.1
217 silly fetch manifest color-name@~1.1.4
218 http fetch GET 200 https://registry.npmjs.org/color-name 46ms (cache miss)
219 timing idealTree:node_modules/ansi-styles Completed in 49ms
220 silly placeDep ROOT color-name@1.1.4 OK for: color-convert@2.0.1 want: ~1.1.4
221 timing idealTree:node_modules/color-convert Completed in 1ms
222 timing idealTree:node_modules/color-name Completed in 0ms
223 timing idealTree:node_modules/commander Completed in 0ms
224 timing idealTree:node_modules/cookie Completed in 0ms
225 silly placeDep ROOT cross-spawn@7.0.3 OK for: execa@5.1.1 want: ^7.0.3
226 silly fetch manifest path-key@^3.1.0
227 silly fetch manifest shebang-command@^2.0.0
228 silly fetch manifest which@^2.0.1
229 silly placeDep ROOT get-stream@6.0.1 OK for: execa@5.1.1 want: ^6.0.0
230 silly placeDep ROOT human-signals@2.1.0 OK for: execa@5.1.1 want: ^2.1.0
231 silly placeDep ROOT is-stream@2.0.1 OK for: execa@5.1.1 want: ^2.0.0
232 silly placeDep ROOT merge-stream@2.0.0 OK for: execa@5.1.1 want: ^2.0.0
233 silly placeDep ROOT npm-run-path@4.0.1 OK for: execa@5.1.1 want: ^4.0.1
234 silly fetch manifest path-key@^3.0.0
235 silly placeDep ROOT onetime@5.1.2 OK for: execa@5.1.1 want: ^5.1.2
236 silly fetch manifest mimic-fn@^2.1.0
237 silly placeDep ROOT signal-exit@3.0.7 OK for: execa@5.1.1 want: ^3.0.3
238 silly placeDep ROOT strip-final-newline@2.0.0 OK for: execa@5.1.1 want: ^2.0.0
239 http fetch GET 200 https://registry.npmjs.org/shebang-command 59ms (cache miss)
240 http fetch GET 200 https://registry.npmjs.org/mimic-fn 56ms (cache miss)
241 http fetch GET 200 https://registry.npmjs.org/path-key 70ms (cache miss)
242 http fetch GET 200 https://registry.npmjs.org/path-key 67ms (cache miss)
243 http fetch GET 200 https://registry.npmjs.org/which 72ms (cache miss)
244 timing idealTree:node_modules/execa Completed in 78ms
245 silly placeDep ROOT path-key@3.1.1 OK for: cross-spawn@7.0.3 want: ^3.1.0
246 silly placeDep ROOT shebang-command@2.0.0 OK for: cross-spawn@7.0.3 want: ^2.0.0
247 silly fetch manifest shebang-regex@^3.0.0
248 silly placeDep ROOT which@2.0.2 OK for: cross-spawn@7.0.3 want: ^2.0.1
249 silly fetch manifest isexe@^2.0.0
250 http fetch GET 200 https://registry.npmjs.org/shebang-regex 45ms (cache miss)
251 http fetch GET 200 https://registry.npmjs.org/isexe 43ms (cache miss)
252 timing idealTree:node_modules/cross-spawn Completed in 49ms
253 silly placeDep ROOT graceful-fs@4.2.11 OK for: fs-extra@10.0.0 want: ^4.2.0
254 silly placeDep ROOT jsonfile@6.1.0 OK for: fs-extra@10.0.0 want: ^6.0.1
255 silly placeDep ROOT universalify@2.0.0 OK for: fs-extra@10.0.0 want: ^2.0.0
256 timing idealTree:node_modules/fs-extra Completed in 4ms
257 timing idealTree:node_modules/get-stream Completed in 0ms
258 timing idealTree:node_modules/graceful-fs Completed in 0ms
259 silly placeDep ROOT agent-base@6.0.2 OK for: https-proxy-agent@5.0.1 want: 6
260 silly placeDep ROOT debug@4.3.4 OK for: https-proxy-agent@5.0.1 want: 4
261 silly fetch manifest ms@2.1.2
262 http fetch GET 200 https://registry.npmjs.org/ms 49ms (cache miss)
263 timing idealTree:node_modules/https-proxy-agent Completed in 53ms
264 timing idealTree:node_modules/agent-base Completed in 0ms
265 silly placeDep ROOT ms@2.1.2 OK for: debug@4.3.4 want: 2.1.2
266 timing idealTree:node_modules/debug Completed in 1ms
267 timing idealTree:node_modules/human-signals Completed in 0ms
268 silly placeDep ROOT ansi-escapes@4.3.2 OK for: inquirer@8.2.5 want: ^4.2.1
269 silly fetch manifest type-fest@^0.21.3
270 silly placeDep ROOT cli-cursor@3.1.0 OK for: inquirer@8.2.5 want: ^3.1.0
271 silly fetch manifest restore-cursor@^3.1.0
272 silly placeDep ROOT cli-width@3.0.0 OK for: inquirer@8.2.5 want: ^3.0.0
273 silly placeDep ROOT external-editor@3.1.0 OK for: inquirer@8.2.5 want: ^3.0.3
274 silly fetch manifest chardet@^0.7.0
275 silly fetch manifest iconv-lite@^0.4.24
276 silly fetch manifest tmp@^0.0.33
277 silly placeDep ROOT figures@3.2.0 OK for: inquirer@8.2.5 want: ^3.0.0
278 silly fetch manifest escape-string-regexp@^1.0.5
279 silly placeDep ROOT mute-stream@0.0.8 OK for: inquirer@8.2.5 want: 0.0.8
280 silly placeDep ROOT run-async@2.4.1 OK for: inquirer@8.2.5 want: ^2.4.0
281 silly placeDep ROOT rxjs@7.8.1 OK for: inquirer@8.2.5 want: ^7.5.5
282 silly fetch manifest tslib@^2.1.0
283 silly placeDep ROOT string-width@4.2.3 OK for: inquirer@8.2.5 want: ^4.1.0
284 silly fetch manifest emoji-regex@^8.0.0
285 silly fetch manifest is-fullwidth-code-point@^3.0.0
286 silly fetch manifest strip-ansi@^6.0.1
287 silly placeDep ROOT strip-ansi@6.0.1 OK for: inquirer@8.2.5 want: ^6.0.0
288 silly fetch manifest ansi-regex@^5.0.1
289 silly placeDep ROOT through@2.3.8 OK for: inquirer@8.2.5 want: ^2.3.6
290 silly placeDep ROOT wrap-ansi@7.0.0 OK for: inquirer@8.2.5 want: ^7.0.0
291 http fetch GET 200 https://registry.npmjs.org/tmp 105ms (cache miss)
292 http fetch GET 200 https://registry.npmjs.org/restore-cursor 111ms (cache miss)
293 http fetch GET 200 https://registry.npmjs.org/iconv-lite 109ms (cache miss)
294 http fetch GET 200 https://registry.npmjs.org/escape-string-regexp 108ms (cache miss)
295 http fetch GET 200 https://registry.npmjs.org/chardet 112ms (cache miss)
296 http fetch GET 200 https://registry.npmjs.org/ansi-regex 102ms (cache miss)
297 http fetch GET 200 https://registry.npmjs.org/is-fullwidth-code-point 105ms (cache miss)
298 http fetch GET 200 https://registry.npmjs.org/type-fest 119ms (cache miss)
299 http fetch GET 200 https://registry.npmjs.org/emoji-regex 109ms (cache miss)
300 timing idealTree:node_modules/inquirer Completed in 129ms
301 silly placeDep ROOT type-fest@0.21.3 OK for: ansi-escapes@4.3.2 want: ^0.21.3
302 timing idealTree:node_modules/ansi-escapes Completed in 1ms
303 silly placeDep ROOT restore-cursor@3.1.0 OK for: cli-cursor@3.1.0 want: ^3.1.0
304 timing idealTree:node_modules/cli-cursor Completed in 1ms
305 timing idealTree:node_modules/cli-width Completed in 1ms
306 silly placeDep ROOT chardet@0.7.0 OK for: external-editor@3.1.0 want: ^0.7.0
307 silly placeDep ROOT iconv-lite@0.4.24 OK for: external-editor@3.1.0 want: ^0.4.24
308 silly fetch manifest safer-buffer@>= 2.1.2 < 3
309 silly placeDep ROOT tmp@0.0.33 OK for: external-editor@3.1.0 want: ^0.0.33
310 silly fetch manifest os-tmpdir@~1.0.2
311 http fetch GET 200 https://registry.npmjs.org/safer-buffer 50ms (cache miss)
312 http fetch GET 200 https://registry.npmjs.org/os-tmpdir 54ms (cache miss)
313 timing idealTree:node_modules/external-editor Completed in 60ms
314 timing idealTree:node_modules/chardet Completed in 0ms
315 silly placeDep ROOT escape-string-regexp@1.0.5 OK for: figures@3.2.0 want: ^1.0.5
316 timing idealTree:node_modules/figures Completed in 1ms
317 timing idealTree:node_modules/escape-string-regexp Completed in 0ms
318 silly placeDep ROOT safer-buffer@2.1.2 OK for: iconv-lite@0.4.24 want: >= 2.1.2 < 3
319 timing idealTree:node_modules/iconv-lite Completed in 1ms
320 timing idealTree:node_modules/is-stream Completed in 0ms
321 timing idealTree:node_modules/jsonfile Completed in 0ms
322 timing idealTree:node_modules/lodash Completed in 0ms
323 timing idealTree:node_modules/lru_map Completed in 0ms
324 timing idealTree:node_modules/merge-stream Completed in 0ms
325 timing idealTree:node_modules/ms Completed in 0ms
326 timing idealTree:node_modules/mute-stream Completed in 0ms
327 silly placeDep ROOT whatwg-url@5.0.0 OK for: node-fetch@2.6.9 want: ^5.0.0
328 silly fetch manifest tr46@~0.0.3
329 silly fetch manifest webidl-conversions@^3.0.0
330 http fetch GET 200 https://registry.npmjs.org/webidl-conversions 52ms (cache miss)
331 http fetch GET 200 https://registry.npmjs.org/tr46 66ms (cache miss)
332 timing idealTree:node_modules/node-fetch Completed in 69ms
333 timing idealTree:node_modules/node-machine-id Completed in 0ms
334 timing idealTree:node_modules/npm-run-path Completed in 0ms
335 silly placeDep ROOT mimic-fn@2.1.0 OK for: onetime@5.1.2 want: ^2.1.0
336 timing idealTree:node_modules/onetime Completed in 1ms
337 timing idealTree:node_modules/mimic-fn Completed in 0ms
338 silly placeDep ROOT bl@4.1.0 OK for: ora@5.4.1 want: ^4.1.0
339 silly fetch manifest buffer@^5.5.0
340 silly fetch manifest inherits@^2.0.4
341 silly fetch manifest readable-stream@^3.4.0
342 silly placeDep ROOT cli-spinners@2.9.0 OK for: ora@5.4.1 want: ^2.5.0
343 silly placeDep ROOT is-interactive@1.0.0 OK for: ora@5.4.1 want: ^1.0.0
344 silly placeDep ROOT is-unicode-supported@0.1.0 OK for: ora@5.4.1 want: ^0.1.0
345 silly placeDep ROOT log-symbols@4.1.0 OK for: ora@5.4.1 want: ^4.1.0
346 silly placeDep ROOT wcwidth@1.0.1 OK for: ora@5.4.1 want: ^1.0.1
347 silly fetch manifest defaults@^1.0.3
348 http fetch GET 200 https://registry.npmjs.org/buffer 64ms (cache miss)
349 http fetch GET 200 https://registry.npmjs.org/defaults 65ms (cache miss)
350 http fetch GET 200 https://registry.npmjs.org/readable-stream 82ms (cache miss)
351 http fetch GET 200 https://registry.npmjs.org/inherits 97ms (cache miss)
352 timing idealTree:node_modules/ora Completed in 101ms
353 silly placeDep ROOT buffer@5.7.1 OK for: bl@4.1.0 want: ^5.5.0
354 silly fetch manifest base64-js@^1.3.1
355 silly fetch manifest ieee754@^1.1.13
356 silly placeDep ROOT inherits@2.0.4 OK for: bl@4.1.0 want: ^2.0.4
357 silly placeDep ROOT readable-stream@3.6.2 OK for: bl@4.1.0 want: ^3.4.0
358 silly fetch manifest string_decoder@^1.1.1
359 silly fetch manifest util-deprecate@^1.0.1
360 http fetch GET 200 https://registry.npmjs.org/string_decoder 50ms (cache miss)
361 http fetch GET 200 https://registry.npmjs.org/ieee754 71ms (cache miss)
362 http fetch GET 200 https://registry.npmjs.org/util-deprecate 69ms (cache miss)
363 http fetch GET 200 https://registry.npmjs.org/base64-js 73ms (cache miss)
364 timing idealTree:node_modules/bl Completed in 77ms
365 silly placeDep ROOT base64-js@1.5.1 OK for: buffer@5.7.1 want: ^1.3.1
366 silly placeDep ROOT ieee754@1.2.1 OK for: buffer@5.7.1 want: ^1.1.13
367 timing idealTree:node_modules/buffer Completed in 3ms
368 timing idealTree:node_modules/base64-js Completed in 0ms
369 timing idealTree:node_modules/cli-spinners Completed in 0ms
370 timing idealTree:node_modules/ieee754 Completed in 0ms
371 timing idealTree:node_modules/inherits Completed in 0ms
372 timing idealTree:node_modules/is-interactive Completed in 0ms
373 timing idealTree:node_modules/is-unicode-supported Completed in 0ms
374 timing idealTree:node_modules/log-symbols Completed in 0ms
375 timing idealTree:node_modules/path-key Completed in 0ms
376 silly placeDep ROOT string_decoder@1.3.0 OK for: readable-stream@3.6.2 want: ^1.1.1
377 silly fetch manifest safe-buffer@~5.2.0
378 silly placeDep ROOT util-deprecate@1.0.2 OK for: readable-stream@3.6.2 want: ^1.0.1
379 http fetch GET 200 https://registry.npmjs.org/safe-buffer 66ms (cache miss)
380 timing idealTree:node_modules/readable-stream Completed in 68ms
381 timing idealTree:node_modules/restore-cursor Completed in 0ms
382 timing idealTree:node_modules/run-async Completed in 0ms
383 silly placeDep node_modules/rxjs tslib@2.6.2 OK for: rxjs@7.8.1 want: ^2.1.0
384 timing idealTree:node_modules/rxjs Completed in 2ms
385 timing idealTree:node_modules/safer-buffer Completed in 0ms
386 silly placeDep ROOT lru-cache@6.0.0 OK for: semver@7.5.4 want: ^6.0.0
387 timing idealTree:node_modules/semver Completed in 1ms
388 silly placeDep ROOT yallist@4.0.0 OK for: lru-cache@6.0.0 want: ^4.0.0
389 timing idealTree:node_modules/lru-cache Completed in 1ms
390 silly placeDep ROOT shebang-regex@3.0.0 OK for: shebang-command@2.0.0 want: ^3.0.0
391 timing idealTree:node_modules/shebang-command Completed in 1ms
392 timing idealTree:node_modules/shebang-regex Completed in 0ms
393 timing idealTree:node_modules/signal-exit Completed in 0ms
394 silly placeDep ROOT safe-buffer@5.2.1 OK for: string_decoder@1.3.0 want: ~5.2.0
395 timing idealTree:node_modules/string_decoder Completed in 1ms
396 timing idealTree:node_modules/safe-buffer Completed in 0ms
397 silly placeDep ROOT emoji-regex@8.0.0 OK for: string-width@4.2.3 want: ^8.0.0
398 silly placeDep ROOT is-fullwidth-code-point@3.0.0 OK for: string-width@4.2.3 want: ^3.0.0
399 timing idealTree:node_modules/string-width Completed in 2ms
400 timing idealTree:node_modules/emoji-regex Completed in 0ms
401 timing idealTree:node_modules/is-fullwidth-code-point Completed in 0ms
402 silly placeDep ROOT ansi-regex@5.0.1 OK for: strip-ansi@6.0.1 want: ^5.0.1
403 timing idealTree:node_modules/strip-ansi Completed in 1ms
404 timing idealTree:node_modules/ansi-regex Completed in 0ms
405 timing idealTree:node_modules/strip-final-newline Completed in 0ms
406 silly placeDep ROOT has-flag@4.0.0 OK for: supports-color@7.2.0 want: ^4.0.0
407 timing idealTree:node_modules/supports-color Completed in 1ms
408 timing idealTree:node_modules/has-flag Completed in 0ms
409 silly placeDep ROOT chownr@2.0.0 OK for: tar@6.1.13 want: ^2.0.0
410 silly placeDep ROOT fs-minipass@2.1.0 OK for: tar@6.1.13 want: ^2.0.0
411 silly fetch manifest minipass@^3.0.0
412 silly placeDep ROOT minipass@4.2.8 OK for: tar@6.1.13 want: ^4.0.0
413 silly placeDep ROOT minizlib@2.1.2 OK for: tar@6.1.13 want: ^2.1.1
414 silly placeDep ROOT mkdirp@1.0.4 OK for: tar@6.1.13 want: ^1.0.3
415 timing idealTree:node_modules/tar Completed in 9ms
416 timing idealTree:node_modules/chownr Completed in 0ms
417 silly placeDep node_modules/fs-minipass minipass@3.3.6 OK for: fs-minipass@2.1.0 want: ^3.0.0
418 timing idealTree:node_modules/fs-minipass Completed in 1ms
419 timing idealTree:node_modules/minipass Completed in 0ms
420 silly placeDep node_modules/minizlib minipass@3.3.6 OK for: minizlib@2.1.2 want: ^3.0.0
421 timing idealTree:node_modules/minizlib Completed in 2ms
422 timing idealTree:node_modules/mkdirp Completed in 0ms
423 timing idealTree:node_modules/through Completed in 0ms
424 silly placeDep ROOT os-tmpdir@1.0.2 OK for: tmp@0.0.33 want: ~1.0.2
425 timing idealTree:node_modules/tmp Completed in 1ms
426 timing idealTree:node_modules/os-tmpdir Completed in 0ms
427 timing idealTree:node_modules/tslib Completed in 0ms
428 timing idealTree:node_modules/type-fest Completed in 0ms
429 timing idealTree:node_modules/universalify Completed in 0ms
430 timing idealTree:node_modules/util-deprecate Completed in 0ms
431 silly placeDep ROOT defaults@1.0.4 OK for: wcwidth@1.0.1 want: ^1.0.3
432 silly fetch manifest clone@^1.0.2
433 http fetch GET 200 https://registry.npmjs.org/clone 48ms (cache miss)
434 timing idealTree:node_modules/wcwidth Completed in 50ms
435 silly placeDep ROOT clone@1.0.4 OK for: defaults@1.0.4 want: ^1.0.2
436 timing idealTree:node_modules/defaults Completed in 1ms
437 timing idealTree:node_modules/clone Completed in 0ms
438 silly placeDep ROOT tr46@0.0.3 OK for: whatwg-url@5.0.0 want: ~0.0.3
439 silly placeDep ROOT webidl-conversions@3.0.1 OK for: whatwg-url@5.0.0 want: ^3.0.0
440 timing idealTree:node_modules/whatwg-url Completed in 3ms
441 timing idealTree:node_modules/tr46 Completed in 0ms
442 timing idealTree:node_modules/webidl-conversions Completed in 0ms
443 silly placeDep ROOT isexe@2.0.0 OK for: which@2.0.2 want: ^2.0.0
444 timing idealTree:node_modules/which Completed in 2ms
445 timing idealTree:node_modules/isexe Completed in 0ms
446 timing idealTree:node_modules/wrap-ansi Completed in 0ms
447 timing idealTree:node_modules/yallist Completed in 0ms
448 timing idealTree:node_modules/fs-minipass/node_modules/minipass Completed in 0ms
449 timing idealTree:node_modules/minizlib/node_modules/minipass Completed in 0ms
450 timing idealTree:node_modules/rxjs/node_modules/tslib Completed in 0ms
451 timing idealTree:buildDeps Completed in 4942ms
452 timing idealTree:fixDepFlags Completed in 1ms
453 timing idealTree Completed in 4954ms
454 timing reify:loadTrees Completed in 4955ms
455 timing reify:diffTrees Completed in 2ms
456 silly reify moves {}
457 timing reify:retireShallow Completed in 2ms
458 timing reify:createSparse Completed in 17ms
459 timing reify:loadBundles Completed in 0ms
460 silly audit bulk request {
460 silly audit   'create-strapi-app': [ '4.12.7' ],
460 silly audit   '@strapi/generate-new': [ '4.12.7' ],
460 silly audit   commander: [ '8.3.0' ],
460 silly audit   inquirer: [ '8.2.5' ],
460 silly audit   '@sentry/node': [ '6.19.7' ],
460 silly audit   chalk: [ '4.1.2' ],
460 silly audit   execa: [ '5.1.1' ],
460 silly audit   'fs-extra': [ '10.0.0' ],
460 silly audit   lodash: [ '4.17.21' ],
460 silly audit   'node-fetch': [ '2.6.9' ],
460 silly audit   'node-machine-id': [ '1.1.12' ],
460 silly audit   ora: [ '5.4.1' ],
460 silly audit   semver: [ '7.5.4' ],
460 silly audit   tar: [ '6.1.13' ],
460 silly audit   '@sentry/core': [ '6.19.7' ],
460 silly audit   '@sentry/hub': [ '6.19.7' ],
460 silly audit   '@sentry/types': [ '6.19.7' ],
460 silly audit   '@sentry/utils': [ '6.19.7' ],
460 silly audit   cookie: [ '0.4.2' ],
460 silly audit   'https-proxy-agent': [ '5.0.1' ],
460 silly audit   lru_map: [ '0.3.3' ],
460 silly audit   tslib: [ '1.14.1', '2.6.2' ],
460 silly audit   '@sentry/minimal': [ '6.19.7' ],
460 silly audit   'ansi-styles': [ '4.3.0' ],
460 silly audit   'supports-color': [ '7.2.0' ],
460 silly audit   'color-convert': [ '2.0.1' ],
460 silly audit   'color-name': [ '1.1.4' ],
460 silly audit   'cross-spawn': [ '7.0.3' ],
460 silly audit   'get-stream': [ '6.0.1' ],
460 silly audit   'human-signals': [ '2.1.0' ],
460 silly audit   'is-stream': [ '2.0.1' ],
460 silly audit   'merge-stream': [ '2.0.0' ],
460 silly audit   'npm-run-path': [ '4.0.1' ],
460 silly audit   onetime: [ '5.1.2' ],
460 silly audit   'signal-exit': [ '3.0.7' ],
460 silly audit   'strip-final-newline': [ '2.0.0' ],
460 silly audit   'path-key': [ '3.1.1' ],
460 silly audit   'shebang-command': [ '2.0.0' ],
460 silly audit   which: [ '2.0.2' ],
460 silly audit   'graceful-fs': [ '4.2.11' ],
460 silly audit   jsonfile: [ '6.1.0' ],
460 silly audit   universalify: [ '2.0.0' ],
460 silly audit   'agent-base': [ '6.0.2' ],
460 silly audit   debug: [ '4.3.4' ],
460 silly audit   ms: [ '2.1.2' ],
460 silly audit   'ansi-escapes': [ '4.3.2' ],
460 silly audit   'cli-cursor': [ '3.1.0' ],
460 silly audit   'cli-width': [ '3.0.0' ],
460 silly audit   'external-editor': [ '3.1.0' ],
460 silly audit   figures: [ '3.2.0' ],
460 silly audit   'mute-stream': [ '0.0.8' ],
460 silly audit   'run-async': [ '2.4.1' ],
460 silly audit   rxjs: [ '7.8.1' ],
460 silly audit   'string-width': [ '4.2.3' ],
460 silly audit   'strip-ansi': [ '6.0.1' ],
460 silly audit   through: [ '2.3.8' ],
460 silly audit   'wrap-ansi': [ '7.0.0' ],
460 silly audit   'type-fest': [ '0.21.3' ],
460 silly audit   'restore-cursor': [ '3.1.0' ],
460 silly audit   chardet: [ '0.7.0' ],
460 silly audit   'iconv-lite': [ '0.4.24' ],
460 silly audit   tmp: [ '0.0.33' ],
460 silly audit   'escape-string-regexp': [ '1.0.5' ],
460 silly audit   'safer-buffer': [ '2.1.2' ],
460 silly audit   'whatwg-url': [ '5.0.0' ],
460 silly audit   'mimic-fn': [ '2.1.0' ],
460 silly audit   bl: [ '4.1.0' ],
460 silly audit   'cli-spinners': [ '2.9.0' ],
460 silly audit   'is-interactive': [ '1.0.0' ],
460 silly audit   'is-unicode-supported': [ '0.1.0' ],
460 silly audit   'log-symbols': [ '4.1.0' ],
460 silly audit   wcwidth: [ '1.0.1' ],
460 silly audit   buffer: [ '5.7.1' ],
460 silly audit   inherits: [ '2.0.4' ],
460 silly audit   'readable-stream': [ '3.6.2' ],
460 silly audit   'base64-js': [ '1.5.1' ],
460 silly audit   ieee754: [ '1.2.1' ],
460 silly audit   string_decoder: [ '1.3.0' ],
460 silly audit   'util-deprecate': [ '1.0.2' ],
460 silly audit   'lru-cache': [ '6.0.0' ],
460 silly audit   yallist: [ '4.0.0' ],
460 silly audit   'shebang-regex': [ '3.0.0' ],
460 silly audit   'safe-buffer': [ '5.2.1' ],
460 silly audit   'emoji-regex': [ '8.0.0' ],
460 silly audit   'is-fullwidth-code-point': [ '3.0.0' ],
460 silly audit   'ansi-regex': [ '5.0.1' ],
460 silly audit   'has-flag': [ '4.0.0' ],
460 silly audit   chownr: [ '2.0.0' ],
460 silly audit   'fs-minipass': [ '2.1.0' ],
460 silly audit   minipass: [ '4.2.8', '3.3.6' ],
460 silly audit   minizlib: [ '2.1.2' ],
460 silly audit   mkdirp: [ '1.0.4' ],
460 silly audit   'os-tmpdir': [ '1.0.2' ],
460 silly audit   defaults: [ '1.0.4' ],
460 silly audit   clone: [ '1.0.4' ],
460 silly audit   tr46: [ '0.0.3' ],
460 silly audit   'webidl-conversions': [ '3.0.1' ],
460 silly audit   isexe: [ '2.0.0' ]
460 silly audit }
461 silly tarball no local data for isexe@https://registry.npmjs.org/isexe/-/isexe-2.0.0.tgz. Extracting by manifest.
462 silly tarball no local data for webidl-conversions@https://registry.npmjs.org/webidl-conversions/-/webidl-conversions-3.0.1.tgz. Extracting by manifest.
463 silly tarball no local data for defaults@https://registry.npmjs.org/defaults/-/defaults-1.0.4.tgz. Extracting by manifest.
464 silly tarball no local data for clone@https://registry.npmjs.org/clone/-/clone-1.0.4.tgz. Extracting by manifest.
465 silly tarball no local data for os-tmpdir@https://registry.npmjs.org/os-tmpdir/-/os-tmpdir-1.0.2.tgz. Extracting by manifest.
466 silly tarball no local data for mkdirp@https://registry.npmjs.org/mkdirp/-/mkdirp-1.0.4.tgz. Extracting by manifest.
467 silly tarball no local data for minizlib@https://registry.npmjs.org/minizlib/-/minizlib-2.1.2.tgz. Extracting by manifest.
468 silly tarball no local data for tr46@https://registry.npmjs.org/tr46/-/tr46-0.0.3.tgz. Extracting by manifest.
469 silly tarball no local data for fs-minipass@https://registry.npmjs.org/fs-minipass/-/fs-minipass-2.1.0.tgz. Extracting by manifest.
470 silly tarball no local data for chownr@https://registry.npmjs.org/chownr/-/chownr-2.0.0.tgz. Extracting by manifest.
471 silly tarball no local data for has-flag@https://registry.npmjs.org/has-flag/-/has-flag-4.0.0.tgz. Extracting by manifest.
472 silly tarball no local data for ansi-regex@https://registry.npmjs.org/ansi-regex/-/ansi-regex-5.0.1.tgz. Extracting by manifest.
473 silly tarball no local data for is-fullwidth-code-point@https://registry.npmjs.org/is-fullwidth-code-point/-/is-fullwidth-code-point-3.0.0.tgz. Extracting by manifest.
474 silly tarball no local data for emoji-regex@https://registry.npmjs.org/emoji-regex/-/emoji-regex-8.0.0.tgz. Extracting by manifest.
475 silly tarball no local data for safe-buffer@https://registry.npmjs.org/safe-buffer/-/safe-buffer-5.2.1.tgz. Extracting by manifest.
476 silly tarball no local data for shebang-regex@https://registry.npmjs.org/shebang-regex/-/shebang-regex-3.0.0.tgz. Extracting by manifest.
477 silly tarball no local data for yallist@https://registry.npmjs.org/yallist/-/yallist-4.0.0.tgz. Extracting by manifest.
478 silly tarball no local data for util-deprecate@https://registry.npmjs.org/util-deprecate/-/util-deprecate-1.0.2.tgz. Extracting by manifest.
479 silly tarball no local data for lru-cache@https://registry.npmjs.org/lru-cache/-/lru-cache-6.0.0.tgz. Extracting by manifest.
480 silly tarball no local data for string_decoder@https://registry.npmjs.org/string_decoder/-/string_decoder-1.3.0.tgz. Extracting by manifest.
481 silly tarball no local data for base64-js@https://registry.npmjs.org/base64-js/-/base64-js-1.5.1.tgz. Extracting by manifest.
482 silly tarball no local data for ieee754@https://registry.npmjs.org/ieee754/-/ieee754-1.2.1.tgz. Extracting by manifest.
483 silly tarball no local data for readable-stream@https://registry.npmjs.org/readable-stream/-/readable-stream-3.6.2.tgz. Extracting by manifest.
484 silly tarball no local data for inherits@https://registry.npmjs.org/inherits/-/inherits-2.0.4.tgz. Extracting by manifest.
485 silly tarball no local data for buffer@https://registry.npmjs.org/buffer/-/buffer-5.7.1.tgz. Extracting by manifest.
486 silly tarball no local data for wcwidth@https://registry.npmjs.org/wcwidth/-/wcwidth-1.0.1.tgz. Extracting by manifest.
487 silly tarball no local data for log-symbols@https://registry.npmjs.org/log-symbols/-/log-symbols-4.1.0.tgz. Extracting by manifest.
488 silly tarball no local data for is-interactive@https://registry.npmjs.org/is-interactive/-/is-interactive-1.0.0.tgz. Extracting by manifest.
489 silly tarball no local data for is-unicode-supported@https://registry.npmjs.org/is-unicode-supported/-/is-unicode-supported-0.1.0.tgz. Extracting by manifest.
490 silly tarball no local data for cli-spinners@https://registry.npmjs.org/cli-spinners/-/cli-spinners-2.9.0.tgz. Extracting by manifest.
491 silly tarball no local data for bl@https://registry.npmjs.org/bl/-/bl-4.1.0.tgz. Extracting by manifest.
492 silly tarball no local data for mimic-fn@https://registry.npmjs.org/mimic-fn/-/mimic-fn-2.1.0.tgz. Extracting by manifest.
493 silly tarball no local data for whatwg-url@https://registry.npmjs.org/whatwg-url/-/whatwg-url-5.0.0.tgz. Extracting by manifest.
494 silly tarball no local data for safer-buffer@https://registry.npmjs.org/safer-buffer/-/safer-buffer-2.1.2.tgz. Extracting by manifest.
495 silly tarball no local data for escape-string-regexp@https://registry.npmjs.org/escape-string-regexp/-/escape-string-regexp-1.0.5.tgz. Extracting by manifest.
496 silly tarball no local data for tmp@https://registry.npmjs.org/tmp/-/tmp-0.0.33.tgz. Extracting by manifest.
497 silly tarball no local data for iconv-lite@https://registry.npmjs.org/iconv-lite/-/iconv-lite-0.4.24.tgz. Extracting by manifest.
498 silly tarball no local data for chardet@https://registry.npmjs.org/chardet/-/chardet-0.7.0.tgz. Extracting by manifest.
499 silly tarball no local data for restore-cursor@https://registry.npmjs.org/restore-cursor/-/restore-cursor-3.1.0.tgz. Extracting by manifest.
500 silly tarball no local data for type-fest@https://registry.npmjs.org/type-fest/-/type-fest-0.21.3.tgz. Extracting by manifest.
501 silly tarball no local data for wrap-ansi@https://registry.npmjs.org/wrap-ansi/-/wrap-ansi-7.0.0.tgz. Extracting by manifest.
502 silly tarball no local data for through@https://registry.npmjs.org/through/-/through-2.3.8.tgz. Extracting by manifest.
503 silly tarball no local data for strip-ansi@https://registry.npmjs.org/strip-ansi/-/strip-ansi-6.0.1.tgz. Extracting by manifest.
504 silly tarball no local data for string-width@https://registry.npmjs.org/string-width/-/string-width-4.2.3.tgz. Extracting by manifest.
505 silly tarball no local data for rxjs@https://registry.npmjs.org/rxjs/-/rxjs-7.8.1.tgz. Extracting by manifest.
506 silly tarball no local data for run-async@https://registry.npmjs.org/run-async/-/run-async-2.4.1.tgz. Extracting by manifest.
507 silly tarball no local data for mute-stream@https://registry.npmjs.org/mute-stream/-/mute-stream-0.0.8.tgz. Extracting by manifest.
508 silly tarball no local data for figures@https://registry.npmjs.org/figures/-/figures-3.2.0.tgz. Extracting by manifest.
509 silly tarball no local data for external-editor@https://registry.npmjs.org/external-editor/-/external-editor-3.1.0.tgz. Extracting by manifest.
510 silly tarball no local data for ansi-escapes@https://registry.npmjs.org/ansi-escapes/-/ansi-escapes-4.3.2.tgz. Extracting by manifest.
511 silly tarball no local data for cli-width@https://registry.npmjs.org/cli-width/-/cli-width-3.0.0.tgz. Extracting by manifest.
512 silly tarball no local data for cli-cursor@https://registry.npmjs.org/cli-cursor/-/cli-cursor-3.1.0.tgz. Extracting by manifest.
513 silly tarball no local data for ms@https://registry.npmjs.org/ms/-/ms-2.1.2.tgz. Extracting by manifest.
514 silly tarball no local data for agent-base@https://registry.npmjs.org/agent-base/-/agent-base-6.0.2.tgz. Extracting by manifest.
515 silly tarball no local data for debug@https://registry.npmjs.org/debug/-/debug-4.3.4.tgz. Extracting by manifest.
516 silly tarball no local data for universalify@https://registry.npmjs.org/universalify/-/universalify-2.0.0.tgz. Extracting by manifest.
517 silly tarball no local data for jsonfile@https://registry.npmjs.org/jsonfile/-/jsonfile-6.1.0.tgz. Extracting by manifest.
518 silly tarball no local data for graceful-fs@https://registry.npmjs.org/graceful-fs/-/graceful-fs-4.2.11.tgz. Extracting by manifest.
519 silly tarball no local data for which@https://registry.npmjs.org/which/-/which-2.0.2.tgz. Extracting by manifest.
520 silly tarball no local data for shebang-command@https://registry.npmjs.org/shebang-command/-/shebang-command-2.0.0.tgz. Extracting by manifest.
521 silly tarball no local data for path-key@https://registry.npmjs.org/path-key/-/path-key-3.1.1.tgz. Extracting by manifest.
522 silly tarball no local data for strip-final-newline@https://registry.npmjs.org/strip-final-newline/-/strip-final-newline-2.0.0.tgz. Extracting by manifest.
523 silly tarball no local data for signal-exit@https://registry.npmjs.org/signal-exit/-/signal-exit-3.0.7.tgz. Extracting by manifest.
524 silly tarball no local data for onetime@https://registry.npmjs.org/onetime/-/onetime-5.1.2.tgz. Extracting by manifest.
525 silly tarball no local data for npm-run-path@https://registry.npmjs.org/npm-run-path/-/npm-run-path-4.0.1.tgz. Extracting by manifest.
526 silly tarball no local data for merge-stream@https://registry.npmjs.org/merge-stream/-/merge-stream-2.0.0.tgz. Extracting by manifest.
527 silly tarball no local data for is-stream@https://registry.npmjs.org/is-stream/-/is-stream-2.0.1.tgz. Extracting by manifest.
528 silly tarball no local data for human-signals@https://registry.npmjs.org/human-signals/-/human-signals-2.1.0.tgz. Extracting by manifest.
529 silly tarball no local data for get-stream@https://registry.npmjs.org/get-stream/-/get-stream-6.0.1.tgz. Extracting by manifest.
530 silly tarball no local data for cross-spawn@https://registry.npmjs.org/cross-spawn/-/cross-spawn-7.0.3.tgz. Extracting by manifest.
531 silly tarball no local data for color-convert@https://registry.npmjs.org/color-convert/-/color-convert-2.0.1.tgz. Extracting by manifest.
532 silly tarball no local data for supports-color@https://registry.npmjs.org/supports-color/-/supports-color-7.2.0.tgz. Extracting by manifest.
533 silly tarball no local data for @sentry/minimal@https://registry.npmjs.org/@sentry/minimal/-/minimal-6.19.7.tgz. Extracting by manifest.
534 silly tarball no local data for minipass@https://registry.npmjs.org/minipass/-/minipass-4.2.8.tgz. Extracting by manifest.
535 silly tarball no local data for ansi-styles@https://registry.npmjs.org/ansi-styles/-/ansi-styles-4.3.0.tgz. Extracting by manifest.
536 silly tarball no local data for color-name@https://registry.npmjs.org/color-name/-/color-name-1.1.4.tgz. Extracting by manifest.
537 silly tarball no local data for tslib@https://registry.npmjs.org/tslib/-/tslib-1.14.1.tgz. Extracting by manifest.
538 silly tarball no local data for lru_map@https://registry.npmjs.org/lru_map/-/lru_map-0.3.3.tgz. Extracting by manifest.
539 silly tarball no local data for https-proxy-agent@https://registry.npmjs.org/https-proxy-agent/-/https-proxy-agent-5.0.1.tgz. Extracting by manifest.
540 silly tarball no local data for cookie@https://registry.npmjs.org/cookie/-/cookie-0.4.2.tgz. Extracting by manifest.
541 silly tarball no local data for @sentry/utils@https://registry.npmjs.org/@sentry/utils/-/utils-6.19.7.tgz. Extracting by manifest.
542 silly tarball no local data for @sentry/types@https://registry.npmjs.org/@sentry/types/-/types-6.19.7.tgz. Extracting by manifest.
543 silly tarball no local data for @sentry/hub@https://registry.npmjs.org/@sentry/hub/-/hub-6.19.7.tgz. Extracting by manifest.
544 silly tarball no local data for semver@https://registry.npmjs.org/semver/-/semver-7.5.4.tgz. Extracting by manifest.
545 silly tarball no local data for @sentry/core@https://registry.npmjs.org/@sentry/core/-/core-6.19.7.tgz. Extracting by manifest.
546 silly tarball no local data for tar@https://registry.npmjs.org/tar/-/tar-6.1.13.tgz. Extracting by manifest.
547 silly tarball no local data for node-machine-id@https://registry.npmjs.org/node-machine-id/-/node-machine-id-1.1.12.tgz. Extracting by manifest.
548 silly tarball no local data for ora@https://registry.npmjs.org/ora/-/ora-5.4.1.tgz. Extracting by manifest.
549 silly tarball no local data for node-fetch@https://registry.npmjs.org/node-fetch/-/node-fetch-2.6.9.tgz. Extracting by manifest.
550 silly tarball no local data for lodash@https://registry.npmjs.org/lodash/-/lodash-4.17.21.tgz. Extracting by manifest.
551 silly tarball no local data for fs-extra@https://registry.npmjs.org/fs-extra/-/fs-extra-10.0.0.tgz. Extracting by manifest.
552 silly tarball no local data for execa@https://registry.npmjs.org/execa/-/execa-5.1.1.tgz. Extracting by manifest.
553 silly tarball no local data for chalk@https://registry.npmjs.org/chalk/-/chalk-4.1.2.tgz. Extracting by manifest.
554 silly tarball no local data for @sentry/node@https://registry.npmjs.org/@sentry/node/-/node-6.19.7.tgz. Extracting by manifest.
555 silly tarball no local data for inquirer@https://registry.npmjs.org/inquirer/-/inquirer-8.2.5.tgz. Extracting by manifest.
556 silly tarball no local data for commander@https://registry.npmjs.org/commander/-/commander-8.3.0.tgz. Extracting by manifest.
557 silly tarball no local data for @strapi/generate-new@https://registry.npmjs.org/@strapi/generate-new/-/generate-new-4.12.7.tgz. Extracting by manifest.
558 silly tarball no local data for minipass@https://registry.npmjs.org/minipass/-/minipass-3.3.6.tgz. Extracting by manifest.
559 silly tarball no local data for create-strapi-app@https://registry.npmjs.org/create-strapi-app/-/create-strapi-app-4.12.7.tgz. Extracting by manifest.
560 silly tarball no local data for tslib@https://registry.npmjs.org/tslib/-/tslib-2.6.2.tgz. Extracting by manifest.
561 silly tarball no local data for minipass@https://registry.npmjs.org/minipass/-/minipass-3.3.6.tgz. Extracting by manifest.
562 http fetch POST 200 https://registry.npmjs.org/-/npm/v1/security/advisories/bulk 246ms
563 timing auditReport:getReport Completed in 251ms
564 silly audit report {}
565 timing auditReport:init Completed in 0ms
566 timing reify:audit Completed in 252ms
567 http fetch GET 200 https://registry.npmjs.org/ansi-regex/-/ansi-regex-5.0.1.tgz 195ms (cache miss)
568 http fetch GET 200 https://registry.npmjs.org/chownr/-/chownr-2.0.0.tgz 201ms (cache miss)
569 timing reifyNode:node_modules/chownr Completed in 249ms
570 http fetch GET 200 https://registry.npmjs.org/mkdirp/-/mkdirp-1.0.4.tgz 208ms (cache miss)
571 http fetch GET 200 https://registry.npmjs.org/is-fullwidth-code-point/-/is-fullwidth-code-point-3.0.0.tgz 209ms (cache miss)
572 http fetch GET 200 https://registry.npmjs.org/isexe/-/isexe-2.0.0.tgz 219ms (cache miss)
573 http fetch GET 200 https://registry.npmjs.org/os-tmpdir/-/os-tmpdir-1.0.2.tgz 220ms (cache miss)
574 timing reifyNode:node_modules/os-tmpdir Completed in 265ms
575 http fetch GET 200 https://registry.npmjs.org/defaults/-/defaults-1.0.4.tgz 222ms (cache miss)
576 http fetch GET 200 https://registry.npmjs.org/fs-minipass/-/fs-minipass-2.1.0.tgz 224ms (cache miss)
577 timing reifyNode:node_modules/fs-minipass Completed in 272ms
578 http fetch GET 200 https://registry.npmjs.org/has-flag/-/has-flag-4.0.0.tgz 225ms (cache miss)
579 http fetch GET 200 https://registry.npmjs.org/minizlib/-/minizlib-2.1.2.tgz 238ms (cache miss)
580 timing reifyNode:node_modules/ansi-regex Completed in 285ms
581 timing reifyNode:node_modules/has-flag Completed in 294ms
582 http fetch GET 200 https://registry.npmjs.org/webidl-conversions/-/webidl-conversions-3.0.1.tgz 253ms (cache miss)
583 timing reifyNode:node_modules/webidl-conversions Completed in 296ms
584 timing reifyNode:node_modules/is-fullwidth-code-point Completed in 307ms
585 timing reifyNode:node_modules/defaults Completed in 310ms
586 http fetch GET 200 https://registry.npmjs.org/yallist/-/yallist-4.0.0.tgz 268ms (cache miss)
587 timing reifyNode:node_modules/minizlib Completed in 326ms
588 http fetch GET 200 https://registry.npmjs.org/shebang-regex/-/shebang-regex-3.0.0.tgz 281ms (cache miss)
589 http fetch GET 200 https://registry.npmjs.org/inherits/-/inherits-2.0.4.tgz 276ms (cache miss)
590 http fetch GET 200 https://registry.npmjs.org/clone/-/clone-1.0.4.tgz 290ms (cache miss)
591 http fetch GET 200 https://registry.npmjs.org/util-deprecate/-/util-deprecate-1.0.2.tgz 281ms (cache miss)
592 timing reifyNode:node_modules/shebang-regex Completed in 336ms
593 http fetch GET 200 https://registry.npmjs.org/lru-cache/-/lru-cache-6.0.0.tgz 286ms (cache miss)
594 timing reifyNode:node_modules/yallist Completed in 339ms
595 http fetch GET 200 https://registry.npmjs.org/ieee754/-/ieee754-1.2.1.tgz 291ms (cache miss)
596 timing reifyNode:node_modules/clone Completed in 348ms
597 timing reifyNode:node_modules/inherits Completed in 357ms
598 http fetch GET 200 https://registry.npmjs.org/is-unicode-supported/-/is-unicode-supported-0.1.0.tgz 299ms (cache miss)
599 timing reifyNode:node_modules/ieee754 Completed in 367ms
600 timing reifyNode:node_modules/lru-cache Completed in 367ms
601 http fetch GET 200 https://registry.npmjs.org/safe-buffer/-/safe-buffer-5.2.1.tgz 316ms (cache miss)
602 http fetch GET 200 https://registry.npmjs.org/wcwidth/-/wcwidth-1.0.1.tgz 310ms (cache miss)
603 timing reifyNode:node_modules/util-deprecate Completed in 379ms
604 http fetch GET 200 https://registry.npmjs.org/is-interactive/-/is-interactive-1.0.0.tgz 319ms (cache miss)
605 http fetch GET 200 https://registry.npmjs.org/string_decoder/-/string_decoder-1.3.0.tgz 330ms (cache miss)
606 timing reifyNode:node_modules/string_decoder Completed in 384ms
607 http fetch GET 200 https://registry.npmjs.org/mimic-fn/-/mimic-fn-2.1.0.tgz 323ms (cache miss)
608 http fetch GET 200 https://registry.npmjs.org/base64-js/-/base64-js-1.5.1.tgz 332ms (cache miss)
609 timing reifyNode:node_modules/safe-buffer Completed in 389ms
610 timing reifyNode:node_modules/isexe Completed in 392ms
611 http fetch GET 200 https://registry.npmjs.org/tr46/-/tr46-0.0.3.tgz 345ms (cache miss)
612 http fetch GET 200 https://registry.npmjs.org/bl/-/bl-4.1.0.tgz 332ms (cache miss)
613 http fetch GET 200 https://registry.npmjs.org/escape-string-regexp/-/escape-string-regexp-1.0.5.tgz 327ms (cache miss)
614 timing reifyNode:node_modules/escape-string-regexp Completed in 393ms
615 timing reifyNode:node_modules/is-unicode-supported Completed in 399ms
616 timing reifyNode:node_modules/base64-js Completed in 401ms
617 http fetch GET 200 https://registry.npmjs.org/log-symbols/-/log-symbols-4.1.0.tgz 414ms (cache miss)
618 timing reifyNode:node_modules/mimic-fn Completed in 475ms
619 timing reifyNode:node_modules/tr46 Completed in 479ms
620 http fetch GET 200 https://registry.npmjs.org/tmp/-/tmp-0.0.33.tgz 437ms (cache miss)
621 http fetch GET 200 https://registry.npmjs.org/safer-buffer/-/safer-buffer-2.1.2.tgz 439ms (cache miss)
622 http fetch GET 200 https://registry.npmjs.org/restore-cursor/-/restore-cursor-3.1.0.tgz 436ms (cache miss)
623 timing reifyNode:node_modules/is-interactive Completed in 504ms
624 http fetch GET 200 https://registry.npmjs.org/whatwg-url/-/whatwg-url-5.0.0.tgz 462ms (cache miss)
625 http fetch GET 200 https://registry.npmjs.org/buffer/-/buffer-5.7.1.tgz 474ms (cache miss)
626 timing reifyNode:node_modules/restore-cursor Completed in 531ms
627 timing reifyNode:node_modules/tmp Completed in 532ms
628 timing reifyNode:node_modules/buffer Completed in 544ms
629 http fetch GET 200 https://registry.npmjs.org/strip-ansi/-/strip-ansi-6.0.1.tgz 479ms (cache miss)
630 timing reifyNode:node_modules/log-symbols Completed in 551ms
631 http fetch GET 200 https://registry.npmjs.org/through/-/through-2.3.8.tgz 503ms (cache miss)
632 timing reifyNode:node_modules/mkdirp Completed in 607ms
633 http fetch GET 200 https://registry.npmjs.org/string-width/-/string-width-4.2.3.tgz 535ms (cache miss)
634 http fetch GET 200 https://registry.npmjs.org/run-async/-/run-async-2.4.1.tgz 534ms (cache miss)
635 timing reifyNode:node_modules/run-async Completed in 621ms
636 http fetch GET 200 https://registry.npmjs.org/emoji-regex/-/emoji-regex-8.0.0.tgz 572ms (cache miss)
637 timing reifyNode:node_modules/emoji-regex Completed in 623ms
638 timing reifyNode:node_modules/strip-ansi Completed in 622ms
639 timing reifyNode:node_modules/wcwidth Completed in 635ms
640 timing reifyNode:node_modules/safer-buffer Completed in 634ms
641 http fetch GET 200 https://registry.npmjs.org/figures/-/figures-3.2.0.tgz 569ms (cache miss)
642 timing reifyNode:node_modules/string-width Completed in 643ms
643 http fetch GET 200 https://registry.npmjs.org/wrap-ansi/-/wrap-ansi-7.0.0.tgz 581ms (cache miss)
644 timing reifyNode:node_modules/wrap-ansi Completed in 652ms
645 http fetch GET 200 https://registry.npmjs.org/shebang-command/-/shebang-command-2.0.0.tgz 572ms (cache miss)
646 http fetch GET 200 https://registry.npmjs.org/cli-spinners/-/cli-spinners-2.9.0.tgz 599ms (cache miss)
647 timing reifyNode:node_modules/cli-spinners Completed in 659ms
648 http fetch GET 200 https://registry.npmjs.org/external-editor/-/external-editor-3.1.0.tgz 586ms (cache miss)
649 http fetch GET 200 https://registry.npmjs.org/ms/-/ms-2.1.2.tgz 583ms (cache miss)
650 http fetch GET 200 https://registry.npmjs.org/cli-width/-/cli-width-3.0.0.tgz 585ms (cache miss)
651 http fetch GET 200 https://registry.npmjs.org/is-stream/-/is-stream-2.0.1.tgz 572ms (cache miss)
652 timing reifyNode:node_modules/ms Completed in 660ms
653 timing reifyNode:node_modules/figures Completed in 679ms
654 http fetch GET 200 https://registry.npmjs.org/mute-stream/-/mute-stream-0.0.8.tgz 606ms (cache miss)
655 timing reifyNode:node_modules/mute-stream Completed in 679ms
656 http fetch GET 200 https://registry.npmjs.org/universalify/-/universalify-2.0.0.tgz 600ms (cache miss)
657 timing reifyNode:node_modules/shebang-command Completed in 679ms
658 timing reifyNode:node_modules/universalify Completed in 680ms
659 http fetch GET 200 https://registry.npmjs.org/cli-cursor/-/cli-cursor-3.1.0.tgz 615ms (cache miss)
660 http fetch GET 200 https://registry.npmjs.org/npm-run-path/-/npm-run-path-4.0.1.tgz 604ms (cache miss)
661 http fetch GET 200 https://registry.npmjs.org/merge-stream/-/merge-stream-2.0.0.tgz 604ms (cache miss)
662 http fetch GET 200 https://registry.npmjs.org/graceful-fs/-/graceful-fs-4.2.11.tgz 613ms (cache miss)
663 timing reifyNode:node_modules/merge-stream Completed in 692ms
664 http fetch GET 200 https://registry.npmjs.org/color-convert/-/color-convert-2.0.1.tgz 602ms (cache miss)
665 http fetch GET 200 https://registry.npmjs.org/ansi-escapes/-/ansi-escapes-4.3.2.tgz 621ms (cache miss)
666 http fetch GET 200 https://registry.npmjs.org/debug/-/debug-4.3.4.tgz 619ms (cache miss)
667 http fetch GET 200 https://registry.npmjs.org/jsonfile/-/jsonfile-6.1.0.tgz 618ms (cache miss)
668 http fetch GET 200 https://registry.npmjs.org/agent-base/-/agent-base-6.0.2.tgz 619ms (cache miss)
669 http fetch GET 200 https://registry.npmjs.org/supports-color/-/supports-color-7.2.0.tgz 606ms (cache miss)
670 http fetch GET 200 https://registry.npmjs.org/get-stream/-/get-stream-6.0.1.tgz 608ms (cache miss)
671 http fetch GET 200 https://registry.npmjs.org/path-key/-/path-key-3.1.1.tgz 613ms (cache miss)
672 http fetch GET 200 https://registry.npmjs.org/strip-final-newline/-/strip-final-newline-2.0.0.tgz 618ms (cache miss)
673 timing reifyNode:node_modules/strip-final-newline Completed in 703ms
674 timing reifyNode:node_modules/cli-cursor Completed in 703ms
675 http fetch GET 200 https://registry.npmjs.org/onetime/-/onetime-5.1.2.tgz 617ms (cache miss)
676 http fetch GET 200 https://registry.npmjs.org/signal-exit/-/signal-exit-3.0.7.tgz 618ms (cache miss)
677 http fetch GET 200 https://registry.npmjs.org/human-signals/-/human-signals-2.1.0.tgz 616ms (cache miss)
678 timing reifyNode:node_modules/path-key Completed in 710ms
679 timing reifyNode:node_modules/ansi-escapes Completed in 710ms
680 timing reifyNode:node_modules/whatwg-url Completed in 715ms
681 timing reifyNode:node_modules/npm-run-path Completed in 714ms
682 timing reifyNode:node_modules/is-stream Completed in 714ms
683 timing reifyNode:node_modules/signal-exit Completed in 715ms
684 timing reifyNode:node_modules/onetime Completed in 715ms
685 http fetch GET 200 https://registry.npmjs.org/cookie/-/cookie-0.4.2.tgz 618ms (cache miss)
686 http fetch GET 200 https://registry.npmjs.org/lru_map/-/lru_map-0.3.3.tgz 620ms (cache miss)
687 timing reifyNode:node_modules/supports-color Completed in 720ms
688 http fetch GET 200 https://registry.npmjs.org/ansi-styles/-/ansi-styles-4.3.0.tgz 635ms (cache miss)
689 http fetch GET 200 https://registry.npmjs.org/which/-/which-2.0.2.tgz 649ms (cache miss)
690 http fetch GET 200 https://registry.npmjs.org/cross-spawn/-/cross-spawn-7.0.3.tgz 639ms (cache miss)
691 timing reifyNode:node_modules/bl Completed in 735ms
692 timing reifyNode:node_modules/jsonfile Completed in 737ms
693 timing reifyNode:node_modules/ansi-styles Completed in 738ms
694 http fetch GET 200 https://registry.npmjs.org/color-name/-/color-name-1.1.4.tgz 645ms (cache miss)
695 timing reifyNode:node_modules/color-name Completed in 739ms
696 timing reifyNode:node_modules/which Completed in 743ms
697 http fetch GET 200 https://registry.npmjs.org/ora/-/ora-5.4.1.tgz 642ms (cache miss)
698 timing reifyNode:node_modules/get-stream Completed in 747ms
699 http fetch GET 200 https://registry.npmjs.org/execa/-/execa-5.1.1.tgz 645ms (cache miss)
700 timing reifyNode:node_modules/cookie Completed in 751ms
701 http fetch GET 200 https://registry.npmjs.org/chardet/-/chardet-0.7.0.tgz 687ms (cache miss)
702 timing reifyNode:node_modules/graceful-fs Completed in 756ms
703 timing reifyNode:node_modules/debug Completed in 759ms
704 http fetch GET 200 https://registry.npmjs.org/minipass/-/minipass-4.2.8.tgz 672ms (cache miss)
705 timing reifyNode:node_modules/ora Completed in 764ms
706 timing reifyNode:node_modules/chardet Completed in 767ms
707 http fetch GET 200 https://registry.npmjs.org/minipass/-/minipass-3.3.6.tgz 656ms (cache miss)
708 timing reifyNode:node_modules/color-convert Completed in 769ms
709 http fetch GET 200 https://registry.npmjs.org/minipass/-/minipass-3.3.6.tgz 658ms (cache miss)
710 timing reifyNode:node_modules/minipass Completed in 775ms
711 http fetch GET 200 https://registry.npmjs.org/create-strapi-app/-/create-strapi-app-4.12.7.tgz 664ms (cache miss)
712 timing reifyNode:node_modules/through Completed in 780ms
713 timing reifyNode:node_modules/cli-width Completed in 783ms
714 timing reifyNode:node_modules/minizlib/node_modules/minipass Completed in 792ms
715 timing reifyNode:node_modules/fs-minipass/node_modules/minipass Completed in 794ms
716 http fetch GET 200 https://registry.npmjs.org/chalk/-/chalk-4.1.2.tgz 699ms (cache miss)
717 timing reifyNode:node_modules/agent-base Completed in 806ms
718 http fetch GET 200 https://registry.npmjs.org/node-fetch/-/node-fetch-2.6.9.tgz 703ms (cache miss)
719 timing reifyNode:node_modules/chalk Completed in 809ms
720 http fetch GET 200 https://registry.npmjs.org/https-proxy-agent/-/https-proxy-agent-5.0.1.tgz 715ms (cache miss)
721 timing reifyNode:node_modules/node-fetch Completed in 811ms
722 timing reifyNode:node_modules/cross-spawn Completed in 814ms
723 timing reifyNode:node_modules/https-proxy-agent Completed in 815ms
724 timing reifyNode:node_modules/lru_map Completed in 821ms
725 http fetch GET 200 https://registry.npmjs.org/tslib/-/tslib-1.14.1.tgz 739ms (cache miss)
726 timing reifyNode:node_modules/human-signals Completed in 834ms
727 http fetch GET 200 https://registry.npmjs.org/node-machine-id/-/node-machine-id-1.1.12.tgz 735ms (cache miss)
728 timing reifyNode:node_modules/tslib Completed in 838ms
729 timing reifyNode:node_modules/node-machine-id Completed in 841ms
730 timing reifyNode:node_modules/external-editor Completed in 846ms
731 timing reifyNode:node_modules/execa Completed in 848ms
732 timing reifyNode:node_modules/create-strapi-app Completed in 851ms
733 http fetch GET 200 https://registry.npmjs.org/commander/-/commander-8.3.0.tgz 747ms (cache miss)
734 http fetch GET 200 https://registry.npmjs.org/tslib/-/tslib-2.6.2.tgz 746ms (cache miss)
735 timing reifyNode:node_modules/commander Completed in 861ms
736 timing reifyNode:node_modules/rxjs/node_modules/tslib Completed in 865ms
737 http fetch GET 200 https://registry.npmjs.org/readable-stream/-/readable-stream-3.6.2.tgz 812ms (cache miss)
738 timing reifyNode:node_modules/readable-stream Completed in 870ms
739 http fetch GET 200 https://registry.npmjs.org/iconv-lite/-/iconv-lite-0.4.24.tgz 899ms (cache miss)
740 timing reifyNode:node_modules/iconv-lite Completed in 969ms
741 http fetch GET 200 https://registry.npmjs.org/inquirer/-/inquirer-8.2.5.tgz 875ms (cache miss)
742 http fetch GET 200 https://registry.npmjs.org/tar/-/tar-6.1.13.tgz 880ms (cache miss)
743 timing reifyNode:node_modules/inquirer Completed in 981ms
744 timing reifyNode:node_modules/tar Completed in 982ms
745 http fetch GET 200 https://registry.npmjs.org/type-fest/-/type-fest-0.21.3.tgz 937ms (cache miss)
746 timing reifyNode:node_modules/type-fest Completed in 1007ms
747 http fetch GET 200 https://registry.npmjs.org/fs-extra/-/fs-extra-10.0.0.tgz 904ms (cache miss)
748 timing reifyNode:node_modules/fs-extra Completed in 1008ms
749 http fetch GET 200 https://registry.npmjs.org/semver/-/semver-7.5.4.tgz 934ms (cache miss)
750 timing reifyNode:node_modules/semver Completed in 1034ms
751 http fetch GET 200 https://registry.npmjs.org/@sentry/hub/-/hub-6.19.7.tgz 973ms (cache miss)
752 timing reifyNode:node_modules/@sentry/hub Completed in 1074ms
753 http fetch GET 200 https://registry.npmjs.org/@sentry/minimal/-/minimal-6.19.7.tgz 1242ms (cache miss)
754 timing reifyNode:node_modules/@sentry/minimal Completed in 1336ms
755 http fetch GET 200 https://registry.npmjs.org/@sentry/node/-/node-6.19.7.tgz 1371ms (cache miss)
756 timing reifyNode:node_modules/@sentry/node Completed in 1477ms
757 http fetch GET 200 https://registry.npmjs.org/@sentry/utils/-/utils-6.19.7.tgz 1444ms (cache miss)
758 timing reifyNode:node_modules/@sentry/utils Completed in 1542ms
759 http fetch GET 200 https://registry.npmjs.org/@sentry/core/-/core-6.19.7.tgz 1488ms (cache miss)
760 timing reifyNode:node_modules/@sentry/core Completed in 1588ms
761 http fetch GET 200 https://registry.npmjs.org/@sentry/types/-/types-6.19.7.tgz 1543ms (cache miss)
762 timing reifyNode:node_modules/@sentry/types Completed in 1641ms
763 http fetch GET 200 https://registry.npmjs.org/@strapi/generate-new/-/generate-new-4.12.7.tgz 1548ms (cache miss)
764 timing reifyNode:node_modules/@strapi/generate-new Completed in 1659ms
765 http fetch GET 200 https://registry.npmjs.org/lodash/-/lodash-4.17.21.tgz 2166ms (cache miss)
766 timing reifyNode:node_modules/lodash Completed in 2268ms
767 http fetch GET 200 https://registry.npmjs.org/rxjs/-/rxjs-7.8.1.tgz 3523ms (cache miss)
768 timing reifyNode:node_modules/rxjs Completed in 3596ms
769 timing reify:unpack Completed in 3599ms
770 timing reify:unretire Completed in 0ms
771 timing build:queue Completed in 3ms
772 timing build:link:node_modules/create-strapi-app Completed in 7ms
773 timing build:link:node_modules/mkdirp Completed in 6ms
774 timing build:link:node_modules/which Completed in 6ms
775 timing build:link:node_modules/semver Completed in 6ms
776 timing build:link Completed in 7ms
777 timing build:deps Completed in 11ms
778 timing build Completed in 11ms
779 timing reify:build Completed in 11ms
780 timing reify:trash Completed in 0ms
781 timing reify:save Completed in 26ms
782 timing reify Completed in 8634ms
